{"meta": {"format": 3, "version": "7.13.0", "timestamp": "2026-01-05T18:56:41.034333", "branch_coverage": true, "show_contexts": false}, "files": {"src/control_plane/__init__.py": {"executed_lines": [1, 3], "summary": {"covered_lines": 1, "num_statements": 1, "percent_covered": 100.0, "percent_covered_display": "100", "missing_lines": 0, "excluded_lines": 0, "percent_statements_covered": 100.0, "percent_statements_covered_display": "100", "num_branches": 0, "num_partial_branches": 0, "covered_branches": 0, "missing_branches": 0, "percent_branches_covered": 100.0, "percent_branches_covered_display": "100"}, "missing_lines": [], "excluded_lines": [], "executed_branches": [], "missing_branches": [], "functions": {"": {"executed_lines": [1, 3], "summary": {"covered_lines": 1, "num_statements": 1, "percent_covered": 100.0, "percent_covered_display": "100", "missing_lines": 0, "excluded_lines": 0, "percent_statements_covered": 100.0, "percent_statements_covered_display": "100", "num_branches": 0, "num_partial_branches": 0, "covered_branches": 0, "missing_branches": 0, "percent_branches_covered": 100.0, "percent_branches_covered_display": "100"}, "missing_lines": [], "excluded_lines": [], "executed_branches": [], "missing_branches": []}}, "classes": {"": {"executed_lines": [1, 3], "summary": {"covered_lines": 1, "num_statements": 1, "percent_covered": 100.0, "percent_covered_display": "100", "missing_lines": 0, "excluded_lines": 0, "percent_statements_covered": 100.0, "percent_statements_covered_display": "100", "num_branches": 0, "num_partial_branches": 0, "covered_branches": 0, "missing_branches": 0, "percent_branches_covered": 100.0, "percent_branches_covered_display": "100"}, "missing_lines": [], "excluded_lines": [], "executed_branches": [], "missing_branches": []}}}, "src/control_plane/cache/__init__.py": {"executed_lines": [1, 3, 11], "summary": {"covered_lines": 2, "num_statements": 2, "percent_covered": 100.0, "percent_covered_display": "100", "missing_lines": 0, "excluded_lines": 0, "percent_statements_covered": 100.0, "percent_statements_covered_display": "100", "num_branches": 0, "num_partial_branches": 0, "covered_branches": 0, "missing_branches": 0, "percent_branches_covered": 100.0, "percent_branches_covered_display": "100"}, "missing_lines": [], "excluded_lines": [], "executed_branches": [], "missing_branches": [], "functions": {"": {"executed_lines": [1, 3, 11], "summary": {"covered_lines": 2, "num_statements": 2, "percent_covered": 100.0, "percent_covered_display": "100", "missing_lines": 0, "excluded_lines": 0, "percent_statements_covered": 100.0, "percent_statements_covered_display": "100", "num_branches": 0, "num_partial_branches": 0, "covered_branches": 0, "missing_branches": 0, "percent_branches_covered": 100.0, "percent_branches_covered_display": "100"}, "missing_lines": [], "excluded_lines": [], "executed_branches": [], "missing_branches": []}}, "classes": {"": {"executed_lines": [1, 3, 11], "summary": {"covered_lines": 2, "num_statements": 2, "percent_covered": 100.0, "percent_covered_display": "100", "missing_lines": 0, "excluded_lines": 0, "percent_statements_covered": 100.0, "percent_statements_covered_display": "100", "num_branches": 0, "num_partial_branches": 0, "covered_branches": 0, "missing_branches": 0, "percent_branches_covered": 100.0, "percent_branches_covered_display": "100"}, "missing_lines": [], "excluded_lines": [], "executed_branches": [], "missing_branches": []}}}, "src/control_plane/cache/schema_cache.py": {"executed_lines": [1, 3, 4, 5, 6, 8, 9, 15, 18, 19, 20, 22, 23, 24, 25, 26, 29, 30, 31, 33, 34, 35, 37, 38, 40, 42, 44, 45, 48, 49, 50, 52, 53, 55, 56, 58, 60, 62, 64, 65, 67, 72, 73, 74, 76, 77, 79, 80, 82, 84, 86, 87, 88, 89, 94, 95, 108, 110, 111, 112, 113, 114, 118, 127, 129, 141, 143, 156, 157, 159, 173, 174, 176, 192, 193, 196, 197, 198, 199, 200, 202, 204, 220, 221, 224, 225, 226, 227, 228, 231, 233, 242, 243, 248, 255, 266, 269, 270, 271, 275, 287, 288, 291, 292, 294, 295, 296, 298, 299, 302, 303, 304, 305, 306, 311, 312, 313, 314, 316, 318, 324], "summary": {"covered_lines": 115, "num_statements": 118, "percent_covered": 97.26027397260275, "percent_covered_display": "97", "missing_lines": 3, "excluded_lines": 0, "percent_statements_covered": 97.45762711864407, "percent_statements_covered_display": "97", "num_branches": 28, "num_partial_branches": 1, "covered_branches": 27, "missing_branches": 1, "percent_branches_covered": 96.42857142857143, "percent_branches_covered_display": "96"}, "missing_lines": [10, 11, 229], "excluded_lines": [], "executed_branches": [[64, 65], [64, 67], [87, 88], [87, 89], [196, 197], [196, 202], [197, 196], [197, 198], [199, 196], [199, 200], [224, 225], [224, 231], [225, 224], [225, 226], [226, 224], [226, 227], [228, 226], [294, 295], [294, 311], [295, 294], [295, 296], [296, 295], [296, 298], [302, 296], [302, 303], [304, 305], [304, 306]], "missing_branches": [[228, 229]], "functions": {"Table.column_count": {"executed_lines": [40], "summary": {"covered_lines": 1, "num_statements": 1, "percent_covered": 100.0, "percent_covered_display": "100", "missing_lines": 0, "excluded_lines": 0, "percent_statements_covered": 100.0, "percent_statements_covered_display": "100", "num_branches": 0, "num_partial_branches": 0, "covered_branches": 0, "missing_branches": 0, "percent_branches_covered": 100.0, "percent_branches_covered_display": "100"}, "missing_lines": [], "excluded_lines": [], "executed_branches": [], "missing_branches": []}, "Table.get_column": {"executed_lines": [44, 45], "summary": {"covered_lines": 2, "num_statements": 2, "percent_covered": 100.0, "percent_covered_display": "100", "missing_lines": 0, "excluded_lines": 0, "percent_statements_covered": 100.0, "percent_statements_covered_display": "100", "num_branches": 0, "num_partial_branches": 0, "covered_branches": 0, "missing_branches": 0, "percent_branches_covered": 100.0, "percent_branches_covered_display": "100"}, "missing_lines": [], "excluded_lines": [], "executed_branches": [], "missing_branches": []}, "Schema.table_count": {"executed_lines": [58], "summary": {"covered_lines": 1, "num_statements": 1, "percent_covered": 100.0, "percent_covered_display": "100", "missing_lines": 0, "excluded_lines": 0, "percent_statements_covered": 100.0, "percent_statements_covered_display": "100", "num_branches": 0, "num_partial_branches": 0, "covered_branches": 0, "missing_branches": 0, "percent_branches_covered": 100.0, "percent_branches_covered_display": "100"}, "missing_lines": [], "excluded_lines": [], "executed_branches": [], "missing_branches": []}, "Schema.get_table": {"executed_lines": [62, 64, 65, 67], "summary": {"covered_lines": 4, "num_statements": 4, "percent_covered": 100.0, "percent_covered_display": "100", "missing_lines": 0, "excluded_lines": 0, "percent_statements_covered": 100.0, "percent_statements_covered_display": "100", "num_branches": 2, "num_partial_branches": 0, "covered_branches": 2, "missing_branches": 0, "percent_branches_covered": 100.0, "percent_branches_covered_display": "100"}, "missing_lines": [], "excluded_lines": [], "executed_branches": [[64, 65], [64, 67]], "missing_branches": []}, "Catalog.schema_count": {"executed_lines": [82], "summary": {"covered_lines": 1, "num_statements": 1, "percent_covered": 100.0, "percent_covered_display": "100", "missing_lines": 0, "excluded_lines": 0, "percent_statements_covered": 100.0, "percent_statements_covered_display": "100", "num_branches": 0, "num_partial_branches": 0, "covered_branches": 0, "missing_branches": 0, "percent_branches_covered": 100.0, "percent_branches_covered_display": "100"}, "missing_lines": [], "excluded_lines": [], "executed_branches": [], "missing_branches": []}, "Catalog.get_schema": {"executed_lines": [86, 87, 88, 89], "summary": {"covered_lines": 4, "num_statements": 4, "percent_covered": 100.0, "percent_covered_display": "100", "missing_lines": 0, "excluded_lines": 0, "percent_statements_covered": 100.0, "percent_statements_covered_display": "100", "num_branches": 2, "num_partial_branches": 0, "covered_branches": 2, "missing_branches": 0, "percent_branches_covered": 100.0, "percent_branches_covered_display": "100"}, "missing_lines": [], "excluded_lines": [], "executed_branches": [[87, 88], [87, 89]], "missing_branches": []}, "SchemaMetadataCache.__init__": {"executed_lines": [110, 111, 112, 113, 114], "summary": {"covered_lines": 5, "num_statements": 5, "percent_covered": 100.0, "percent_covered_display": "100", "missing_lines": 0, "excluded_lines": 0, "percent_statements_covered": 100.0, "percent_statements_covered_display": "100", "num_branches": 0, "num_partial_branches": 0, "covered_branches": 0, "missing_branches": 0, "percent_branches_covered": 100.0, "percent_branches_covered_display": "100"}, "missing_lines": [], "excluded_lines": [], "executed_branches": [], "missing_branches": []}, "SchemaMetadataCache.list_catalogs": {"executed_lines": [127], "summary": {"covered_lines": 1, "num_statements": 1, "percent_covered": 100.0, "percent_covered_display": "100", "missing_lines": 0, "excluded_lines": 0, "percent_statements_covered": 100.0, "percent_statements_covered_display": "100", "num_branches": 0, "num_partial_branches": 0, "covered_branches": 0, "missing_branches": 0, "percent_branches_covered": 100.0, "percent_branches_covered_display": "100"}, "missing_lines": [], "excluded_lines": [], "executed_branches": [], "missing_branches": []}, "SchemaMetadataCache.get_catalog": {"executed_lines": [141], "summary": {"covered_lines": 1, "num_statements": 1, "percent_covered": 100.0, "percent_covered_display": "100", "missing_lines": 0, "excluded_lines": 0, "percent_statements_covered": 100.0, "percent_statements_covered_display": "100", "num_branches": 0, "num_partial_branches": 0, "covered_branches": 0, "missing_branches": 0, "percent_branches_covered": 100.0, "percent_branches_covered_display": "100"}, "missing_lines": [], "excluded_lines": [], "executed_branches": [], "missing_branches": []}, "SchemaMetadataCache.get_schema": {"executed_lines": [156, 157], "summary": {"covered_lines": 2, "num_statements": 2, "percent_covered": 100.0, "percent_covered_display": "100", "missing_lines": 0, "excluded_lines": 0, "percent_statements_covered": 100.0, "percent_statements_covered_display": "100", "num_branches": 0, "num_partial_branches": 0, "covered_branches": 0, "missing_branches": 0, "percent_branches_covered": 100.0, "percent_branches_covered_display": "100"}, "missing_lines": [], "excluded_lines": [], "executed_branches": [], "missing_branches": []}, "SchemaMetadataCache.get_table": {"executed_lines": [173, 174], "summary": {"covered_lines": 2, "num_statements": 2, "percent_covered": 100.0, "percent_covered_display": "100", "missing_lines": 0, "excluded_lines": 0, "percent_statements_covered": 100.0, "percent_statements_covered_display": "100", "num_branches": 0, "num_partial_branches": 0, "covered_branches": 0, "missing_branches": 0, "percent_branches_covered": 100.0, "percent_branches_covered_display": "100"}, "missing_lines": [], "excluded_lines": [], "executed_branches": [], "missing_branches": []}, "SchemaMetadataCache.search_tables": {"executed_lines": [192, 193, 196, 197, 198, 199, 200, 202], "summary": {"covered_lines": 8, "num_statements": 8, "percent_covered": 100.0, "percent_covered_display": "100", "missing_lines": 0, "excluded_lines": 0, "percent_statements_covered": 100.0, "percent_statements_covered_display": "100", "num_branches": 6, "num_partial_branches": 0, "covered_branches": 6, "missing_branches": 0, "percent_branches_covered": 100.0, "percent_branches_covered_display": "100"}, "missing_lines": [], "excluded_lines": [], "executed_branches": [[196, 197], [196, 202], [197, 196], [197, 198], [199, 196], [199, 200]], "missing_branches": []}, "SchemaMetadataCache.search_columns": {"executed_lines": [220, 221, 224, 225, 226, 227, 228, 231], "summary": {"covered_lines": 8, "num_statements": 9, "percent_covered": 88.23529411764706, "percent_covered_display": "88", "missing_lines": 1, "excluded_lines": 0, "percent_statements_covered": 88.88888888888889, "percent_statements_covered_display": "89", "num_branches": 8, "num_partial_branches": 1, "covered_branches": 7, "missing_branches": 1, "percent_branches_covered": 87.5, "percent_branches_covered_display": "88"}, "missing_lines": [229], "excluded_lines": [], "executed_branches": [[224, 225], [224, 231], [225, 224], [225, 226], [226, 224], [226, 227], [228, 226]], "missing_branches": [[228, 229]]}, "SchemaMetadataCache.get_stats": {"executed_lines": [242, 243, 248, 255], "summary": {"covered_lines": 4, "num_statements": 4, "percent_covered": 100.0, "percent_covered_display": "100", "missing_lines": 0, "excluded_lines": 0, "percent_statements_covered": 100.0, "percent_statements_covered_display": "100", "num_branches": 0, "num_partial_branches": 0, "covered_branches": 0, "missing_branches": 0, "percent_branches_covered": 100.0, "percent_branches_covered_display": "100"}, "missing_lines": [], "excluded_lines": [], "executed_branches": [], "missing_branches": []}, "SchemaMetadataCache._estimate_index_size": {"executed_lines": [269, 270, 271], "summary": {"covered_lines": 3, "num_statements": 3, "percent_covered": 100.0, "percent_covered_display": "100", "missing_lines": 0, "excluded_lines": 0, "percent_statements_covered": 100.0, "percent_statements_covered_display": "100", "num_branches": 0, "num_partial_branches": 0, "covered_branches": 0, "missing_branches": 0, "percent_branches_covered": 100.0, "percent_branches_covered_display": "100"}, "missing_lines": [], "excluded_lines": [], "executed_branches": [], "missing_branches": []}, "SchemaMetadataCache.refresh": {"executed_lines": [287, 288, 291, 292, 294, 295, 296, 298, 299, 302, 303, 304, 305, 306, 311, 312, 313, 314, 316], "summary": {"covered_lines": 19, "num_statements": 19, "percent_covered": 100.0, "percent_covered_display": "100", "missing_lines": 0, "excluded_lines": 0, "percent_statements_covered": 100.0, "percent_statements_covered_display": "100", "num_branches": 10, "num_partial_branches": 0, "covered_branches": 10, "missing_branches": 0, "percent_branches_covered": 100.0, "percent_branches_covered_display": "100"}, "missing_lines": [], "excluded_lines": [], "executed_branches": [[294, 295], [294, 311], [295, 294], [295, 296], [296, 295], [296, 298], [302, 296], [302, 303], [304, 305], [304, 306]], "missing_branches": []}, "SchemaMetadataCache.clear": {"executed_lines": [324], "summary": {"covered_lines": 1, "num_statements": 1, "percent_covered": 100.0, "percent_covered_display": "100", "missing_lines": 0, "excluded_lines": 0, "percent_statements_covered": 100.0, "percent_statements_covered_display": "100", "num_branches": 0, "num_partial_branches": 0, "covered_branches": 0, "missing_branches": 0, "percent_branches_covered": 100.0, "percent_branches_covered_display": "100"}, "missing_lines": [], "excluded_lines": [], "executed_branches": [], "missing_branches": []}, "": {"executed_lines": [1, 3, 4, 5, 6, 8, 9, 15, 18, 19, 20, 22, 23, 24, 25, 26, 29, 30, 31, 33, 34, 35, 37, 38, 42, 48, 49, 50, 52, 53, 55, 56, 60, 72, 73, 74, 76, 77, 79, 80, 84, 94, 95, 108, 118, 129, 143, 159, 176, 204, 233, 266, 275, 318], "summary": {"covered_lines": 48, "num_statements": 50, "percent_covered": 96.0, "percent_covered_display": "96", "missing_lines": 2, "excluded_lines": 0, "percent_statements_covered": 96.0, "percent_statements_covered_display": "96", "num_branches": 0, "num_partial_branches": 0, "covered_branches": 0, "missing_branches": 0, "percent_branches_covered": 100.0, "percent_branches_covered_display": "100"}, "missing_lines": [10, 11], "excluded_lines": [], "executed_branches": [], "missing_branches": []}}, "classes": {"Column": {"executed_lines": [], "summary": {"covered_lines": 0, "num_statements": 0, "percent_covered": 100.0, "percent_covered_display": "100", "missing_lines": 0, "excluded_lines": 0, "percent_statements_covered": 100.0, "percent_statements_covered_display": "100", "num_branches": 0, "num_partial_branches": 0, "covered_branches": 0, "missing_branches": 0, "percent_branches_covered": 100.0, "percent_branches_covered_display": "100"}, "missing_lines": [], "excluded_lines": [], "executed_branches": [], "missing_branches": []}, "Table": {"executed_lines": [40, 44, 45], "summary": {"covered_lines": 3, "num_statements": 3, "percent_covered": 100.0, "percent_covered_display": "100", "missing_lines": 0, "excluded_lines": 0, "percent_statements_covered": 100.0, "percent_statements_covered_display": "100", "num_branches": 0, "num_partial_branches": 0, "covered_branches": 0, "missing_branches": 0, "percent_branches_covered": 100.0, "percent_branches_covered_display": "100"}, "missing_lines": [], "excluded_lines": [], "executed_branches": [], "missing_branches": []}, "Schema": {"executed_lines": [58, 62, 64, 65, 67], "summary": {"covered_lines": 5, "num_statements": 5, "percent_covered": 100.0, "percent_covered_display": "100", "missing_lines": 0, "excluded_lines": 0, "percent_statements_covered": 100.0, "percent_statements_covered_display": "100", "num_branches": 2, "num_partial_branches": 0, "covered_branches": 2, "missing_branches": 0, "percent_branches_covered": 100.0, "percent_branches_covered_display": "100"}, "missing_lines": [], "excluded_lines": [], "executed_branches": [[64, 65], [64, 67]], "missing_branches": []}, "Catalog": {"executed_lines": [82, 86, 87, 88, 89], "summary": {"covered_lines": 5, "num_statements": 5, "percent_covered": 100.0, "percent_covered_display": "100", "missing_lines": 0, "excluded_lines": 0, "percent_statements_covered": 100.0, "percent_statements_covered_display": "100", "num_branches": 2, "num_partial_branches": 0, "covered_branches": 2, "missing_branches": 0, "percent_branches_covered": 100.0, "percent_branches_covered_display": "100"}, "missing_lines": [], "excluded_lines": [], "executed_branches": [[87, 88], [87, 89]], "missing_branches": []}, "SchemaMetadataCache": {"executed_lines": [110, 111, 112, 113, 114, 127, 141, 156, 157, 173, 174, 192, 193, 196, 197, 198, 199, 200, 202, 220, 221, 224, 225, 226, 227, 228, 231, 242, 243, 248, 255, 269, 270, 271, 287, 288, 291, 292, 294, 295, 296, 298, 299, 302, 303, 304, 305, 306, 311, 312, 313, 314, 316, 324], "summary": {"covered_lines": 54, "num_statements": 55, "percent_covered": 97.46835443037975, "percent_covered_display": "97", "missing_lines": 1, "excluded_lines": 0, "percent_statements_covered": 98.18181818181819, "percent_statements_covered_display": "98", "num_branches": 24, "num_partial_branches": 1, "covered_branches": 23, "missing_branches": 1, "percent_branches_covered": 95.83333333333333, "percent_branches_covered_display": "96"}, "missing_lines": [229], "excluded_lines": [], "executed_branches": [[196, 197], [196, 202], [197, 196], [197, 198], [199, 196], [199, 200], [224, 225], [224, 231], [225, 224], [225, 226], [226, 224], [226, 227], [228, 226], [294, 295], [294, 311], [295, 294], [295, 296], [296, 295], [296, 298], [302, 296], [302, 303], [304, 305], [304, 306]], "missing_branches": [[228, 229]]}, "": {"executed_lines": [1, 3, 4, 5, 6, 8, 9, 15, 18, 19, 20, 22, 23, 24, 25, 26, 29, 30, 31, 33, 34, 35, 37, 38, 42, 48, 49, 50, 52, 53, 55, 56, 60, 72, 73, 74, 76, 77, 79, 80, 84, 94, 95, 108, 118, 129, 143, 159, 176, 204, 233, 266, 275, 318], "summary": {"covered_lines": 48, "num_statements": 50, "percent_covered": 96.0, "percent_covered_display": "96", "missing_lines": 2, "excluded_lines": 0, "percent_statements_covered": 96.0, "percent_statements_covered_display": "96", "num_branches": 0, "num_partial_branches": 0, "covered_branches": 0, "missing_branches": 0, "percent_branches_covered": 100.0, "percent_branches_covered_display": "100"}, "missing_lines": [10, 11], "excluded_lines": [], "executed_branches": [], "missing_branches": []}}}, "src/control_plane/clients/__init__.py": {"executed_lines": [1, 3, 4, 11], "summary": {"covered_lines": 3, "num_statements": 3, "percent_covered": 100.0, "percent_covered_display": "100", "missing_lines": 0, "excluded_lines": 0, "percent_statements_covered": 100.0, "percent_statements_covered_display": "100", "num_branches": 0, "num_partial_branches": 0, "covered_branches": 0, "missing_branches": 0, "percent_branches_covered": 100.0, "percent_branches_covered_display": "100"}, "missing_lines": [], "excluded_lines": [], "executed_branches": [], "missing_branches": [], "functions": {"": {"executed_lines": [1, 3, 4, 11], "summary": {"covered_lines": 3, "num_statements": 3, "percent_covered": 100.0, "percent_covered_display": "100", "missing_lines": 0, "excluded_lines": 0, "percent_statements_covered": 100.0, "percent_statements_covered_display": "100", "num_branches": 0, "num_partial_branches": 0, "covered_branches": 0, "missing_branches": 0, "percent_branches_covered": 100.0, "percent_branches_covered_display": "100"}, "missing_lines": [], "excluded_lines": [], "executed_branches": [], "missing_branches": []}}, "classes": {"": {"executed_lines": [1, 3, 4, 11], "summary": {"covered_lines": 3, "num_statements": 3, "percent_covered": 100.0, "percent_covered_display": "100", "missing_lines": 0, "excluded_lines": 0, "percent_statements_covered": 100.0, "percent_statements_covered_display": "100", "num_branches": 0, "num_partial_branches": 0, "covered_branches": 0, "missing_branches": 0, "percent_branches_covered": 100.0, "percent_branches_covered_display": "100"}, "missing_lines": [], "excluded_lines": [], "executed_branches": [], "missing_branches": []}}}, "src/control_plane/clients/gcs.py": {"executed_lines": [1, 6, 8, 9, 10, 11, 18, 21, 22, 24, 60, 65, 109, 110], "summary": {"covered_lines": 12, "num_statements": 51, "percent_covered": 19.672131147540984, "percent_covered_display": "20", "missing_lines": 39, "excluded_lines": 0, "percent_statements_covered": 23.529411764705884, "percent_statements_covered_display": "24", "num_branches": 10, "num_partial_branches": 0, "covered_branches": 0, "missing_branches": 10, "percent_branches_covered": 0.0, "percent_branches_covered_display": "0"}, "missing_lines": [31, 32, 33, 35, 37, 39, 42, 43, 46, 47, 49, 51, 56, 58, 77, 79, 81, 82, 83, 85, 86, 88, 89, 90, 91, 93, 99, 101, 102, 107, 122, 123, 125, 126, 127, 128, 131, 132, 134], "excluded_lines": [], "executed_branches": [], "missing_branches": [[35, 37], [35, 58], [46, 47], [46, 49], [88, 89], [88, 93], [122, 123], [122, 125], [131, 132], [131, 134]], "functions": {"GCSClient.__init__": {"executed_lines": [], "summary": {"covered_lines": 0, "num_statements": 13, "percent_covered": 0.0, "percent_covered_display": "0", "missing_lines": 13, "excluded_lines": 0, "percent_statements_covered": 0.0, "percent_statements_covered_display": "0", "num_branches": 4, "num_partial_branches": 0, "covered_branches": 0, "missing_branches": 4, "percent_branches_covered": 0.0, "percent_branches_covered_display": "0"}, "missing_lines": [31, 32, 33, 35, 37, 39, 42, 46, 47, 49, 51, 56, 58], "excluded_lines": [], "executed_branches": [], "missing_branches": [[35, 37], [35, 58], [46, 47], [46, 49]]}, "GCSClient.__init__.AnonymousCredentials.refresh": {"executed_lines": [], "summary": {"covered_lines": 0, "num_statements": 1, "percent_covered": 0.0, "percent_covered_display": "0", "missing_lines": 1, "excluded_lines": 0, "percent_statements_covered": 0.0, "percent_statements_covered_display": "0", "num_branches": 0, "num_partial_branches": 0, "covered_branches": 0, "missing_branches": 0, "percent_branches_covered": 100.0, "percent_branches_covered_display": "100"}, "missing_lines": [43], "excluded_lines": [], "executed_branches": [], "missing_branches": []}, "GCSClient.delete_path": {"executed_lines": [], "summary": {"covered_lines": 0, "num_statements": 16, "percent_covered": 0.0, "percent_covered_display": "0", "missing_lines": 16, "excluded_lines": 0, "percent_statements_covered": 0.0, "percent_statements_covered_display": "0", "num_branches": 2, "num_partial_branches": 0, "covered_branches": 0, "missing_branches": 2, "percent_branches_covered": 0.0, "percent_branches_covered_display": "0"}, "missing_lines": [77, 79, 81, 82, 83, 85, 86, 88, 89, 90, 91, 93, 99, 101, 102, 107], "excluded_lines": [], "executed_branches": [], "missing_branches": [[88, 89], [88, 93]]}, "GCSClient._parse_gcs_path": {"executed_lines": [], "summary": {"covered_lines": 0, "num_statements": 9, "percent_covered": 0.0, "percent_covered_display": "0", "missing_lines": 9, "excluded_lines": 0, "percent_statements_covered": 0.0, "percent_statements_covered_display": "0", "num_branches": 4, "num_partial_branches": 0, "covered_branches": 0, "missing_branches": 4, "percent_branches_covered": 0.0, "percent_branches_covered_display": "0"}, "missing_lines": [122, 123, 125, 126, 127, 128, 131, 132, 134], "excluded_lines": [], "executed_branches": [], "missing_branches": [[122, 123], [122, 125], [131, 132], [131, 134]]}, "": {"executed_lines": [1, 6, 8, 9, 10, 11, 18, 21, 22, 24, 60, 65, 109, 110], "summary": {"covered_lines": 12, "num_statements": 12, "percent_covered": 100.0, "percent_covered_display": "100", "missing_lines": 0, "excluded_lines": 0, "percent_statements_covered": 100.0, "percent_statements_covered_display": "100", "num_branches": 0, "num_partial_branches": 0, "covered_branches": 0, "missing_branches": 0, "percent_branches_covered": 100.0, "percent_branches_covered_display": "100"}, "missing_lines": [], "excluded_lines": [], "executed_branches": [], "missing_branches": []}}, "classes": {"GCSClient": {"executed_lines": [], "summary": {"covered_lines": 0, "num_statements": 38, "percent_covered": 0.0, "percent_covered_display": "0", "missing_lines": 38, "excluded_lines": 0, "percent_statements_covered": 0.0, "percent_statements_covered_display": "0", "num_branches": 10, "num_partial_branches": 0, "covered_branches": 0, "missing_branches": 10, "percent_branches_covered": 0.0, "percent_branches_covered_display": "0"}, "missing_lines": [31, 32, 33, 35, 37, 39, 42, 46, 47, 49, 51, 56, 58, 77, 79, 81, 82, 83, 85, 86, 88, 89, 90, 91, 93, 99, 101, 102, 107, 122, 123, 125, 126, 127, 128, 131, 132, 134], "excluded_lines": [], "executed_branches": [], "missing_branches": [[35, 37], [35, 58], [46, 47], [46, 49], [88, 89], [88, 93], [122, 123], [122, 125], [131, 132], [131, 134]]}, "GCSClient.__init__.AnonymousCredentials": {"executed_lines": [], "summary": {"covered_lines": 0, "num_statements": 1, "percent_covered": 0.0, "percent_covered_display": "0", "missing_lines": 1, "excluded_lines": 0, "percent_statements_covered": 0.0, "percent_statements_covered_display": "0", "num_branches": 0, "num_partial_branches": 0, "covered_branches": 0, "missing_branches": 0, "percent_branches_covered": 100.0, "percent_branches_covered_display": "100"}, "missing_lines": [43], "excluded_lines": [], "executed_branches": [], "missing_branches": []}, "": {"executed_lines": [1, 6, 8, 9, 10, 11, 18, 21, 22, 24, 60, 65, 109, 110], "summary": {"covered_lines": 12, "num_statements": 12, "percent_covered": 100.0, "percent_covered_display": "100", "missing_lines": 0, "excluded_lines": 0, "percent_statements_covered": 100.0, "percent_statements_covered_display": "100", "num_branches": 0, "num_partial_branches": 0, "covered_branches": 0, "missing_branches": 0, "percent_branches_covered": 100.0, "percent_branches_covered_display": "100"}, "missing_lines": [], "excluded_lines": [], "executed_branches": [], "missing_branches": []}}}, "src/control_plane/clients/starburst_metadata.py": {"executed_lines": [1, 3, 5, 7, 8, 9, 16, 18, 21, 22, 29, 47, 48, 49, 50, 51, 52, 54, 55, 64, 71, 73, 78, 80, 82, 83, 84, 86, 88, 92, 98, 114, 115, 117, 120, 126, 127, 132, 133, 134, 135, 136, 138, 141, 142, 145, 146, 147, 148, 149, 151, 154, 155, 157, 158, 160, 161, 162, 163, 164, 166, 169, 170, 171, 172, 175, 178, 180, 181, 183, 184, 186, 195, 196, 198, 208, 214, 216, 226, 232, 234, 247, 260, 263, 264, 266, 269, 270, 272, 275, 276, 278], "summary": {"covered_lines": 87, "num_statements": 90, "percent_covered": 94.64285714285714, "percent_covered_display": "95", "missing_lines": 3, "excluded_lines": 0, "percent_statements_covered": 96.66666666666667, "percent_statements_covered_display": "97", "num_branches": 22, "num_partial_branches": 3, "covered_branches": 19, "missing_branches": 3, "percent_branches_covered": 86.36363636363636, "percent_branches_covered_display": "86"}, "missing_lines": [89, 90, 176], "excluded_lines": [], "executed_branches": [[82, 83], [88, -86], [114, 115], [114, 117], [141, 142], [141, 145], [146, 147], [146, 151], [148, 149], [148, 151], [157, 158], [157, 180], [169, 170], [169, 175], [171, 172], [171, 175], [175, 178], [180, 181], [180, 183]], "missing_branches": [[82, -80], [88, 89], [175, 176]], "functions": {"StarburstMetadataClient.__init__": {"executed_lines": [47, 48, 49, 50, 51, 52], "summary": {"covered_lines": 6, "num_statements": 6, "percent_covered": 100.0, "percent_covered_display": "100", "missing_lines": 0, "excluded_lines": 0, "percent_statements_covered": 100.0, "percent_statements_covered_display": "100", "num_branches": 0, "num_partial_branches": 0, "covered_branches": 0, "missing_branches": 0, "percent_branches_covered": 100.0, "percent_branches_covered_display": "100"}, "missing_lines": [], "excluded_lines": [], "executed_branches": [], "missing_branches": []}, "StarburstMetadataClient.from_config": {"executed_lines": [64], "summary": {"covered_lines": 1, "num_statements": 1, "percent_covered": 100.0, "percent_covered_display": "100", "missing_lines": 0, "excluded_lines": 0, "percent_statements_covered": 100.0, "percent_statements_covered_display": "100", "num_branches": 0, "num_partial_branches": 0, "covered_branches": 0, "missing_branches": 0, "percent_branches_covered": 100.0, "percent_branches_covered_display": "100"}, "missing_lines": [], "excluded_lines": [], "executed_branches": [], "missing_branches": []}, "StarburstMetadataClient.__aenter__": {"executed_lines": [73, 78], "summary": {"covered_lines": 2, "num_statements": 2, "percent_covered": 100.0, "percent_covered_display": "100", "missing_lines": 0, "excluded_lines": 0, "percent_statements_covered": 100.0, "percent_statements_covered_display": "100", "num_branches": 0, "num_partial_branches": 0, "covered_branches": 0, "missing_branches": 0, "percent_branches_covered": 100.0, "percent_branches_covered_display": "100"}, "missing_lines": [], "excluded_lines": [], "executed_branches": [], "missing_branches": []}, "StarburstMetadataClient.__aexit__": {"executed_lines": [82, 83, 84], "summary": {"covered_lines": 3, "num_statements": 3, "percent_covered": 80.0, "percent_covered_display": "80", "missing_lines": 0, "excluded_lines": 0, "percent_statements_covered": 100.0, "percent_statements_covered_display": "100", "num_branches": 2, "num_partial_branches": 1, "covered_branches": 1, "missing_branches": 1, "percent_branches_covered": 50.0, "percent_branches_covered_display": "50"}, "missing_lines": [], "excluded_lines": [], "executed_branches": [[82, 83]], "missing_branches": [[82, -80]]}, "StarburstMetadataClient.close": {"executed_lines": [88], "summary": {"covered_lines": 1, "num_statements": 3, "percent_covered": 40.0, "percent_covered_display": "40", "missing_lines": 2, "excluded_lines": 0, "percent_statements_covered": 33.333333333333336, "percent_statements_covered_display": "33", "num_branches": 2, "num_partial_branches": 1, "covered_branches": 1, "missing_branches": 1, "percent_branches_covered": 50.0, "percent_branches_covered_display": "50"}, "missing_lines": [89, 90], "excluded_lines": [], "executed_branches": [[88, -86]], "missing_branches": [[88, 89]]}, "StarburstMetadataClient.execute_query": {"executed_lines": [114, 115, 117, 120, 126, 127, 132, 133, 134, 135, 136, 138, 141, 142, 145, 146, 147, 148, 149, 151, 154, 155, 157, 158, 160, 161, 162, 163, 164, 166, 169, 170, 171, 172, 175, 178, 180, 181, 183, 184], "summary": {"covered_lines": 40, "num_statements": 41, "percent_covered": 96.61016949152543, "percent_covered_display": "97", "missing_lines": 1, "excluded_lines": 0, "percent_statements_covered": 97.5609756097561, "percent_statements_covered_display": "98", "num_branches": 18, "num_partial_branches": 1, "covered_branches": 17, "missing_branches": 1, "percent_branches_covered": 94.44444444444444, "percent_branches_covered_display": "94"}, "missing_lines": [176], "excluded_lines": [], "executed_branches": [[114, 115], [114, 117], [141, 142], [141, 145], [146, 147], [146, 151], [148, 149], [148, 151], [157, 158], [157, 180], [169, 170], [169, 175], [171, 172], [171, 175], [175, 178], [180, 181], [180, 183]], "missing_branches": [[175, 176]]}, "StarburstMetadataClient.fetch_catalogs": {"executed_lines": [195, 196], "summary": {"covered_lines": 2, "num_statements": 2, "percent_covered": 100.0, "percent_covered_display": "100", "missing_lines": 0, "excluded_lines": 0, "percent_statements_covered": 100.0, "percent_statements_covered_display": "100", "num_branches": 0, "num_partial_branches": 0, "covered_branches": 0, "missing_branches": 0, "percent_branches_covered": 100.0, "percent_branches_covered_display": "100"}, "missing_lines": [], "excluded_lines": [], "executed_branches": [], "missing_branches": []}, "StarburstMetadataClient.fetch_schemas": {"executed_lines": [208, 214], "summary": {"covered_lines": 2, "num_statements": 2, "percent_covered": 100.0, "percent_covered_display": "100", "missing_lines": 0, "excluded_lines": 0, "percent_statements_covered": 100.0, "percent_statements_covered_display": "100", "num_branches": 0, "num_partial_branches": 0, "covered_branches": 0, "missing_branches": 0, "percent_branches_covered": 100.0, "percent_branches_covered_display": "100"}, "missing_lines": [], "excluded_lines": [], "executed_branches": [], "missing_branches": []}, "StarburstMetadataClient.fetch_tables": {"executed_lines": [226, 232], "summary": {"covered_lines": 2, "num_statements": 2, "percent_covered": 100.0, "percent_covered_display": "100", "missing_lines": 0, "excluded_lines": 0, "percent_statements_covered": 100.0, "percent_statements_covered_display": "100", "num_branches": 0, "num_partial_branches": 0, "covered_branches": 0, "missing_branches": 0, "percent_branches_covered": 100.0, "percent_branches_covered_display": "100"}, "missing_lines": [], "excluded_lines": [], "executed_branches": [], "missing_branches": []}, "StarburstMetadataClient.fetch_columns": {"executed_lines": [247, 260], "summary": {"covered_lines": 2, "num_statements": 2, "percent_covered": 100.0, "percent_covered_display": "100", "missing_lines": 0, "excluded_lines": 0, "percent_statements_covered": 100.0, "percent_statements_covered_display": "100", "num_branches": 0, "num_partial_branches": 0, "covered_branches": 0, "missing_branches": 0, "percent_branches_covered": 100.0, "percent_branches_covered_display": "100"}, "missing_lines": [], "excluded_lines": [], "executed_branches": [], "missing_branches": []}, "": {"executed_lines": [1, 3, 5, 7, 8, 9, 16, 18, 21, 22, 29, 54, 55, 71, 80, 86, 92, 98, 186, 198, 216, 234, 263, 264, 266, 269, 270, 272, 275, 276, 278], "summary": {"covered_lines": 26, "num_statements": 26, "percent_covered": 100.0, "percent_covered_display": "100", "missing_lines": 0, "excluded_lines": 0, "percent_statements_covered": 100.0, "percent_statements_covered_display": "100", "num_branches": 0, "num_partial_branches": 0, "covered_branches": 0, "missing_branches": 0, "percent_branches_covered": 100.0, "percent_branches_covered_display": "100"}, "missing_lines": [], "excluded_lines": [], "executed_branches": [], "missing_branches": []}}, "classes": {"StarburstMetadataClient": {"executed_lines": [47, 48, 49, 50, 51, 52, 64, 73, 78, 82, 83, 84, 88, 114, 115, 117, 120, 126, 127, 132, 133, 134, 135, 136, 138, 141, 142, 145, 146, 147, 148, 149, 151, 154, 155, 157, 158, 160, 161, 162, 163, 164, 166, 169, 170, 171, 172, 175, 178, 180, 181, 183, 184, 195, 196, 208, 214, 226, 232, 247, 260], "summary": {"covered_lines": 61, "num_statements": 64, "percent_covered": 93.02325581395348, "percent_covered_display": "93", "missing_lines": 3, "excluded_lines": 0, "percent_statements_covered": 95.3125, "percent_statements_covered_display": "95", "num_branches": 22, "num_partial_branches": 3, "covered_branches": 19, "missing_branches": 3, "percent_branches_covered": 86.36363636363636, "percent_branches_covered_display": "86"}, "missing_lines": [89, 90, 176], "excluded_lines": [], "executed_branches": [[82, 83], [88, -86], [114, 115], [114, 117], [141, 142], [141, 145], [146, 147], [146, 151], [148, 149], [148, 151], [157, 158], [157, 180], [169, 170], [169, 175], [171, 172], [171, 175], [175, 178], [180, 181], [180, 183]], "missing_branches": [[82, -80], [88, 89], [175, 176]]}, "StarburstError": {"executed_lines": [], "summary": {"covered_lines": 0, "num_statements": 0, "percent_covered": 100.0, "percent_covered_display": "100", "missing_lines": 0, "excluded_lines": 0, "percent_statements_covered": 100.0, "percent_statements_covered_display": "100", "num_branches": 0, "num_partial_branches": 0, "covered_branches": 0, "missing_branches": 0, "percent_branches_covered": 100.0, "percent_branches_covered_display": "100"}, "missing_lines": [], "excluded_lines": [], "executed_branches": [], "missing_branches": []}, "StarburstQueryError": {"executed_lines": [], "summary": {"covered_lines": 0, "num_statements": 0, "percent_covered": 100.0, "percent_covered_display": "100", "missing_lines": 0, "excluded_lines": 0, "percent_statements_covered": 100.0, "percent_statements_covered_display": "100", "num_branches": 0, "num_partial_branches": 0, "covered_branches": 0, "missing_branches": 0, "percent_branches_covered": 100.0, "percent_branches_covered_display": "100"}, "missing_lines": [], "excluded_lines": [], "executed_branches": [], "missing_branches": []}, "StarburstTimeoutError": {"executed_lines": [], "summary": {"covered_lines": 0, "num_statements": 0, "percent_covered": 100.0, "percent_covered_display": "100", "missing_lines": 0, "excluded_lines": 0, "percent_statements_covered": 100.0, "percent_statements_covered_display": "100", "num_branches": 0, "num_partial_branches": 0, "covered_branches": 0, "missing_branches": 0, "percent_branches_covered": 100.0, "percent_branches_covered_display": "100"}, "missing_lines": [], "excluded_lines": [], "executed_branches": [], "missing_branches": []}, "": {"executed_lines": [1, 3, 5, 7, 8, 9, 16, 18, 21, 22, 29, 54, 55, 71, 80, 86, 92, 98, 186, 198, 216, 234, 263, 264, 266, 269, 270, 272, 275, 276, 278], "summary": {"covered_lines": 26, "num_statements": 26, "percent_covered": 100.0, "percent_covered_display": "100", "missing_lines": 0, "excluded_lines": 0, "percent_statements_covered": 100.0, "percent_statements_covered_display": "100", "num_branches": 0, "num_partial_branches": 0, "covered_branches": 0, "missing_branches": 0, "percent_branches_covered": 100.0, "percent_branches_covered_display": "100"}, "missing_lines": [], "excluded_lines": [], "executed_branches": [], "missing_branches": []}}}, "src/control_plane/config.py": {"executed_lines": [1, 3, 5, 6, 9, 10, 12, 20, 21, 22, 23, 26, 27, 28, 29, 32, 33, 34, 35, 36, 37, 42, 43, 46, 47, 48, 49, 50, 53, 54, 55, 58, 59, 60, 63, 65, 66, 68, 70, 71, 73, 74, 76, 78, 81, 82, 84], "summary": {"covered_lines": 45, "num_statements": 47, "percent_covered": 92.15686274509804, "percent_covered_display": "92", "missing_lines": 2, "excluded_lines": 0, "percent_statements_covered": 95.74468085106383, "percent_statements_covered_display": "96", "num_branches": 4, "num_partial_branches": 2, "covered_branches": 2, "missing_branches": 2, "percent_branches_covered": 50.0, "percent_branches_covered_display": "50"}, "missing_lines": [75, 77], "excluded_lines": [], "executed_branches": [[74, 76], [76, 78]], "missing_branches": [[74, 75], [76, 77]], "functions": {"Settings.is_sqlite": {"executed_lines": [68], "summary": {"covered_lines": 1, "num_statements": 1, "percent_covered": 100.0, "percent_covered_display": "100", "missing_lines": 0, "excluded_lines": 0, "percent_statements_covered": 100.0, "percent_statements_covered_display": "100", "num_branches": 0, "num_partial_branches": 0, "covered_branches": 0, "missing_branches": 0, "percent_branches_covered": 100.0, "percent_branches_covered_display": "100"}, "missing_lines": [], "excluded_lines": [], "executed_branches": [], "missing_branches": []}, "Settings.async_database_url": {"executed_lines": [73, 74, 76, 78], "summary": {"covered_lines": 4, "num_statements": 6, "percent_covered": 60.0, "percent_covered_display": "60", "missing_lines": 2, "excluded_lines": 0, "percent_statements_covered": 66.66666666666667, "percent_statements_covered_display": "67", "num_branches": 4, "num_partial_branches": 2, "covered_branches": 2, "missing_branches": 2, "percent_branches_covered": 50.0, "percent_branches_covered_display": "50"}, "missing_lines": [75, 77], "excluded_lines": [], "executed_branches": [[74, 76], [76, 78]], "missing_branches": [[74, 75], [76, 77]]}, "get_settings": {"executed_lines": [84], "summary": {"covered_lines": 1, "num_statements": 1, "percent_covered": 100.0, "percent_covered_display": "100", "missing_lines": 0, "excluded_lines": 0, "percent_statements_covered": 100.0, "percent_statements_covered_display": "100", "num_branches": 0, "num_partial_branches": 0, "covered_branches": 0, "missing_branches": 0, "percent_branches_covered": 100.0, "percent_branches_covered_display": "100"}, "missing_lines": [], "excluded_lines": [], "executed_branches": [], "missing_branches": []}, "": {"executed_lines": [1, 3, 5, 6, 9, 10, 12, 20, 21, 22, 23, 26, 27, 28, 29, 32, 33, 34, 35, 36, 37, 42, 43, 46, 47, 48, 49, 50, 53, 54, 55, 58, 59, 60, 63, 65, 66, 70, 71, 81, 82], "summary": {"covered_lines": 39, "num_statements": 39, "percent_covered": 100.0, "percent_covered_display": "100", "missing_lines": 0, "excluded_lines": 0, "percent_statements_covered": 100.0, "percent_statements_covered_display": "100", "num_branches": 0, "num_partial_branches": 0, "covered_branches": 0, "missing_branches": 0, "percent_branches_covered": 100.0, "percent_branches_covered_display": "100"}, "missing_lines": [], "excluded_lines": [], "executed_branches": [], "missing_branches": []}}, "classes": {"Settings": {"executed_lines": [68, 73, 74, 76, 78], "summary": {"covered_lines": 5, "num_statements": 7, "percent_covered": 63.63636363636363, "percent_covered_display": "64", "missing_lines": 2, "excluded_lines": 0, "percent_statements_covered": 71.42857142857143, "percent_statements_covered_display": "71", "num_branches": 4, "num_partial_branches": 2, "covered_branches": 2, "missing_branches": 2, "percent_branches_covered": 50.0, "percent_branches_covered_display": "50"}, "missing_lines": [75, 77], "excluded_lines": [], "executed_branches": [[74, 76], [76, 78]], "missing_branches": [[74, 75], [76, 77]]}, "": {"executed_lines": [1, 3, 5, 6, 9, 10, 12, 20, 21, 22, 23, 26, 27, 28, 29, 32, 33, 34, 35, 36, 37, 42, 43, 46, 47, 48, 49, 50, 53, 54, 55, 58, 59, 60, 63, 65, 66, 70, 71, 81, 82, 84], "summary": {"covered_lines": 40, "num_statements": 40, "percent_covered": 100.0, "percent_covered_display": "100", "missing_lines": 0, "excluded_lines": 0, "percent_statements_covered": 100.0, "percent_statements_covered_display": "100", "num_branches": 0, "num_partial_branches": 0, "covered_branches": 0, "missing_branches": 0, "percent_branches_covered": 100.0, "percent_branches_covered_display": "100"}, "missing_lines": [], "excluded_lines": [], "executed_branches": [], "missing_branches": []}}}, "src/control_plane/dependencies.py": {"executed_lines": [1, 3, 5, 7, 9, 12, 30, 34], "summary": {"covered_lines": 7, "num_statements": 7, "percent_covered": 100.0, "percent_covered_display": "100", "missing_lines": 0, "excluded_lines": 0, "percent_statements_covered": 100.0, "percent_statements_covered_display": "100", "num_branches": 0, "num_partial_branches": 0, "covered_branches": 0, "missing_branches": 0, "percent_branches_covered": 100.0, "percent_branches_covered_display": "100"}, "missing_lines": [], "excluded_lines": [], "executed_branches": [], "missing_branches": [], "functions": {"get_schema_cache": {"executed_lines": [30], "summary": {"covered_lines": 1, "num_statements": 1, "percent_covered": 100.0, "percent_covered_display": "100", "missing_lines": 0, "excluded_lines": 0, "percent_statements_covered": 100.0, "percent_statements_covered_display": "100", "num_branches": 0, "num_partial_branches": 0, "covered_branches": 0, "missing_branches": 0, "percent_branches_covered": 100.0, "percent_branches_covered_display": "100"}, "missing_lines": [], "excluded_lines": [], "executed_branches": [], "missing_branches": []}, "": {"executed_lines": [1, 3, 5, 7, 9, 12, 34], "summary": {"covered_lines": 6, "num_statements": 6, "percent_covered": 100.0, "percent_covered_display": "100", "missing_lines": 0, "excluded_lines": 0, "percent_statements_covered": 100.0, "percent_statements_covered_display": "100", "num_branches": 0, "num_partial_branches": 0, "covered_branches": 0, "missing_branches": 0, "percent_branches_covered": 100.0, "percent_branches_covered_display": "100"}, "missing_lines": [], "excluded_lines": [], "executed_branches": [], "missing_branches": []}}, "classes": {"": {"executed_lines": [1, 3, 5, 7, 9, 12, 30, 34], "summary": {"covered_lines": 7, "num_statements": 7, "percent_covered": 100.0, "percent_covered_display": "100", "missing_lines": 0, "excluded_lines": 0, "percent_statements_covered": 100.0, "percent_statements_covered_display": "100", "num_branches": 0, "num_partial_branches": 0, "covered_branches": 0, "missing_branches": 0, "percent_branches_covered": 100.0, "percent_branches_covered_display": "100"}, "missing_lines": [], "excluded_lines": [], "executed_branches": [], "missing_branches": []}}}, "src/control_plane/infrastructure/__init__.py": {"executed_lines": [1, 3, 8, 10], "summary": {"covered_lines": 3, "num_statements": 3, "percent_covered": 100.0, "percent_covered_display": "100", "missing_lines": 0, "excluded_lines": 0, "percent_statements_covered": 100.0, "percent_statements_covered_display": "100", "num_branches": 0, "num_partial_branches": 0, "covered_branches": 0, "missing_branches": 0, "percent_branches_covered": 100.0, "percent_branches_covered_display": "100"}, "missing_lines": [], "excluded_lines": [], "executed_branches": [], "missing_branches": [], "functions": {"": {"executed_lines": [1, 3, 8, 10], "summary": {"covered_lines": 3, "num_statements": 3, "percent_covered": 100.0, "percent_covered_display": "100", "missing_lines": 0, "excluded_lines": 0, "percent_statements_covered": 100.0, "percent_statements_covered_display": "100", "num_branches": 0, "num_partial_branches": 0, "covered_branches": 0, "missing_branches": 0, "percent_branches_covered": 100.0, "percent_branches_covered_display": "100"}, "missing_lines": [], "excluded_lines": [], "executed_branches": [], "missing_branches": []}}, "classes": {"": {"executed_lines": [1, 3, 8, 10], "summary": {"covered_lines": 3, "num_statements": 3, "percent_covered": 100.0, "percent_covered_display": "100", "missing_lines": 0, "excluded_lines": 0, "percent_statements_covered": 100.0, "percent_statements_covered_display": "100", "num_branches": 0, "num_partial_branches": 0, "covered_branches": 0, "missing_branches": 0, "percent_branches_covered": 100.0, "percent_branches_covered_display": "100"}, "missing_lines": [], "excluded_lines": [], "executed_branches": [], "missing_branches": []}}}, "src/control_plane/infrastructure/database.py": {"executed_lines": [1, 3, 4, 5, 7, 8, 14, 15, 16, 18, 19, 21, 25, 26, 29, 34, 36, 38, 57, 60, 61, 62, 65, 68, 76, 79, 96, 97, 99, 101, 102, 103, 105, 108, 109, 110, 111, 114, 115, 122, 123, 124, 125, 127, 128, 132, 138, 139, 140, 143, 152, 153, 154, 155, 164, 165, 166, 169, 171, 172, 181, 184, 185, 188, 189, 211, 213, 216, 217, 218, 219, 225, 227, 230, 231, 242, 243, 244, 246, 247, 253, 257, 258, 259, 271, 272, 274, 276, 278, 279, 281, 283, 284, 298, 300, 301, 302, 303, 305, 309, 310, 499, 505, 514, 515, 755, 756, 771, 775, 1653, 1662, 1971, 1981, 1983, 1990, 2750, 2753, 2758, 2765, 2766], "summary": {"covered_lines": 93, "num_statements": 115, "percent_covered": 77.03703703703704, "percent_covered_display": "77", "missing_lines": 22, "excluded_lines": 2, "percent_statements_covered": 80.8695652173913, "percent_statements_covered_display": "81", "num_branches": 20, "num_partial_branches": 5, "covered_branches": 11, "missing_branches": 9, "percent_branches_covered": 55.0, "percent_branches_covered_display": "55"}, "missing_lines": [47, 69, 126, 129, 149, 150, 151, 163, 167, 168, 175, 176, 177, 178, 220, 222, 249, 250, 251, 311, 313, 314], "excluded_lines": [21, 22], "executed_branches": [[36, 38], [60, 61], [60, 62], [68, 76], [101, 102], [216, 217], [216, 227], [217, 218], [217, 227], [271, 272], [309, 310]], "missing_branches": [[36, 47], [68, 69], [101, 103], [175, -172], [175, 176], [249, 250], [249, 251], [271, -253], [309, 313]], "functions": {"create_engine_for_settings": {"executed_lines": [34, 36, 38], "summary": {"covered_lines": 3, "num_statements": 4, "percent_covered": 66.66666666666667, "percent_covered_display": "67", "missing_lines": 1, "excluded_lines": 0, "percent_statements_covered": 75.0, "percent_statements_covered_display": "75", "num_branches": 2, "num_partial_branches": 1, "covered_branches": 1, "missing_branches": 1, "percent_branches_covered": 50.0, "percent_branches_covered_display": "50"}, "missing_lines": [47], "excluded_lines": [], "executed_branches": [[36, 38]], "missing_branches": [[36, 47]]}, "get_engine": {"executed_lines": [60, 61, 62], "summary": {"covered_lines": 3, "num_statements": 3, "percent_covered": 100.0, "percent_covered_display": "100", "missing_lines": 0, "excluded_lines": 0, "percent_statements_covered": 100.0, "percent_statements_covered_display": "100", "num_branches": 2, "num_partial_branches": 0, "covered_branches": 2, "missing_branches": 0, "percent_branches_covered": 100.0, "percent_branches_covered_display": "100"}, "missing_lines": [], "excluded_lines": [], "executed_branches": [[60, 61], [60, 62]], "missing_branches": []}, "get_session_factory": {"executed_lines": [68, 76], "summary": {"covered_lines": 2, "num_statements": 3, "percent_covered": 60.0, "percent_covered_display": "60", "missing_lines": 1, "excluded_lines": 0, "percent_statements_covered": 66.66666666666667, "percent_statements_covered_display": "67", "num_branches": 2, "num_partial_branches": 1, "covered_branches": 1, "missing_branches": 1, "percent_branches_covered": 50.0, "percent_branches_covered_display": "50"}, "missing_lines": [69], "excluded_lines": [], "executed_branches": [[68, 76]], "missing_branches": [[68, 69]]}, "get_async_session": {"executed_lines": [96, 97, 99, 101, 102, 103, 105, 108, 109, 110, 111], "summary": {"covered_lines": 11, "num_statements": 11, "percent_covered": 92.3076923076923, "percent_covered_display": "92", "missing_lines": 0, "excluded_lines": 0, "percent_statements_covered": 100.0, "percent_statements_covered_display": "100", "num_branches": 2, "num_partial_branches": 1, "covered_branches": 1, "missing_branches": 1, "percent_branches_covered": 50.0, "percent_branches_covered_display": "50"}, "missing_lines": [], "excluded_lines": [], "executed_branches": [[101, 102]], "missing_branches": [[101, 103]]}, "get_session": {"executed_lines": [122, 123, 124, 125, 127, 128], "summary": {"covered_lines": 6, "num_statements": 8, "percent_covered": 75.0, "percent_covered_display": "75", "missing_lines": 2, "excluded_lines": 0, "percent_statements_covered": 75.0, "percent_statements_covered_display": "75", "num_branches": 0, "num_partial_branches": 0, "covered_branches": 0, "missing_branches": 0, "percent_branches_covered": 100.0, "percent_branches_covered_display": "100"}, "missing_lines": [126, 129], "excluded_lines": [], "executed_branches": [], "missing_branches": []}, "init_database": {"executed_lines": [138, 139, 140], "summary": {"covered_lines": 3, "num_statements": 3, "percent_covered": 100.0, "percent_covered_display": "100", "missing_lines": 0, "excluded_lines": 0, "percent_statements_covered": 100.0, "percent_statements_covered_display": "100", "num_branches": 0, "num_partial_branches": 0, "covered_branches": 0, "missing_branches": 0, "percent_branches_covered": 100.0, "percent_branches_covered_display": "100"}, "missing_lines": [], "excluded_lines": [], "executed_branches": [], "missing_branches": []}, "drop_database": {"executed_lines": [], "summary": {"covered_lines": 0, "num_statements": 3, "percent_covered": 0.0, "percent_covered_display": "0", "missing_lines": 3, "excluded_lines": 0, "percent_statements_covered": 0.0, "percent_statements_covered_display": "0", "num_branches": 0, "num_partial_branches": 0, "covered_branches": 0, "missing_branches": 0, "percent_branches_covered": 100.0, "percent_branches_covered_display": "100"}, "missing_lines": [149, 150, 151], "excluded_lines": [], "executed_branches": [], "missing_branches": []}, "check_database_health": {"executed_lines": [155, 164, 165, 166, 169], "summary": {"covered_lines": 4, "num_statements": 7, "percent_covered": 57.142857142857146, "percent_covered_display": "57", "missing_lines": 3, "excluded_lines": 0, "percent_statements_covered": 57.142857142857146, "percent_statements_covered_display": "57", "num_branches": 0, "num_partial_branches": 0, "covered_branches": 0, "missing_branches": 0, "percent_branches_covered": 100.0, "percent_branches_covered_display": "100"}, "missing_lines": [163, 167, 168], "excluded_lines": [], "executed_branches": [], "missing_branches": []}, "close_engine": {"executed_lines": [], "summary": {"covered_lines": 0, "num_statements": 4, "percent_covered": 0.0, "percent_covered_display": "0", "missing_lines": 4, "excluded_lines": 0, "percent_statements_covered": 0.0, "percent_statements_covered_display": "0", "num_branches": 2, "num_partial_branches": 0, "covered_branches": 0, "missing_branches": 2, "percent_branches_covered": 0.0, "percent_branches_covered_display": "0"}, "missing_lines": [175, 176, 177, 178], "excluded_lines": [], "executed_branches": [], "missing_branches": [[175, -172], [175, 176]]}, "reset_engine": {"executed_lines": [184, 185], "summary": {"covered_lines": 2, "num_statements": 2, "percent_covered": 100.0, "percent_covered_display": "100", "missing_lines": 0, "excluded_lines": 0, "percent_statements_covered": 100.0, "percent_statements_covered_display": "100", "num_branches": 0, "num_partial_branches": 0, "covered_branches": 0, "missing_branches": 0, "percent_branches_covered": 100.0, "percent_branches_covered_display": "100"}, "missing_lines": [], "excluded_lines": [], "executed_branches": [], "missing_branches": []}, "DatabaseCommitMiddleware.dispatch": {"executed_lines": [213, 216, 217, 218, 219, 225, 227], "summary": {"covered_lines": 7, "num_statements": 9, "percent_covered": 84.61538461538461, "percent_covered_display": "85", "missing_lines": 2, "excluded_lines": 0, "percent_statements_covered": 77.77777777777777, "percent_statements_covered_display": "78", "num_branches": 4, "num_partial_branches": 0, "covered_branches": 4, "missing_branches": 0, "percent_branches_covered": 100.0, "percent_branches_covered_display": "100"}, "missing_lines": [220, 222], "excluded_lines": [], "executed_branches": [[216, 217], [216, 227], [217, 218], [217, 227]], "missing_branches": []}, "DatabaseManager.__init__": {"executed_lines": [243, 244], "summary": {"covered_lines": 2, "num_statements": 2, "percent_covered": 100.0, "percent_covered_display": "100", "missing_lines": 0, "excluded_lines": 0, "percent_statements_covered": 100.0, "percent_statements_covered_display": "100", "num_branches": 0, "num_partial_branches": 0, "covered_branches": 0, "missing_branches": 0, "percent_branches_covered": 100.0, "percent_branches_covered_display": "100"}, "missing_lines": [], "excluded_lines": [], "executed_branches": [], "missing_branches": []}, "DatabaseManager.engine": {"executed_lines": [], "summary": {"covered_lines": 0, "num_statements": 3, "percent_covered": 0.0, "percent_covered_display": "0", "missing_lines": 3, "excluded_lines": 0, "percent_statements_covered": 0.0, "percent_statements_covered_display": "0", "num_branches": 2, "num_partial_branches": 0, "covered_branches": 0, "missing_branches": 2, "percent_branches_covered": 0.0, "percent_branches_covered_display": "0"}, "missing_lines": [249, 250, 251], "excluded_lines": [], "executed_branches": [], "missing_branches": [[249, 250], [249, 251]]}, "DatabaseManager.startup": {"executed_lines": [257, 258, 259, 271, 272, 274], "summary": {"covered_lines": 6, "num_statements": 6, "percent_covered": 87.5, "percent_covered_display": "88", "missing_lines": 0, "excluded_lines": 0, "percent_statements_covered": 100.0, "percent_statements_covered_display": "100", "num_branches": 2, "num_partial_branches": 1, "covered_branches": 1, "missing_branches": 1, "percent_branches_covered": 50.0, "percent_branches_covered_display": "50"}, "missing_lines": [], "excluded_lines": [], "executed_branches": [[271, 272]], "missing_branches": [[271, -253]]}, "DatabaseManager._seed_defaults": {"executed_lines": [278, 279, 281, 283, 284, 298, 300, 301, 302, 303], "summary": {"covered_lines": 10, "num_statements": 10, "percent_covered": 100.0, "percent_covered_display": "100", "missing_lines": 0, "excluded_lines": 0, "percent_statements_covered": 100.0, "percent_statements_covered_display": "100", "num_branches": 0, "num_partial_branches": 0, "covered_branches": 0, "missing_branches": 0, "percent_branches_covered": 100.0, "percent_branches_covered_display": "100"}, "missing_lines": [], "excluded_lines": [], "executed_branches": [], "missing_branches": []}, "DatabaseManager.shutdown": {"executed_lines": [309, 310], "summary": {"covered_lines": 2, "num_statements": 5, "percent_covered": 42.857142857142854, "percent_covered_display": "43", "missing_lines": 3, "excluded_lines": 0, "percent_statements_covered": 40.0, "percent_statements_covered_display": "40", "num_branches": 2, "num_partial_branches": 1, "covered_branches": 1, "missing_branches": 1, "percent_branches_covered": 50.0, "percent_branches_covered_display": "50"}, "missing_lines": [311, 313, 314], "excluded_lines": [], "executed_branches": [[309, 310]], "missing_branches": [[309, 313]]}, "": {"executed_lines": [1, 3, 4, 5, 7, 8, 14, 15, 16, 18, 19, 21, 25, 26, 29, 57, 65, 79, 114, 115, 132, 143, 152, 153, 154, 171, 172, 181, 188, 189, 211, 230, 231, 242, 246, 247, 253, 276, 305], "summary": {"covered_lines": 32, "num_statements": 32, "percent_covered": 100.0, "percent_covered_display": "100", "missing_lines": 0, "excluded_lines": 2, "percent_statements_covered": 100.0, "percent_statements_covered_display": "100", "num_branches": 0, "num_partial_branches": 0, "covered_branches": 0, "missing_branches": 0, "percent_branches_covered": 100.0, "percent_branches_covered_display": "100"}, "missing_lines": [], "excluded_lines": [21, 22], "executed_branches": [], "missing_branches": []}}, "classes": {"DatabaseCommitMiddleware": {"executed_lines": [213, 216, 217, 218, 219, 225, 227], "summary": {"covered_lines": 7, "num_statements": 9, "percent_covered": 84.61538461538461, "percent_covered_display": "85", "missing_lines": 2, "excluded_lines": 0, "percent_statements_covered": 77.77777777777777, "percent_statements_covered_display": "78", "num_branches": 4, "num_partial_branches": 0, "covered_branches": 4, "missing_branches": 0, "percent_branches_covered": 100.0, "percent_branches_covered_display": "100"}, "missing_lines": [220, 222], "excluded_lines": [], "executed_branches": [[216, 217], [216, 227], [217, 218], [217, 227]], "missing_branches": []}, "DatabaseManager": {"executed_lines": [243, 244, 257, 258, 259, 271, 272, 274, 278, 279, 281, 283, 284, 298, 300, 301, 302, 303, 309, 310], "summary": {"covered_lines": 20, "num_statements": 26, "percent_covered": 68.75, "percent_covered_display": "69", "missing_lines": 6, "excluded_lines": 0, "percent_statements_covered": 76.92307692307692, "percent_statements_covered_display": "77", "num_branches": 6, "num_partial_branches": 2, "covered_branches": 2, "missing_branches": 4, "percent_branches_covered": 33.333333333333336, "percent_branches_covered_display": "33"}, "missing_lines": [249, 250, 251, 311, 313, 314], "excluded_lines": [], "executed_branches": [[271, 272], [309, 310]], "missing_branches": [[249, 250], [249, 251], [271, -253], [309, 313]]}, "": {"executed_lines": [1, 3, 4, 5, 7, 8, 14, 15, 16, 18, 19, 21, 25, 26, 29, 34, 36, 38, 57, 60, 61, 62, 65, 68, 76, 79, 96, 97, 99, 101, 102, 103, 105, 108, 109, 110, 111, 114, 115, 122, 123, 124, 125, 127, 128, 132, 138, 139, 140, 143, 152, 153, 154, 155, 164, 165, 166, 169, 171, 172, 181, 184, 185, 188, 189, 211, 230, 231, 242, 246, 247, 253, 276, 305], "summary": {"covered_lines": 66, "num_statements": 80, "percent_covered": 78.88888888888889, "percent_covered_display": "79", "missing_lines": 14, "excluded_lines": 2, "percent_statements_covered": 82.5, "percent_statements_covered_display": "82", "num_branches": 10, "num_partial_branches": 3, "covered_branches": 5, "missing_branches": 5, "percent_branches_covered": 50.0, "percent_branches_covered_display": "50"}, "missing_lines": [47, 69, 126, 129, 149, 150, 151, 163, 167, 168, 175, 176, 177, 178], "excluded_lines": [21, 22], "executed_branches": [[36, 38], [60, 61], [60, 62], [68, 76], [101, 102]], "missing_branches": [[36, 47], [68, 69], [101, 103], [175, -172], [175, 176]]}}}, "src/control_plane/infrastructure/tables.py": {"executed_lines": [1, 10, 24, 30, 48, 70, 97, 143, 205, 262, 281, 306, 316, 333], "summary": {"covered_lines": 13, "num_statements": 13, "percent_covered": 100.0, "percent_covered_display": "100", "missing_lines": 0, "excluded_lines": 0, "percent_statements_covered": 100.0, "percent_statements_covered_display": "100", "num_branches": 0, "num_partial_branches": 0, "covered_branches": 0, "missing_branches": 0, "percent_branches_covered": 100.0, "percent_branches_covered_display": "100"}, "missing_lines": [], "excluded_lines": [], "executed_branches": [], "missing_branches": [], "functions": {"": {"executed_lines": [1, 10, 24, 30, 48, 70, 97, 143, 205, 262, 281, 306, 316, 333], "summary": {"covered_lines": 13, "num_statements": 13, "percent_covered": 100.0, "percent_covered_display": "100", "missing_lines": 0, "excluded_lines": 0, "percent_statements_covered": 100.0, "percent_statements_covered_display": "100", "num_branches": 0, "num_partial_branches": 0, "covered_branches": 0, "missing_branches": 0, "percent_branches_covered": 100.0, "percent_branches_covered_display": "100"}, "missing_lines": [], "excluded_lines": [], "executed_branches": [], "missing_branches": []}}, "classes": {"": {"executed_lines": [1, 10, 24, 30, 48, 70, 97, 143, 205, 262, 281, 306, 316, 333], "summary": {"covered_lines": 13, "num_statements": 13, "percent_covered": 100.0, "percent_covered_display": "100", "missing_lines": 0, "excluded_lines": 0, "percent_statements_covered": 100.0, "percent_statements_covered_display": "100", "num_branches": 0, "num_partial_branches": 0, "covered_branches": 0, "missing_branches": 0, "percent_branches_covered": 100.0, "percent_branches_covered_display": "100"}, "missing_lines": [], "excluded_lines": [], "executed_branches": [], "missing_branches": []}}}, "src/control_plane/jobs/__init__.py": {"executed_lines": [1, 14, 16], "summary": {"covered_lines": 2, "num_statements": 2, "percent_covered": 100.0, "percent_covered_display": "100", "missing_lines": 0, "excluded_lines": 0, "percent_statements_covered": 100.0, "percent_statements_covered_display": "100", "num_branches": 0, "num_partial_branches": 0, "covered_branches": 0, "missing_branches": 0, "percent_branches_covered": 100.0, "percent_branches_covered_display": "100"}, "missing_lines": [], "excluded_lines": [], "executed_branches": [], "missing_branches": [], "functions": {"": {"executed_lines": [1, 14, 16], "summary": {"covered_lines": 2, "num_statements": 2, "percent_covered": 100.0, "percent_covered_display": "100", "missing_lines": 0, "excluded_lines": 0, "percent_statements_covered": 100.0, "percent_statements_covered_display": "100", "num_branches": 0, "num_partial_branches": 0, "covered_branches": 0, "missing_branches": 0, "percent_branches_covered": 100.0, "percent_branches_covered_display": "100"}, "missing_lines": [], "excluded_lines": [], "executed_branches": [], "missing_branches": []}}, "classes": {"": {"executed_lines": [1, 14, 16], "summary": {"covered_lines": 2, "num_statements": 2, "percent_covered": 100.0, "percent_covered_display": "100", "missing_lines": 0, "excluded_lines": 0, "percent_statements_covered": 100.0, "percent_statements_covered_display": "100", "num_branches": 0, "num_partial_branches": 0, "covered_branches": 0, "missing_branches": 0, "percent_branches_covered": 100.0, "percent_branches_covered_display": "100"}, "missing_lines": [], "excluded_lines": [], "executed_branches": [], "missing_branches": []}}}, "src/control_plane/jobs/export_reconciliation.py": {"executed_lines": [1, 11, 13, 14, 16, 17, 18, 19, 20, 21, 23, 26, 29, 39, 42, 43, 45, 46, 49, 51, 52, 54, 57, 58, 61, 65, 68, 71, 72, 75, 78, 81, 82, 83, 84, 85, 87, 94, 108, 110, 111, 113, 114, 115, 116, 118, 121, 131, 133, 134, 135, 146, 148, 153, 163, 166, 180, 181, 183, 185, 187, 189, 194, 196, 197, 199, 202, 212, 214, 215, 216, 223, 229, 234, 243, 1653, 1662, 1971, 1981, 1983, 1990, 2262, 2265], "summary": {"covered_lines": 74, "num_statements": 79, "percent_covered": 93.93939393939394, "percent_covered_display": "94", "missing_lines": 5, "excluded_lines": 0, "percent_statements_covered": 93.67088607594937, "percent_statements_covered_display": "94", "num_branches": 20, "num_partial_branches": 1, "covered_branches": 19, "missing_branches": 1, "percent_branches_covered": 95.0, "percent_branches_covered_display": "95"}, "missing_lines": [155, 156, 191, 236, 237], "excluded_lines": [], "executed_branches": [[42, 43], [42, 45], [71, 72], [71, 75], [113, 114], [113, 118], [114, 113], [114, 115], [115, 113], [115, 116], [133, 134], [133, 163], [185, 187], [185, 199], [189, 194], [196, 185], [196, 197], [214, 215], [214, 243]], "missing_branches": [[189, 191]], "functions": {"run_export_reconciliation_job": {"executed_lines": [39, 42, 43, 45, 46], "summary": {"covered_lines": 5, "num_statements": 5, "percent_covered": 100.0, "percent_covered_display": "100", "missing_lines": 0, "excluded_lines": 0, "percent_statements_covered": 100.0, "percent_statements_covered_display": "100", "num_branches": 2, "num_partial_branches": 0, "covered_branches": 2, "missing_branches": 0, "percent_branches_covered": 100.0, "percent_branches_covered_display": "100"}, "missing_lines": [], "excluded_lines": [], "executed_branches": [[42, 43], [42, 45]], "missing_branches": []}, "_run_export_reconciliation_with_session": {"executed_lines": [51, 52, 54, 57, 58, 61, 65, 68, 71, 72, 75, 78, 81, 82, 83, 84, 85, 87], "summary": {"covered_lines": 18, "num_statements": 18, "percent_covered": 100.0, "percent_covered_display": "100", "missing_lines": 0, "excluded_lines": 0, "percent_statements_covered": 100.0, "percent_statements_covered_display": "100", "num_branches": 2, "num_partial_branches": 0, "covered_branches": 2, "missing_branches": 0, "percent_branches_covered": 100.0, "percent_branches_covered_display": "100"}, "missing_lines": [], "excluded_lines": [], "executed_branches": [[71, 72], [71, 75]], "missing_branches": []}, "_find_stale_claimed_jobs": {"executed_lines": [108, 110, 111, 113, 114, 115, 116, 118], "summary": {"covered_lines": 8, "num_statements": 8, "percent_covered": 100.0, "percent_covered_display": "100", "missing_lines": 0, "excluded_lines": 0, "percent_statements_covered": 100.0, "percent_statements_covered_display": "100", "num_branches": 6, "num_partial_branches": 0, "covered_branches": 6, "missing_branches": 0, "percent_branches_covered": 100.0, "percent_branches_covered_display": "100"}, "missing_lines": [], "excluded_lines": [], "executed_branches": [[113, 114], [113, 118], [114, 113], [114, 115], [115, 113], [115, 116]], "missing_branches": []}, "_reset_stale_claims": {"executed_lines": [131, 133, 134, 135, 146, 148, 153, 163], "summary": {"covered_lines": 8, "num_statements": 10, "percent_covered": 83.33333333333333, "percent_covered_display": "83", "missing_lines": 2, "excluded_lines": 0, "percent_statements_covered": 80.0, "percent_statements_covered_display": "80", "num_branches": 2, "num_partial_branches": 0, "covered_branches": 2, "missing_branches": 0, "percent_branches_covered": 100.0, "percent_branches_covered_display": "100"}, "missing_lines": [155, 156], "excluded_lines": [], "executed_branches": [[133, 134], [133, 163]], "missing_branches": []}, "_find_snapshots_ready_to_finalize": {"executed_lines": [180, 181, 183, 185, 187, 189, 194, 196, 197, 199], "summary": {"covered_lines": 10, "num_statements": 11, "percent_covered": 88.23529411764706, "percent_covered_display": "88", "missing_lines": 1, "excluded_lines": 0, "percent_statements_covered": 90.9090909090909, "percent_statements_covered_display": "91", "num_branches": 6, "num_partial_branches": 1, "covered_branches": 5, "missing_branches": 1, "percent_branches_covered": 83.33333333333333, "percent_branches_covered_display": "83"}, "missing_lines": [191], "excluded_lines": [], "executed_branches": [[185, 187], [185, 199], [189, 194], [196, 185], [196, 197]], "missing_branches": [[189, 191]]}, "_finalize_snapshots": {"executed_lines": [212, 214, 215, 216, 223, 229, 234, 243], "summary": {"covered_lines": 8, "num_statements": 10, "percent_covered": 83.33333333333333, "percent_covered_display": "83", "missing_lines": 2, "excluded_lines": 0, "percent_statements_covered": 80.0, "percent_statements_covered_display": "80", "num_branches": 2, "num_partial_branches": 0, "covered_branches": 2, "missing_branches": 0, "percent_branches_covered": 100.0, "percent_branches_covered_display": "100"}, "missing_lines": [236, 237], "excluded_lines": [], "executed_branches": [[214, 215], [214, 243]], "missing_branches": []}, "": {"executed_lines": [1, 11, 13, 14, 16, 17, 18, 19, 20, 21, 23, 26, 29, 49, 94, 121, 166, 202], "summary": {"covered_lines": 17, "num_statements": 17, "percent_covered": 100.0, "percent_covered_display": "100", "missing_lines": 0, "excluded_lines": 0, "percent_statements_covered": 100.0, "percent_statements_covered_display": "100", "num_branches": 0, "num_partial_branches": 0, "covered_branches": 0, "missing_branches": 0, "percent_branches_covered": 100.0, "percent_branches_covered_display": "100"}, "missing_lines": [], "excluded_lines": [], "executed_branches": [], "missing_branches": []}}, "classes": {"": {"executed_lines": [1, 11, 13, 14, 16, 17, 18, 19, 20, 21, 23, 26, 29, 39, 42, 43, 45, 46, 49, 51, 52, 54, 57, 58, 61, 65, 68, 71, 72, 75, 78, 81, 82, 83, 84, 85, 87, 94, 108, 110, 111, 113, 114, 115, 116, 118, 121, 131, 133, 134, 135, 146, 148, 153, 163, 166, 180, 181, 183, 185, 187, 189, 194, 196, 197, 199, 202, 212, 214, 215, 216, 223, 229, 234, 243], "summary": {"covered_lines": 74, "num_statements": 79, "percent_covered": 93.93939393939394, "percent_covered_display": "94", "missing_lines": 5, "excluded_lines": 0, "percent_statements_covered": 93.67088607594937, "percent_statements_covered_display": "94", "num_branches": 20, "num_partial_branches": 1, "covered_branches": 19, "missing_branches": 1, "percent_branches_covered": 95.0, "percent_branches_covered_display": "95"}, "missing_lines": [155, 156, 191, 236, 237], "excluded_lines": [], "executed_branches": [[42, 43], [42, 45], [71, 72], [71, 75], [113, 114], [113, 118], [114, 113], [114, 115], [115, 113], [115, 116], [133, 134], [133, 163], [185, 187], [185, 199], [189, 194], [196, 185], [196, 197], [214, 215], [214, 243]], "missing_branches": [[189, 191]]}}}, "src/control_plane/jobs/lifecycle.py": {"executed_lines": [1, 10, 12, 14, 15, 16, 17, 18, 19, 20, 21, 22, 24, 27, 39, 41, 43, 44, 47, 50, 51, 57, 59, 61, 64, 65, 66, 67, 68, 69, 71, 79, 82, 83, 90, 91, 98, 99, 105, 106, 112, 113, 115, 125, 136, 138, 139, 140, 141, 143, 145, 146, 147, 148, 149, 151, 154, 164, 166, 167, 168, 169, 171, 172, 173, 174, 175, 176, 178, 181, 196, 198, 199, 200, 210, 211, 219, 224, 225, 228, 229, 230, 231, 232, 233, 245, 248, 258, 260, 261, 262, 263, 264, 265, 266, 267, 269, 272, 284, 287, 288, 289, 298, 299, 300, 308, 331, 333, 334, 337, 338, 349, 352, 362, 364, 365, 366, 367, 368, 369, 370, 371, 373, 376, 386, 388, 389, 390, 397, 399, 400, 403, 404, 415, 425, 439, 440, 441, 444, 447, 448, 450, 451, 452, 454, 455, 456, 457, 459, 460, 461, 462, 464, 467, 468, 469, 470, 471, 472, 473, 474, 476, 478, 480, 481, 482, 1653, 1662], "summary": {"covered_lines": 165, "num_statements": 194, "percent_covered": 82.96296296296296, "percent_covered_display": "83", "missing_lines": 29, "excluded_lines": 0, "percent_statements_covered": 85.05154639175258, "percent_statements_covered_display": "85", "num_branches": 76, "num_partial_branches": 17, "covered_branches": 59, "missing_branches": 17, "percent_branches_covered": 77.63157894736842, "percent_branches_covered_display": "78"}, "missing_lines": [53, 54, 235, 236, 242, 243, 290, 291, 295, 296, 309, 310, 311, 318, 320, 327, 328, 340, 341, 346, 347, 406, 407, 412, 413, 453, 458, 463, 475], "excluded_lines": [], "executed_branches": [[50, 51], [139, 140], [139, 151], [140, 141], [140, 143], [143, 139], [143, 145], [146, 147], [148, 139], [148, 149], [167, 168], [167, 178], [168, 169], [168, 171], [171, 172], [173, 174], [175, 176], [198, 199], [198, 245], [228, 229], [228, 231], [231, 232], [261, 262], [261, 269], [262, 263], [264, 265], [266, 267], [289, 298], [298, 299], [298, 349], [308, 331], [365, 366], [365, 373], [366, 365], [366, 367], [368, 369], [370, 371], [388, 389], [388, 415], [440, 441], [440, 444], [447, 448], [447, 467], [450, 451], [450, 455], [452, 454], [455, 456], [455, 460], [457, 459], [460, 461], [460, 478], [462, 464], [467, 468], [467, 472], [469, 470], [469, 471], [472, 473], [472, 478], [474, 476]], "missing_branches": [[50, 53], [146, 139], [171, 167], [173, 167], [175, 167], [231, 198], [262, 261], [264, 261], [266, 261], [289, 290], [308, 309], [368, 365], [370, 365], [452, 453], [457, 458], [462, 463], [474, 475]], "functions": {"run_lifecycle_job": {"executed_lines": [39, 41, 43, 44, 47, 50, 51], "summary": {"covered_lines": 7, "num_statements": 9, "percent_covered": 72.72727272727273, "percent_covered_display": "73", "missing_lines": 2, "excluded_lines": 0, "percent_statements_covered": 77.77777777777777, "percent_statements_covered_display": "78", "num_branches": 2, "num_partial_branches": 1, "covered_branches": 1, "missing_branches": 1, "percent_branches_covered": 50.0, "percent_branches_covered_display": "50"}, "missing_lines": [53, 54], "excluded_lines": [], "executed_branches": [[50, 51]], "missing_branches": [[50, 53]]}, "_run_lifecycle_with_session": {"executed_lines": [59, 61, 64, 65, 66, 67, 68, 69, 71, 79, 82, 83, 90, 91, 98, 99, 105, 106, 112, 113, 115], "summary": {"covered_lines": 21, "num_statements": 21, "percent_covered": 100.0, "percent_covered_display": "100", "missing_lines": 0, "excluded_lines": 0, "percent_statements_covered": 100.0, "percent_statements_covered_display": "100", "num_branches": 0, "num_partial_branches": 0, "covered_branches": 0, "missing_branches": 0, "percent_branches_covered": 100.0, "percent_branches_covered_display": "100"}, "missing_lines": [], "excluded_lines": [], "executed_branches": [], "missing_branches": []}, "_find_ttl_expired_instances": {"executed_lines": [136, 138, 139, 140, 141, 143, 145, 146, 147, 148, 149, 151], "summary": {"covered_lines": 12, "num_statements": 12, "percent_covered": 95.45454545454545, "percent_covered_display": "95", "missing_lines": 0, "excluded_lines": 0, "percent_statements_covered": 100.0, "percent_statements_covered_display": "100", "num_branches": 10, "num_partial_branches": 1, "covered_branches": 9, "missing_branches": 1, "percent_branches_covered": 90.0, "percent_branches_covered_display": "90"}, "missing_lines": [], "excluded_lines": [], "executed_branches": [[139, 140], [139, 151], [140, 141], [140, 143], [143, 139], [143, 145], [146, 147], [148, 139], [148, 149]], "missing_branches": [[146, 139]]}, "_find_inactive_instances": {"executed_lines": [164, 166, 167, 168, 169, 171, 172, 173, 174, 175, 176, 178], "summary": {"covered_lines": 12, "num_statements": 12, "percent_covered": 86.36363636363636, "percent_covered_display": "86", "missing_lines": 0, "excluded_lines": 0, "percent_statements_covered": 100.0, "percent_statements_covered_display": "100", "num_branches": 10, "num_partial_branches": 3, "covered_branches": 7, "missing_branches": 3, "percent_branches_covered": 70.0, "percent_branches_covered_display": "70"}, "missing_lines": [], "excluded_lines": [], "executed_branches": [[167, 168], [167, 178], [168, 169], [168, 171], [171, 172], [173, 174], [175, 176]], "missing_branches": [[171, 167], [173, 167], [175, 167]]}, "_terminate_expired_instances": {"executed_lines": [196, 198, 199, 200, 210, 211, 219, 224, 225, 228, 229, 230, 231, 232, 233, 245], "summary": {"covered_lines": 16, "num_statements": 20, "percent_covered": 80.76923076923077, "percent_covered_display": "81", "missing_lines": 4, "excluded_lines": 0, "percent_statements_covered": 80.0, "percent_statements_covered_display": "80", "num_branches": 6, "num_partial_branches": 1, "covered_branches": 5, "missing_branches": 1, "percent_branches_covered": 83.33333333333333, "percent_branches_covered_display": "83"}, "missing_lines": [235, 236, 242, 243], "excluded_lines": [], "executed_branches": [[198, 199], [198, 245], [228, 229], [228, 231], [231, 232]], "missing_branches": [[231, 198]]}, "_find_ttl_expired_snapshots": {"executed_lines": [258, 260, 261, 262, 263, 264, 265, 266, 267, 269], "summary": {"covered_lines": 10, "num_statements": 10, "percent_covered": 83.33333333333333, "percent_covered_display": "83", "missing_lines": 0, "excluded_lines": 0, "percent_statements_covered": 100.0, "percent_statements_covered_display": "100", "num_branches": 8, "num_partial_branches": 3, "covered_branches": 5, "missing_branches": 3, "percent_branches_covered": 62.5, "percent_branches_covered_display": "62"}, "missing_lines": [], "excluded_lines": [], "executed_branches": [[261, 262], [261, 269], [262, 263], [264, 265], [266, 267]], "missing_branches": [[262, 261], [264, 261], [266, 261]]}, "_delete_expired_snapshots": {"executed_lines": [284, 287, 288, 289, 298, 299, 300, 308, 331, 333, 334, 337, 338, 349], "summary": {"covered_lines": 14, "num_statements": 29, "percent_covered": 51.42857142857143, "percent_covered_display": "51", "missing_lines": 15, "excluded_lines": 0, "percent_statements_covered": 48.275862068965516, "percent_statements_covered_display": "48", "num_branches": 6, "num_partial_branches": 2, "covered_branches": 4, "missing_branches": 2, "percent_branches_covered": 66.66666666666667, "percent_branches_covered_display": "67"}, "missing_lines": [290, 291, 295, 296, 309, 310, 311, 318, 320, 327, 328, 340, 341, 346, 347], "excluded_lines": [], "executed_branches": [[289, 298], [298, 299], [298, 349], [308, 331]], "missing_branches": [[289, 290], [308, 309]]}, "_find_ttl_expired_mappings": {"executed_lines": [362, 364, 365, 366, 367, 368, 369, 370, 371, 373], "summary": {"covered_lines": 10, "num_statements": 10, "percent_covered": 88.88888888888889, "percent_covered_display": "89", "missing_lines": 0, "excluded_lines": 0, "percent_statements_covered": 100.0, "percent_statements_covered_display": "100", "num_branches": 8, "num_partial_branches": 2, "covered_branches": 6, "missing_branches": 2, "percent_branches_covered": 75.0, "percent_branches_covered_display": "75"}, "missing_lines": [], "excluded_lines": [], "executed_branches": [[365, 366], [365, 373], [366, 365], [366, 367], [368, 369]
[...]
nt_covered_display": "48", "missing_lines": 43, "excluded_lines": 0, "percent_statements_covered": 54.255319148936174, "percent_statements_covered_display": "54", "num_branches": 36, "num_partial_branches": 8, "covered_branches": 12, "missing_branches": 24, "percent_branches_covered": 33.333333333333336, "percent_branches_covered_display": "33"}, "missing_lines": [95, 111, 112, 113, 114, 192, 252, 255, 309, 310, 312, 345, 346, 347, 348, 355, 358, 365, 366, 374, 375, 406, 409, 412, 413, 416, 423, 424, 426, 441, 444, 447, 448, 457, 459, 485, 494, 495, 497, 523, 532, 533, 535], "excluded_lines": [], "executed_branches": [[94, 96], [183, 184], [183, 187], [191, 195], [198, 199], [200, 201], [202, 203], [233, 235], [233, 250], [250, 267], [267, 268], [341, 342]], "missing_branches": [[94, 95], [112, 113], [112, 114], [191, 192], [198, 207], [200, 202], [202, 207], [250, 252], [267, 270], [309, 310], [309, 312], [341, 345], [345, 346], [345, 369], [374, 375], [374, 382], [412, 413], [412, 416], [423, 424], [423, 426], [494, 495], [494, 497], [532, 533], [532, 535]]}, "": {"executed_lines": [1, 3, 5, 7, 8, 19, 24, 25, 26, 27, 28, 30, 33, 40, 42, 43, 46, 47, 49, 51, 81, 98, 116, 159, 272, 314, 384, 428, 461, 499], "summary": {"covered_lines": 28, "num_statements": 29, "percent_covered": 93.93939393939394, "percent_covered_display": "94", "missing_lines": 1, "excluded_lines": 0, "percent_statements_covered": 96.55172413793103, "percent_statements_covered_display": "97", "num_branches": 4, "num_partial_branches": 1, "covered_branches": 3, "missing_branches": 1, "percent_branches_covered": 75.0, "percent_branches_covered_display": "75"}, "missing_lines": [41], "excluded_lines": [], "executed_branches": [[40, 42], [42, -33], [42, 43]], "missing_branches": [[40, 41]]}}}, "src/control_plane/services/wrapper_factory.py": {"executed_lines": [1, 8, 10, 13, 14, 15, 21, 22, 23, 24, 25, 26, 27, 28, 31, 32, 34, 49, 50, 51, 52, 54, 66, 67, 86, 87, 108, 110, 122, 124, 136, 148], "summary": {"covered_lines": 29, "num_statements": 35, "percent_covered": 84.61538461538461, "percent_covered_display": "85", "missing_lines": 6, "excluded_lines": 0, "percent_statements_covered": 82.85714285714286, "percent_statements_covered_display": "83", "num_branches": 4, "num_partial_branches": 0, "covered_branches": 4, "missing_branches": 0, "percent_branches_covered": 100.0, "percent_branches_covered_display": "100"}, "missing_lines": [133, 134, 145, 146, 157, 158], "excluded_lines": [], "executed_branches": [[66, 67], [66, 86], [86, 87], [86, 108]], "missing_branches": [], "functions": {"WrapperFactory.__init__": {"executed_lines": [49, 50, 51, 52], "summary": {"covered_lines": 4, "num_statements": 4, "percent_covered": 100.0, "percent_covered_display": "100", "missing_lines": 0, "excluded_lines": 0, "percent_statements_covered": 100.0, "percent_statements_covered_display": "100", "num_branches": 0, "num_partial_branches": 0, "covered_branches": 0, "missing_branches": 0, "percent_branches_covered": 100.0, "percent_branches_covered_display": "100"}, "missing_lines": [], "excluded_lines": [], "executed_branches": [], "missing_branches": []}, "WrapperFactory.get_wrapper_config": {"executed_lines": [66, 67, 86, 87, 108], "summary": {"covered_lines": 5, "num_statements": 5, "percent_covered": 100.0, "percent_covered_display": "100", "missing_lines": 0, "excluded_lines": 0, "percent_statements_covered": 100.0, "percent_statements_covered_display": "100", "num_branches": 4, "num_partial_branches": 0, "covered_branches": 4, "missing_branches": 0, "percent_branches_covered": 100.0, "percent_branches_covered_display": "100"}, "missing_lines": [], "excluded_lines": [], "executed_branches": [[66, 67], [66, 86], [86, 87], [86, 108]], "missing_branches": []}, "WrapperFactory.get_capabilities": {"executed_lines": [122], "summary": {"covered_lines": 1, "num_statements": 1, "percent_covered": 100.0, "percent_covered_display": "100", "missing_lines": 0, "excluded_lines": 0, "percent_statements_covered": 100.0, "percent_statements_covered_display": "100", "num_branches": 0, "num_partial_branches": 0, "covered_branches": 0, "missing_branches": 0, "percent_branches_covered": 100.0, "percent_branches_covered_display": "100"}, "missing_lines": [], "excluded_lines": [], "executed_branches": [], "missing_branches": []}, "WrapperFactory.supports_bulk_import": {"executed_lines": [], "summary": {"covered_lines": 0, "num_statements": 2, "percent_covered": 0.0, "percent_covered_display": "0", "missing_lines": 2, "excluded_lines": 0, "percent_statements_covered": 0.0, "percent_statements_covered_display": "0", "num_branches": 0, "num_partial_branches": 0, "covered_branches": 0, "missing_branches": 0, "percent_branches_covered": 100.0, "percent_branches_covered_display": "100"}, "missing_lines": [133, 134], "excluded_lines": [], "executed_branches": [], "missing_branches": []}, "WrapperFactory.supports_algorithms": {"executed_lines": [], "summary": {"covered_lines": 0, "num_statements": 2, "percent_covered": 0.0, "percent_covered_display": "0", "missing_lines": 2, "excluded_lines": 0, "percent_statements_covered": 0.0, "percent_statements_covered_display": "0", "num_branches": 0, "num_partial_branches": 0, "covered_branches": 0, "missing_branches": 0, "percent_branches_covered": 100.0, "percent_branches_covered_display": "100"}, "missing_lines": [145, 146], "excluded_lines": [], "executed_branches": [], "missing_branches": []}, "WrapperFactory.supports_networkx": {"executed_lines": [], "summary": {"covered_lines": 0, "num_statements": 2, "percent_covered": 0.0, "percent_covered_display": "0", "missing_lines": 2, "excluded_lines": 0, "percent_statements_covered": 0.0, "percent_statements_covered_display": "0", "num_branches": 0, "num_partial_branches": 0, "covered_branches": 0, "missing_branches": 0, "percent_branches_covered": 100.0, "percent_branches_covered_display": "100"}, "missing_lines": [157, 158], "excluded_lines": [], "executed_branches": [], "missing_branches": []}, "": {"executed_lines": [1, 8, 10, 13, 14, 15, 21, 22, 23, 24, 25, 26, 27, 28, 31, 32, 34, 54, 110, 124, 136, 148], "summary": {"covered_lines": 19, "num_statements": 19, "percent_covered": 100.0, "percent_covered_display": "100", "missing_lines": 0, "excluded_lines": 0, "percent_statements_covered": 100.0, "percent_statements_covered_display": "100", "num_branches": 0, "num_partial_branches": 0, "covered_branches": 0, "missing_branches": 0, "percent_branches_covered": 100.0, "percent_branches_covered_display": "100"}, "missing_lines": [], "excluded_lines": [], "executed_branches": [], "missing_branches": []}}, "classes": {"WrapperConfig": {"executed_lines": [], "summary": {"covered_lines": 0, "num_statements": 0, "percent_covered": 100.0, "percent_covered_display": "100", "missing_lines": 0, "excluded_lines": 0, "percent_statements_covered": 100.0, "percent_statements_covered_display": "100", "num_branches": 0, "num_partial_branches": 0, "covered_branches": 0, "missing_branches": 0, "percent_branches_covered": 100.0, "percent_branches_covered_display": "100"}, "missing_lines": [], "excluded_lines": [], "executed_branches": [], "missing_branches": []}, "WrapperFactory": {"executed_lines": [49, 50, 51, 52, 66, 67, 86, 87, 108, 122], "summary": {"covered_lines": 10, "num_statements": 16, "percent_covered": 70.0, "percent_covered_display": "70", "missing_lines": 6, "excluded_lines": 0, "percent_statements_covered": 62.5, "percent_statements_covered_display": "62", "num_branches": 4, "num_partial_branches": 0, "covered_branches": 4, "missing_branches": 0, "percent_branches_covered": 100.0, "percent_branches_covered_display": "100"}, "missing_lines": [133, 134, 145, 146, 157, 158], "excluded_lines": [], "executed_branches": [[66, 67], [66, 86], [86, 87], [86, 108]], "missing_branches": []}, "": {"executed_lines": [1, 8, 10, 13, 14, 15, 21, 22, 23, 24, 25, 26, 27, 28, 31, 32, 34, 54, 110, 124, 136, 148], "summary": {"covered_lines": 19, "num_statements": 19, "percent_covered": 100.0, "percent_covered_display": "100", "missing_lines": 0, "excluded_lines": 0, "percent_statements_covered": 100.0, "percent_statements_covered_display": "100", "num_branches": 0, "num_partial_branches": 0, "covered_branches": 0, "missing_branches": 0, "percent_branches_covered": 100.0, "percent_branches_covered_display": "100"}, "missing_lines": [], "excluded_lines": [], "executed_branches": [], "missing_branches": []}}}, "src/control_plane/utils/__init__.py": {"executed_lines": [1], "summary": {"covered_lines": 0, "num_statements": 0, "percent_covered": 100.0, "percent_covered_display": "100", "missing_lines": 0, "excluded_lines": 0, "percent_statements_covered": 100.0, "percent_statements_covered_display": "100", "num_branches": 0, "num_partial_branches": 0, "covered_branches": 0, "missing_branches": 0, "percent_branches_covered": 100.0, "percent_branches_covered_display": "100"}, "missing_lines": [], "excluded_lines": [], "executed_branches": [], "missing_branches": [], "functions": {"": {"executed_lines": [1], "summary": {"covered_lines": 0, "num_statements": 0, "percent_covered": 100.0, "percent_covered_display": "100", "missing_lines": 0, "excluded_lines": 0, "percent_statements_covered": 100.0, "percent_statements_covered_display": "100", "num_branches": 0, "num_partial_branches": 0, "covered_branches": 0, "missing_branches": 0, "percent_branches_covered": 100.0, "percent_branches_covered_display": "100"}, "missing_lines": [], "excluded_lines": [], "executed_branches": [], "missing_branches": []}}, "classes": {"": {"executed_lines": [1], "summary": {"covered_lines": 0, "num_statements": 0, "percent_covered": 100.0, "percent_covered_display": "100", "missing_lines": 0, "excluded_lines": 0, "percent_statements_covered": 100.0, "percent_statements_covered_display": "100", "num_branches": 0, "num_partial_branches": 0, "covered_branches": 0, "missing_branches": 0, "percent_branches_covered": 100.0, "percent_branches_covered_display": "100"}, "missing_lines": [], "excluded_lines": [], "executed_branches": [], "missing_branches": []}}}, "src/control_plane/utils/diff.py": {"executed_lines": [1, 8, 9, 11, 13, 16, 17, 18, 20, 21, 22, 23, 24, 27, 28, 29, 31, 32, 33, 34, 35, 38, 39, 40, 42, 43, 44, 45, 46, 47, 48, 49, 50, 51, 52, 55, 77, 78, 80, 81, 84, 85, 86, 87, 90, 91, 92, 103, 104, 105, 116, 117, 118, 120, 121, 122, 123, 134, 135, 136, 137, 140, 141, 142, 153, 154, 155, 166, 167, 168, 170, 171, 172, 173, 183, 198, 204, 205, 208, 210, 211, 214, 217, 218, 219, 220, 221, 224, 231, 232, 235, 236, 237, 239, 242, 248, 249, 252, 254, 255, 258, 261, 262, 263, 264, 265, 268, 275, 276, 279, 280, 281, 283, 286, 302, 306, 307, 308, 309], "summary": {"covered_lines": 115, "num_statements": 125, "percent_covered": 84.86486486486487, "percent_covered_display": "85", "missing_lines": 10, "excluded_lines": 0, "percent_statements_covered": 92.0, "percent_statements_covered_display": "92", "num_branches": 60, "num_partial_branches": 10, "covered_branches": 42, "missing_branches": 18, "percent_branches_covered": 70.0, "percent_branches_covered_display": "70"}, "missing_lines": [225, 226, 227, 228, 269, 270, 271, 272, 303, 311], "excluded_lines": [], "executed_branches": [[90, 91], [90, 103], [103, 104], [103, 116], [116, 117], [116, 134], [121, 116], [121, 122], [140, 141], [140, 153], [153, 154], [153, 166], [166, 167], [166, 183], [171, 166], [171, 172], [210, 211], [210, 214], [217, 218], [217, 224], [218, 219], [218, 224], [220, 221], [224, 231], [231, 232], [231, 239], [232, 235], [232, 239], [236, 237], [254, 255], [254, 258], [261, 262], [262, 263], [262, 268], [264, 265], [268, 275], [275, 276], [276, 279], [276, 283], [280, 281], [302, 306], [307, 308]], "missing_branches": [[220, 218], [224, 225], [225, 226], [225, 231], [227, 225], [227, 228], [236, 232], [261, 268], [264, 262], [268, 269], [269, 270], [269, 275], [271, 269], [271, 272], [275, 283], [280, 276], [302, 303], [307, 311]], "functions": {"diff_mapping_versions": {"executed_lines": [77, 78, 80, 81, 84, 85, 86, 87, 90, 91, 92, 103, 104, 105, 116, 117, 118, 120, 121, 122, 123, 134, 135, 136, 137, 140, 141, 142, 153, 154, 155, 166, 167, 168, 170, 171, 172, 173, 183], "summary": {"covered_lines": 39, "num_statements": 39, "percent_covered": 100.0, "percent_covered_display": "100", "missing_lines": 0, "excluded_lines": 0, "percent_statements_covered": 100.0, "percent_statements_covered_display": "100", "num_branches": 16, "num_partial_branches": 0, "covered_branches": 16, "missing_branches": 0, "percent_branches_covered": 100.0, "percent_branches_covered_display": "100"}, "missing_lines": [], "excluded_lines": [], "executed_branches": [[90, 91], [90, 103], [103, 104], [103, 116], [116, 117], [116, 134], [121, 116], [121, 122], [140, 141], [140, 153], [153, 154], [153, 166], [166, 167], [166, 183], [171, 166], [171, 172]], "missing_branches": []}, "_diff_node_definition": {"executed_lines": [204, 205, 208, 210, 211, 214, 217, 218, 219, 220, 221, 224, 231, 232, 235, 236, 237, 239], "summary": {"covered_lines": 18, "num_statements": 22, "percent_covered": 73.80952380952381, "percent_covered_display": "74", "missing_lines": 4, "excluded_lines": 0, "percent_statements_covered": 81.81818181818181, "percent_statements_covered_display": "82", "num_branches": 20, "num_partial_branches": 3, "covered_branches": 13, "missing_branches": 7, "percent_branches_covered": 65.0, "percent_branches_covered_display": "65"}, "missing_lines": [225, 226, 227, 228], "excluded_lines": [], "executed_branches": [[210, 211], [210, 214], [217, 218], [217, 224], [218, 219], [218, 224], [220, 221], [224, 231], [231, 232], [231, 239], [232, 235], [232, 239], [236, 237]], "missing_branches": [[220, 218], [224, 225], [225, 226], [225, 231], [227, 225], [227, 228], [236, 232]]}, "_diff_edge_definition": {"executed_lines": [248, 249, 252, 254, 255, 258, 261, 262, 263, 264, 265, 268, 275, 276, 279, 280, 281, 283], "summary": {"covered_lines": 18, "num_statements": 22, "percent_covered": 69.04761904761905, "percent_covered_display": "69", "missing_lines": 4, "excluded_lines": 0, "percent_statements_covered": 81.81818181818181, "percent_statements_covered_display": "82", "num_branches": 20, "num_partial_branches": 5, "covered_branches": 11, "missing_branches": 9, "percent_branches_covered": 55.0, "percent_branches_covered_display": "55"}, "missing_lines": [269, 270, 271, 272], "excluded_lines": [], "executed_branches": [[254, 255], [254, 258], [261, 262], [262, 263], [262, 268], [264, 265], [268, 275], [275, 276], [276, 279], [276, 283], [280, 281]], "missing_branches": [[261, 268], [264, 262], [268, 269], [269, 270], [269, 275], [271, 269], [271, 272], [275, 283], [280, 276]]}, "_extract_top_level_field": {"executed_lines": [302, 306, 307, 308, 309], "summary": {"covered_lines": 5, "num_statements": 7, "percent_covered": 63.63636363636363, "percent_covered_display": "64", "missing_lines": 2, "excluded_lines": 0, "percent_statements_covered": 71.42857142857143, "percent_statements_covered_display": "71", "num_branches": 4, "num_partial_branches": 2, "covered_branches": 2, "missing_branches": 2, "percent_branches_covered": 50.0, "percent_branches_covered_display": "50"}, "missing_lines": [303, 311], "excluded_lines": [], "executed_branches": [[302, 306], [307, 308]], "missing_branches": [[302, 303], [307, 311]]}, "": {"executed_lines": [1, 8, 9, 11, 13, 16, 17, 18, 20, 21, 22, 23, 24, 27, 28, 29, 31, 32, 33, 34, 35, 38, 39, 40, 42, 43, 44, 45, 46, 47, 48, 49, 50, 51, 52, 55, 198, 242, 286], "summary": {"covered_lines": 35, "num_statements": 35, "percent_covered": 100.0, "percent_covered_display": "100", "missing_lines": 0, "excluded_lines": 0, "percent_statements_covered": 100.0, "percent_statements_covered_display": "100", "num_branches": 0, "num_partial_branches": 0, "covered_branches": 0, "missing_branches": 0, "percent_branches_covered": 100.0, "percent_branches_covered_display": "100"}, "missing_lines": [], "excluded_lines": [], "executed_branches": [], "missing_branches": []}}, "classes": {"NodeDiff": {"executed_lines": [], "summary": {"covered_lines": 0, "num_statements": 0, "percent_covered": 100.0, "percent_covered_display": "100", "missing_lines": 0, "excluded_lines": 0, "percent_statements_covered": 100.0, "percent_statements_covered_display": "100", "num_branches": 0, "num_partial_branches": 0, "covered_branches": 0, "missing_branches": 0, "percent_branches_covered": 100.0, "percent_branches_covered_display": "100"}, "missing_lines": [], "excluded_lines": [], "executed_branches": [], "missing_branches": []}, "EdgeDiff": {"executed_lines": [], "summary": {"covered_lines": 0, "num_statements": 0, "percent_covered": 100.0, "percent_covered_display": "100", "missing_lines": 0, "excluded_lines": 0, "percent_statements_covered": 100.0, "percent_statements_covered_display": "100", "num_branches": 0, "num_partial_branches": 0, "covered_branches": 0, "missing_branches": 0, "percent_branches_covered": 100.0, "percent_branches_covered_display": "100"}, "missing_lines": [], "excluded_lines": [], "executed_branches": [], "missing_branches": []}, "MappingDiffResult": {"executed_lines": [], "summary": {"covered_lines": 0, "num_statements": 0, "percent_covered": 100.0, "percent_covered_display": "100", "missing_lines": 0, "excluded_lines": 0, "percent_statements_covered": 100.0, "percent_statements_covered_display": "100", "num_branches": 0, "num_partial_branches": 0, "covered_branches": 0, "missing_branches": 0, "percent_branches_covered": 100.0, "percent_branches_covered_display": "100"}, "missing_lines": [], "excluded_lines": [], "executed_branches": [], "missing_branches": []}, "": {"executed_lines": [1, 8, 9, 11, 13, 16, 17, 18, 20, 21, 22, 23, 24, 27, 28, 29, 31, 32, 33, 34, 35, 38, 39, 40, 42, 43, 44, 45, 46, 47, 48, 49, 50, 51, 52, 55, 77, 78, 80, 81, 84, 85, 86, 87, 90, 91, 92, 103, 104, 105, 116, 117, 118, 120, 121, 122, 123, 134, 135, 136, 137, 140, 141, 142, 153, 154, 155, 166, 167, 168, 170, 171, 172, 173, 183, 198, 204, 205, 208, 210, 211, 214, 217, 218, 219, 220, 221, 224, 231, 232, 235, 236, 237, 239, 242, 248, 249, 252, 254, 255, 258, 261, 262, 263, 264, 265, 268, 275, 276, 279, 280, 281, 283, 286, 302, 306, 307, 308, 309], "summary": {"covered_lines": 115, "num_statements": 125, "percent_covered": 84.86486486486487, "percent_covered_display": "85", "missing_lines": 10, "excluded_lines": 0, "percent_statements_covered": 92.0, "percent_statements_covered_display": "92", "num_branches": 60, "num_partial_branches": 10, "covered_branches": 42, "missing_branches": 18, "percent_branches_covered": 70.0, "percent_branches_covered_display": "70"}, "missing_lines": [225, 226, 227, 228, 269, 270, 271, 272, 303, 311], "excluded_lines": [], "executed_branches": [[90, 91], [90, 103], [103, 104], [103, 116], [116, 117], [116, 134], [121, 116], [121, 122], [140, 141], [140, 153], [153, 154], [153, 166], [166, 167], [166, 183], [171, 166], [171, 172], [210, 211], [210, 214], [217, 218], [217, 224], [218, 219], [218, 224], [220, 221], [224, 231], [231, 232], [231, 239], [232, 235], [232, 239], [236, 237], [254, 255], [254, 258], [261, 262], [262, 263], [262, 268], [264, 265], [268, 275], [275, 276], [276, 279], [276, 283], [280, 281], [302, 306], [307, 308]], "missing_branches": [[220, 218], [224, 225], [225, 226], [225, 231], [227, 225], [227, 228], [236, 232], [261, 268], [264, 262], [268, 269], [269, 270], [269, 275], [271, 269], [271, 272], [275, 283], [280, 276], [302, 303], [307, 311]]}}}}, "totals": {"covered_lines": 3086, "num_statements": 3811, "percent_covered": 76.68926306582112, "percent_covered_display": "77", "missing_lines": 725, "excluded_lines": 4, "percent_statements_covered": 80.97612175282079, "percent_statements_covered_display": "81", "num_branches": 762, "num_partial_branches": 123, "covered_branches": 421, "missing_branches": 341, "percent_branches_covered": 55.249343832021, "percent_branches_covered_display": "55"}}