{"meta": {"format": 3, "version": "7.13.0", "timestamp": "2026-01-05T18:56:14.133183", "branch_coverage": true, "show_contexts": false}, "files": {"src/wrapper/clients/control_plane.py": {"executed_lines": [1, 15, 17, 18, 20, 21, 22, 30, 31, 38, 40, 43, 46, 51, 52, 58, 75, 76, 77, 78, 79, 80, 81, 83, 88, 94, 104, 105, 108, 112, 114, 115, 131, 132, 137, 139, 158, 159, 161, 162, 165, 166, 168, 169, 175, 177, 178, 180, 182, 183, 190, 195, 196, 202, 204, 210, 244, 247, 248, 249, 252, 253, 254, 255, 262, 275, 282, 284, 290, 316, 319, 320, 322, 323, 326, 327, 335, 336, 343, 346, 351, 357, 359, 365, 387, 390, 398, 404, 406, 412, 424, 426, 428, 430, 432, 434, 442, 444, 445, 446, 448, 456, 458, 459, 460, 462, 464, 466, 467], "summary": {"covered_lines": 107, "num_statements": 119, "percent_covered": 87.94326241134752, "percent_covered_display": "88", "missing_lines": 12, "excluded_lines": 0, "percent_statements_covered": 89.91596638655462, "percent_statements_covered_display": "90", "num_branches": 22, "num_partial_branches": 3, "covered_branches": 17, "missing_branches": 5, "percent_branches_covered": 77.27272727272727, "percent_branches_covered_display": "77"}, "missing_lines": [109, 110, 120, 122, 124, 126, 128, 129, 163, 256, 257, 259], "excluded_lines": [], "executed_branches": [[104, 105], [104, 108], [108, 112], [162, 165], [165, 166], [165, 168], [177, 178], [177, 180], [248, 249], [248, 252], [253, 254], [253, 262], [320, 322], [320, 346], [326, 327], [326, 335], [335, 336]], "missing_branches": [[108, 109], [109, 110], [109, 112], [162, 163], [335, 343]], "functions": {"ControlPlaneClient.__init__": {"executed_lines": [75, 76, 77, 78, 79, 80, 81, 83, 88], "summary": {"covered_lines": 9, "num_statements": 9, "percent_covered": 100.0, "percent_covered_display": "100", "missing_lines": 0, "excluded_lines": 0, "percent_statements_covered": 100.0, "percent_statements_covered_display": "100", "num_branches": 0, "num_partial_branches": 0, "covered_branches": 0, "missing_branches": 0, "percent_branches_covered": 100.0, "percent_branches_covered_display": "100"}, "missing_lines": [], "excluded_lines": [], "executed_branches": [], "missing_branches": []}, "ControlPlaneClient._get_token": {"executed_lines": [104, 105, 108, 112, 114, 115, 131, 132, 137], "summary": {"covered_lines": 9, "num_statements": 17, "percent_covered": 52.17391304347826, "percent_covered_display": "52", "missing_lines": 8, "excluded_lines": 0, "percent_statements_covered": 52.94117647058823, "percent_statements_covered_display": "53", "num_branches": 6, "num_partial_branches": 1, "covered_branches": 3, "missing_branches": 3, "percent_branches_covered": 50.0, "percent_branches_covered_display": "50"}, "missing_lines": [109, 110, 120, 122, 124, 126, 128, 129], "excluded_lines": [], "executed_branches": [[104, 105], [104, 108], [108, 112]], "missing_branches": [[108, 109], [109, 110], [109, 112]]}, "ControlPlaneClient._request": {"executed_lines": [158, 159, 161, 162, 165, 166, 168, 169, 175, 177, 178, 180, 182, 183, 190, 195, 196, 202], "summary": {"covered_lines": 18, "num_statements": 19, "percent_covered": 92.0, "percent_covered_display": "92", "missing_lines": 1, "excluded_lines": 0, "percent_statements_covered": 94.73684210526316, "percent_statements_covered_display": "95", "num_branches": 6, "num_partial_branches": 1, "covered_branches": 5, "missing_branches": 1, "percent_branches_covered": 83.33333333333333, "percent_branches_covered_display": "83"}, "missing_lines": [163], "excluded_lines": [], "executed_branches": [[162, 165], [165, 166], [165, 168], [177, 178], [177, 180]], "missing_branches": [[162, 163]]}, "ControlPlaneClient.update_status": {"executed_lines": [244, 247, 248, 249, 252, 253, 254, 255, 262, 275, 282], "summary": {"covered_lines": 11, "num_statements": 14, "percent_covered": 83.33333333333333, "percent_covered_display": "83", "missing_lines": 3, "excluded_lines": 0, "percent_statements_covered": 78.57142857142857, "percent_statements_covered_display": "79", "num_branches": 4, "num_partial_branches": 0, "covered_branches": 4, "missing_branches": 0, "percent_branches_covered": 100.0, "percent_branches_covered_display": "100"}, "missing_lines": [256, 257, 259], "excluded_lines": [], "executed_branches": [[248, 249], [248, 252], [253, 254], [253, 262]], "missing_branches": []}, "ControlPlaneClient.update_progress": {"executed_lines": [316, 319, 320, 322, 323, 326, 327, 335, 336, 343, 346, 351, 357], "summary": {"covered_lines": 13, "num_statements": 13, "percent_covered": 94.73684210526316, "percent_covered_display": "95", "missing_lines": 0, "excluded_lines": 0, "percent_statements_covered": 100.0, "percent_statements_covered_display": "100", "num_branches": 6, "num_partial_branches": 1, "covered_branches": 5, "missing_branches": 1, "percent_branches_covered": 83.33333333333333, "percent_branches_covered_display": "83"}, "missing_lines": [], "excluded_lines": [], "executed_branches": [[320, 322], [320, 346], [326, 327], [326, 335], [335, 336]], "missing_branches": [[335, 343]]}, "ControlPlaneClient.update_metrics": {"executed_lines": [387, 390, 398, 404], "summary": {"covered_lines": 4, "num_statements": 4, "percent_covered": 100.0, "percent_covered_display": "100", "missing_lines": 0, "excluded_lines": 0, "percent_statements_covered": 100.0, "percent_statements_covered_display": "100", "num_branches": 0, "num_partial_branches": 0, "covered_branches": 0, "missing_branches": 0, "percent_branches_covered": 100.0, "percent_branches_covered_display": "100"}, "missing_lines": [], "excluded_lines": [], "executed_branches": [], "missing_branches": []}, "ControlPlaneClient.get_mapping": {"executed_lines": [424, 426, 428, 430, 432, 434, 442, 444, 445, 446], "summary": {"covered_lines": 10, "num_statements": 10, "percent_covered": 100.0, "percent_covered_display": "100", "missing_lines": 0, "excluded_lines": 0, "percent_statements_covered": 100.0, "percent_statements_covered_display": "100", "num_branches": 0, "num_partial_branches": 0, "covered_branches": 0, "missing_branches": 0, "percent_branches_covered": 100.0, "percent_branches_covered_display": "100"}, "missing_lines": [], "excluded_lines": [], "executed_branches": [], "missing_branches": []}, "ControlPlaneClient.record_activity": {"executed_lines": [456, 458, 459, 460, 462], "summary": {"covered_lines": 5, "num_statements": 5, "percent_covered": 100.0, "percent_covered_display": "100", "missing_lines": 0, "excluded_lines": 0, "percent_statements_covered": 100.0, "percent_statements_covered_display": "100", "num_branches": 0, "num_partial_branches": 0, "covered_branches": 0, "missing_branches": 0, "percent_branches_covered": 100.0, "percent_branches_covered_display": "100"}, "missing_lines": [], "excluded_lines": [], "executed_branches": [], "missing_branches": []}, "ControlPlaneClient.close": {"executed_lines": [466, 467], "summary": {"covered_lines": 2, "num_statements": 2, "percent_covered": 100.0, "percent_covered_display": "100", "missing_lines": 0, "excluded_lines": 0, "percent_statements_covered": 100.0, "percent_statements_covered_display": "100", "num_branches": 0, "num_partial_branches": 0, "covered_branches": 0, "missing_branches": 0, "percent_branches_covered": 100.0, "percent_branches_covered_display": "100"}, "missing_lines": [], "excluded_lines": [], "executed_branches": [], "missing_branches": []}, "": {"executed_lines": [1, 15, 17, 18, 20, 21, 22, 30, 31, 38, 40, 43, 46, 51, 52, 58, 94, 139, 204, 210, 284, 290, 359, 365, 406, 412, 448, 464], "summary": {"covered_lines": 26, "num_statements": 26, "percent_covered": 100.0, "percent_covered_display": "100", "missing_lines": 0, "excluded_lines": 0, "percent_statements_covered": 100.0, "percent_statements_covered_display": "100", "num_branches": 0, "num_partial_branches": 0, "covered_branches": 0, "missing_branches": 0, "percent_branches_covered": 100.0, "percent_branches_covered_display": "100"}, "missing_lines": [], "excluded_lines": [], "executed_branches": [], "missing_branches": []}}, "classes": {"ControlPlaneClient": {"executed_lines": [75, 76, 77, 78, 79, 80, 81, 83, 88, 104, 105, 108, 112, 114, 115, 131, 132, 137, 158, 159, 161, 162, 165, 166, 168, 169, 175, 177, 178, 180, 182, 183, 190, 195, 196, 202, 244, 247, 248, 249, 252, 253, 254, 255, 262, 275, 282, 316, 319, 320, 322, 323, 326, 327, 335, 336, 343, 346, 351, 357, 387, 390, 398, 404, 424, 426, 428, 430, 432, 434, 442, 444, 445, 446, 456, 458, 459, 460, 462, 466, 467], "summary": {"covered_lines": 81, "num_statements": 93, "percent_covered": 85.21739130434783, "percent_covered_display": "85", "missing_lines": 12, "excluded_lines": 0, "percent_statements_covered": 87.09677419354838, "percent_statements_covered_display": "87", "num_branches": 22, "num_partial_branches": 3, "covered_branches": 17, "missing_branches": 5, "percent_branches_covered": 77.27272727272727, "percent_branches_covered_display": "77"}, "missing_lines": [109, 110, 120, 122, 124, 126, 128, 129, 163, 256, 257, 259], "excluded_lines": [], "executed_branches": [[104, 105], [104, 108], [108, 112], [162, 165], [165, 166], [165, 168], [177, 178], [177, 180], [248, 249], [248, 252], [253, 254], [253, 262], [320, 322], [320, 346], [326, 327], [326, 335], [335, 336]], "missing_branches": [[108, 109], [109, 110], [109, 112], [162, 163], [335, 343]]}, "": {"executed_lines": [1, 15, 17, 18, 20, 21, 22, 30, 31, 38, 40, 43, 46, 51, 52, 58, 94, 139, 204, 210, 284, 290, 359, 365, 406, 412, 448, 464], "summary": {"covered_lines": 26, "num_statements": 26, "percent_covered": 100.0, "percent_covered_display": "100", "missing_lines": 0, "excluded_lines": 0, "percent_statements_covered": 100.0, "percent_statements_covered_display": "100", "num_branches": 0, "num_partial_branches": 0, "covered_branches": 0, "missing_branches": 0, "percent_branches_covered": 100.0, "percent_branches_covered_display": "100"}, "missing_lines": [], "excluded_lines": [], "executed_branches": [], "missing_branches": []}}}, "src/wrapper/clients/gcs.py": {"executed_lines": [1, 3, 5, 6, 7, 9, 10, 11, 18, 20, 23, 24, 30, 32, 33, 35, 41, 56, 57, 60, 61, 62, 64, 66, 74, 77, 84, 90, 97, 98, 99, 101, 113, 114, 117, 118, 119, 121, 124, 130, 132, 134, 136, 138, 139, 141, 156, 158, 160, 163, 164, 166, 167, 170, 171, 173, 178, 180, 181, 186], "summary": {"covered_lines": 58, "num_statements": 58, "percent_covered": 100.0, "percent_covered_display": "100", "missing_lines": 0, "excluded_lines": 0, "percent_statements_covered": 100.0, "percent_statements_covered_display": "100", "num_branches": 8, "num_partial_branches": 0, "covered_branches": 8, "missing_branches": 0, "percent_branches_covered": 100.0, "percent_branches_covered_display": "100"}, "missing_lines": [], "excluded_lines": [], "executed_branches": [[56, 57], [56, 60], [61, 62], [61, 64], [113, 114], [113, 117], [164, 166], [164, 173]], "missing_branches": [], "functions": {"GCSClient.__init__": {"executed_lines": [32, 33], "summary": {"covered_lines": 2, "num_statements": 2, "percent_covered": 100.0, "percent_covered_display": "100", "missing_lines": 0, "excluded_lines": 0, "percent_statements_covered": 100.0, "percent_statements_covered_display": "100", "num_branches": 0, "num_partial_branches": 0, "covered_branches": 0, "missing_branches": 0, "percent_branches_covered": 100.0, "percent_branches_covered_display": "100"}, "missing_lines": [], "excluded_lines": [], "executed_branches": [], "missing_branches": []}, "GCSClient.download_file": {"executed_lines": [56, 57, 60, 61, 62, 64, 66, 74, 77, 84], "summary": {"covered_lines": 10, "num_statements": 10, "percent_covered": 100.0, "percent_covered_display": "100", "missing_lines": 0, "excluded_lines": 0, "percent_statements_covered": 100.0, "percent_statements_covered_display": "100", "num_branches": 4, "num_partial_branches": 0, "covered_branches": 4, "missing_branches": 0, "percent_branches_covered": 100.0, "percent_branches_covered_display": "100"}, "missing_lines": [], "excluded_lines": [], "executed_branches": [[56, 57], [56, 60], [61, 62], [61, 64]], "missing_branches": []}, "GCSClient._download_blob": {"executed_lines": [97, 98, 99], "summary": {"covered_lines": 3, "num_statements": 3, "percent_covered": 100.0, "percent_covered_display": "100", "missing_lines": 0, "excluded_lines": 0, "percent_statements_covered": 100.0, "percent_statements_covered_display": "100", "num_branches": 0, "num_partial_branches": 0, "covered_branches": 0, "missing_branches": 0, "percent_branches_covered": 100.0, "percent_branches_covered_display": "100"}, "missing_lines": [], "excluded_lines": [], "executed_branches": [], "missing_branches": []}, "GCSClient.list_files": {"executed_lines": [113, 114, 117, 118, 119, 121, 124, 130, 132, 134], "summary": {"covered_lines": 10, "num_statements": 10, "percent_covered": 100.0, "percent_covered_display": "100", "missing_lines": 0, "excluded_lines": 0, "percent_statements_covered": 100.0, "percent_statements_covered_display": "100", "num_branches": 2, "num_partial_branches": 0, "covered_branches": 2, "missing_branches": 0, "percent_branches_covered": 100.0, "percent_branches_covered_display": "100"}, "missing_lines": [], "excluded_lines": [], "executed_branches": [[113, 114], [113, 117]], "missing_branches": []}, "GCSClient._list_blobs": {"executed_lines": [138, 139], "summary": {"covered_lines": 2, "num_statements": 2, "percent_covered": 100.0, "percent_covered_display": "100", "missing_lines": 0, "excluded_lines": 0, "percent_statements_covered": 100.0, "percent_statements_covered_display": "100", "num_branches": 0, "num_partial_branches": 0, "covered_branches": 0, "missing_branches": 0, "percent_branches_covered": 100.0, "percent_branches_covered_display": "100"}, "missing_lines": [], "excluded_lines": [], "executed_branches": [], "missing_branches": []}, "GCSClient.download_snapshot_data": {"executed_lines": [156, 158, 160, 163, 164, 166, 167, 170, 171, 173, 178, 180, 181, 186], "summary": {"covered_lines": 14, "num_statements": 14, "percent_covered": 100.0, "percent_covered_display": "100", "missing_lines": 0, "excluded_lines": 0, "percent_statements_covered": 100.0, "percent_statements_covered_display": "100", "num_branches": 2, "num_partial_branches": 0, "covered_branches": 2, "missing_branches": 0, "percent_branches_covered": 100.0, "percent_branches_covered_display": "100"}, "missing_lines": [], "excluded_lines": [], "executed_branches": [[164, 166], [164, 173]], "missing_branches": []}, "": {"executed_lines": [1, 3, 5, 6, 7, 9, 10, 11, 18, 20, 23, 24, 30, 35, 41, 90, 101, 136, 141], "summary": {"covered_lines": 17, "num_statements": 17, "percent_covered": 100.0, "percent_covered_display": "100", "missing_lines": 0, "excluded_lines": 0, "percent_statements_covered": 100.0, "percent_statements_covered_display": "100", "num_branches": 0, "num_partial_branches": 0, "covered_branches": 0, "missing_branches": 0, "percent_branches_covered": 100.0, "percent_branches_covered_display": "100"}, "missing_lines": [], "excluded_lines": [], "executed_branches": [], "missing_branches": []}}, "classes": {"GCSClient": {"executed_lines": [32, 33, 56, 57, 60, 61, 62, 64, 66, 74, 77, 84, 97, 98, 99, 113, 114, 117, 118, 119, 121, 124, 130, 132, 134, 138, 139, 156, 158, 160, 163, 164, 166, 167, 170, 171, 173, 178, 180, 181, 186], "summary": {"covered_lines": 41, "num_statements": 41, "percent_covered": 100.0, "percent_covered_display": "100", "missing_lines": 0, "excluded_lines": 0, "percent_statements_covered": 100.0, "percent_statements_covered_display": "100", "num_branches": 8, "num_partial_branches": 0, "covered_branches": 8, "missing_branches": 0, "percent_branches_covered": 100.0, "percent_branches_covered_display": "100"}, "missing_lines": [], "excluded_lines": [], "executed_branches": [[56, 57], [56, 60], [61, 62], [61, 64], [113, 114], [113, 117], [164, 166], [164, 173]], "missing_branches": []}, "": {"executed_lines": [1, 3, 5, 6, 7, 9, 10, 11, 18, 20, 23, 24, 30, 35, 41, 90, 101, 136, 141], "summary": {"covered_lines": 17, "num_statements": 17, "percent_covered": 100.0, "percent_covered_display": "100", "missing_lines": 0, "excluded_lines": 0, "percent_statements_covered": 100.0, "percent_statements_covered_display": "100", "num_branches": 0, "num_partial_branches": 0, "covered_branches": 0, "missing_branches": 0, "percent_branches_covered": 100.0, "percent_branches_covered_display": "100"}, "missing_lines": [], "excluded_lines": [], "executed_branches": [], "missing_branches": []}}}, "src/wrapper/config.py": {"executed_lines": [1, 3, 5, 6, 7, 9, 10, 13, 14, 16, 23, 24, 25, 26, 27, 30, 31, 34, 37, 38, 41, 42, 45, 47, 48, 49, 51, 52, 53, 56, 57, 59, 65, 71, 72, 74, 81, 87, 92, 99, 100, 102, 109, 114, 117, 118, 120, 126, 130, 136, 137, 139, 140, 141, 142, 143, 146, 151, 154, 155, 157], "summary": {"covered_lines": 54, "num_statements": 54, "percent_covered": 100.0, "percent_covered_display": "100", "missing_lines": 0, "excluded_lines": 0, "percent_statements_covered": 100.0, "percent_statements_covered_display": "100", "num_branches": 2, "num_partial_branches": 0, "covered_branches": 2, "missing_branches": 0, "percent_branches_covered": 100.0, "percent_branches_covered_display": "100"}, "missing_lines": [], "excluded_lines": [], "executed_branches": [[51, 52], [51, 53]], "missing_branches": [], "functions": {"WrapperConfig.validate_gcs_path": {"executed_lines": [51, 52, 53], "summary": {"covered_lines": 3, "num_statements": 3, "percent_covered": 100.0, "percent_covered_display": "100", "missing_lines": 0, "excluded_lines": 0, "percent_statements_covered": 100.0, "percent_statements_covered_display": "100", "num_branches": 2, "num_partial_branches": 0, "covered_branches": 2, "missing_branches": 0, "percent_branches_covered": 100.0, "percent_branches_covered_display": "100"}, "missing_lines": [], "excluded_lines": [], "executed_branches": [[51, 52], [51, 53]], "missing_branches": []}, "get_settings": {"executed_lines": [157], "summary": {"covered_lines": 1, "num_statements": 1, "percent_covered": 100.0, "percent_covered_display": "100", "missing_lines": 0, "excluded_lines": 0, "percent_statements_covered": 100.0, "percent_statements_covered_display": "100", "num_branches": 0, "num_partial_branches": 0, "covered_branches": 0, "missing_branches": 0, "percent_branches_covered": 100.0, "percent_branches_covered_display": "100"}, "missing_lines": [], "excluded_lines": [], "executed_branches": [], "missing_branches": []}, "": {"executed_lines": [1, 3, 5, 6, 7, 9, 10, 13, 14, 16, 23, 24, 25, 26, 27, 30, 31, 34, 37, 38, 41, 42, 45, 47, 48, 49, 56, 57, 59, 65, 71, 72, 74, 81, 87, 92, 99, 100, 102, 109, 114, 117, 118, 120, 126, 130, 136, 137, 139, 140, 141, 142, 143, 146, 151, 154, 155], "summary": {"covered_lines": 50, "num_statements": 50, "percent_covered": 100.0, "percent_covered_display": "100", "missing_lines": 0, "excluded_lines": 0, "percent_statements_covered": 100.0, "percent_statements_covered_display": "100", "num_branches": 0, "num_partial_branches": 0, "covered_branches": 0, "missing_branches": 0, "percent_branches_covered": 100.0, "percent_branches_covered_display": "100"}, "missing_lines": [], "excluded_lines": [], "executed_branches": [], "missing_branches": []}}, "classes": {"WrapperConfig": {"executed_lines": [51, 52, 53], "summary": {"covered_lines": 3, "num_statements": 3, "percent_covered": 100.0, "percent_covered_display": "100", "missing_lines": 0, "excluded_lines": 0, "percent_statements_covered": 100.0, "percent_statements_covered_display": "100", "num_branches": 2, "num_partial_branches": 0, "covered_branches": 2, "missing_branches": 0, "percent_branches_covered": 100.0, "percent_branches_covered_display": "100"}, "missing_lines": [], "excluded_lines": [], "executed_branches": [[51, 52], [51, 53]], "missing_branches": []}, "InternalAuthConfig": {"executed_lines": [], "summary": {"covered_lines": 0, "num_statements": 0, "percent_covered": 100.0, "percent_covered_display": "100", "missing_lines": 0, "excluded_lines": 0, "percent_statements_covered": 100.0, "percent_statements_covered_display": "100", "num_branches": 0, "num_partial_branches": 0, "covered_branches": 0, "missing_branches": 0, "percent_branches_covered": 100.0, "percent_branches_covered_display": "100"}, "missing_lines": [], "excluded_lines": [], "executed_branches": [], "missing_branches": []}, "FalkorDBConfig": {"executed_lines": [], "summary": {"covered_lines": 0, "num_statements": 0, "percent_covered": 100.0, "percent_covered_display": "100", "missing_lines": 0, "excluded_lines": 0, "percent_statements_covered": 100.0, "percent_statements_covered_display": "100", "num_branches": 0, "num_partial_branches": 0, "covered_branches": 0, "missing_branches": 0, "percent_branches_covered": 100.0, "percent_branches_covered_display": "100"}, "missing_lines": [], "excluded_lines": [], "executed_branches": [], "missing_branches": []}, "MetricsConfig": {"executed_lines": [], "summary": {"covered_lines": 0, "num_statements": 0, "percent_covered": 100.0, "percent_covered_display": "100", "missing_lines": 0, "excluded_lines": 0, "percent_statements_covered": 100.0, "percent_statements_covered_display": "100", "num_branches": 0, "num_partial_branches": 0, "covered_branches": 0, "missing_branches": 0, "percent_branches_covered": 100.0, "percent_branches_covered_display": "100"}, "missing_lines": [], "excluded_lines": [], "executed_branches": [], "missing_branches": []}, "LoggingConfig": {"executed_lines": [], "summary": {"covered_lines": 0, "num_statements": 0, "percent_covered": 100.0, "percent_covered_display": "100", "missing_lines": 0, "excluded_lines": 0, "percent_statements_covered": 100.0, "percent_statements_covered_display": "100", "num_branches": 0, "num_partial_branches": 0, "covered_branches": 0, "missing_branches": 0, "percent_branches_covered": 100.0, "percent_branches_covered_display": "100"}, "missing_lines": [], "excluded_lines": [], "executed_branches": [], "missing_branches": []}, "Settings": {"executed_lines": [], "summary": {"covered_lines": 0, "num_statements": 0, "percent_covered": 100.0, "percent_covered_display": "100", "missing_lines": 0, "excluded_lines": 0, "percent_statements_covered": 100.0, "percent_statements_covered_display": "100", "num_branches": 0, "num_partial_branches": 0, "covered_branches": 0, "missing_branches": 0, "percent_branches_covered": 100.0, "percent_branches_covered_display": "100"}, "missing_lines": [], "excluded_lines": [], "executed_branches": [], "missing_branches": []}, "": {"executed_lines": [1, 3, 5, 6, 7, 9, 10, 13, 14, 16, 23, 24, 25, 26, 27, 30, 31, 34, 37, 38, 41, 42, 45, 47, 48, 49, 56, 57, 59, 65, 71, 72, 74, 81, 87, 92, 99, 100, 102, 109, 114, 117, 118, 120, 126, 130, 136, 137, 139, 140, 141, 142, 143, 146, 151, 154, 155, 157], "summary": {"covered_lines": 51, "num_statements": 51, "percent_covered": 100.0, "percent_covered_display": "100", "missing_lines": 0, "excluded_lines": 0, "percent_statements_covered": 100.0, "percent_statements_covered_display": "100", "num_branches": 0, "num_partial_branches": 0, "covered_branches": 0, "missing_branches": 0, "percent_branches_covered": 100.0, "percent_branches_covered_display": "100"}, "missing_lines": [], "excluded_lines": [], "executed_branches": [], "missing_branches": []}}}, "src/wrapper/dependencies.py": {"executed_lines": [1, 7, 9, 11, 13, 15, 27, 32, 40, 52, 53, 54, 58, 61, 73, 74, 75, 79, 82, 103, 115, 116, 117, 121, 129, 140, 143, 154, 157, 176, 234, 235, 236, 237, 238, 239, 240, 241, 242], "summary": {"covered_lines": 37, "num_statements": 54, "percent_covered": 65.15151515151516, "percent_covered_display": "65", "missing_lines": 17, "excluded_lines": 5, "percent_statements_covered": 68.51851851851852, "percent_statements_covered_display": "69", "num_branches": 12, "num_partial_branches": 0, "covered_branches": 6, "missing_branches": 6, "percent_branches_covered": 50.0, "percent_branches_covered_display": "50"}, "missing_lines": [94, 95, 96, 100, 168, 198, 200, 203, 204, 207, 208, 211, 212, 214, 215, 222, 227], "excluded_lines": [15, 16, 17, 18, 19], "executed_branches": [[53, 54], [53, 58], [74, 75], [74, 79], [116, 117], [116, 121]], "missing_branches": [[95, 96], [95, 100], [207, 208], [207, 211], [214, 215], [214, 227]], "functions": {"get_app_settings": {"executed_lines": [32], "summary": {"covered_lines": 1, "num_statements": 1, "percent_covered": 100.0, "percent_covered_display": "100", "missing_lines": 0, "excluded_lines": 0, "percent_statements_covered": 100.0, "percent_statements_covered_display": "100", "num_branches": 0, "num_partial_branches": 0, "covered_branches": 0, "missing_branches": 0, "percent_branches_covered": 100.0, "percent_branches_covered_display": "100"}, "missing_lines": [], "excluded_lines": [], "executed_branches": [], "missing_branches": []}, "get_database_service": {"executed_lines": [52, 53, 54, 58], "summary": {"covered_lines": 4, "num_statements": 4, "percent_covered": 100.0, "percent_covered_display": "100", "missing_lines": 0, "excluded_lines": 0, "percent_statements_covered": 100.0, "percent_statements_covered_display": "100", "num_branches": 2, "num_partial_branches": 0, "covered_branches": 2, "missing_branches": 0, "percent_branches_covered": 100.0, "percent_branches_covered_display": "100"}, "missing_lines": [], "excluded_lines": [], "executed_branches": [[53, 54], [53, 58]], "missing_branches": []}, "get_lock_service": {"executed_lines": [73, 74, 75, 79], "summary": {"covered_lines": 4, "num_statements": 4, "percent_covered": 100.0, "percent_covered_display": "100", "missing_lines": 0, "excluded_lines": 0, "percent_statements_covered": 100.0, "percent_statements_covered_display": "100", "num_branches": 2, "num_partial_branches": 0, "covered_branches": 2, "missing_branches": 0, "percent_branches_covered": 100.0, "percent_branches_covered_display": "100"}, "missing_lines": [], "excluded_lines": [], "executed_branches": [[74, 75], [74, 79]], "missing_branches": []}, "get_control_plane_client": {"executed_lines": [], "summary": {"covered_lines": 0, "num_statements": 4, "percent_covered": 0.0, "percent_covered_display": "0", "missing_lines": 4, "excluded_lines": 0, "percent_statements_covered": 0.0, "percent_statements_covered_display": "0", "num_branches": 2, "num_partial_branches": 0, "covered_branches": 0, "missing_branches": 2, "percent_branches_covered": 0.0, "percent_branches_covered_display": "0"}, "missing_lines": [94, 95, 96, 100], "excluded_lines": [], "executed_branches": [], "missing_branches": [[95, 96], [95, 100]]}, "get_algorithm_service": {"executed_lines": [115, 116, 117, 121], "summary": {"covered_lines": 4, "num_statements": 4, "percent_covered": 100.0, "percent_covered_display": "100", "missing_lines": 0, "excluded_lines": 0, "percent_statements_covered": 100.0, "percent_statements_covered_display": "100", "num_branches": 2, "num_partial_branches": 0, "covered_branches": 2, "missing_branches": 0, "percent_branches_covered": 100.0, "percent_branches_covered_display": "100"}, "missing_lines": [], "excluded_lines": [], "executed_branches": [[116, 117], [116, 121]], "missing_branches": []}, "get_user_id": {"executed_lines": [140], "summary": {"covered_lines": 1, "num_statements": 1, "percent_covered": 100.0, "percent_covered_display": "100", "missing_lines": 0, "excluded_lines": 0, "percent_statements_covered": 100.0, "percent_statements_covered_display": "100", "num_branches": 0, "num_partial_branches": 0, "covered_branches": 0, "missing_branches": 0, "percent_branches_covered": 100.0, "percent_branches_covered_display": "100"}, "missing_lines": [], "excluded_lines": [], "executed_branches": [], "missing_branches": []}, "get_user_name": {"executed_lines": [154], "summary": {"covered_lines": 1, "num_statements": 1, "percent_covered": 100.0, "percent_covered_display": "100", "missing_lines": 0, "excluded_lines": 0, "percent_statements_covered": 100.0, "percent_statements_covered_display": "100", "num_branches": 0, "num_partial_branches": 0, "covered_branches": 0, "missing_branches": 0, "percent_branches_covered": 100.0, "percent_branches_covered_display": "100"}, "missing_lines": [], "excluded_lines": [], "executed_branches": [], "missing_branches": []}, "get_user_role": {"executed_lines": [], "summary": {"covered_lines": 0, "num_statements": 1, "percent_covered": 0.0, "percent_covered_display": "0", "missing_lines": 1, "excluded_lines": 0, "percent_statements_covered": 0.0, "percent_statements_covered_display": "0", "num_branches": 0, "num_partial_branches": 0, "covered_branches": 0, "missing_branches": 0, "percent_branches_covered": 100.0, "percent_branches_covered_display": "100"}, "missing_lines": [168], "excluded_lines": [], "executed_branches": [], "missing_branches": []}, "require_algorithm_permission": {"executed_lines": [], "summary": {"covered_lines": 0, "num_statements": 12, "percent_covered": 0.0, "percent_covered_display": "0", "missing_lines": 12, "excluded_lines": 0, "percent_statements_covered": 0.0, "percent_statements_covered_display": "0", "num_branches": 4, "num_partial_branches": 0, "covered_branches": 0, "missing_branches": 4, "percent_branches_covered": 0.0, "percent_branches_covered_display": "0"}, "missing_lines": [198, 200, 203, 204, 207, 208, 211, 212, 214, 215, 222, 227], "excluded_lines": [], "executed_branches": [], "missing_branches": [[207, 208], [207, 211], [214, 215], [214, 227]]}, "": {"executed_lines": [1, 7, 9, 11, 13, 15, 27, 40, 61, 82, 103, 129, 143, 157, 176, 234, 235, 236, 237, 238, 239, 240, 241, 242], "summary": {"covered_lines": 22, "num_statements": 22, "percent_covered": 100.0, "percent_covered_display": "100", "missing_lines": 0, "excluded_lines": 5, "percent_statements_covered": 100.0, "percent_statements_covered_display": "100", "num_branches": 0, "num_partial_branches": 0, "covered_branches": 0, "missing_branches": 0, "percent_branches_covered": 100.0, "percent_branches_covered_display": "100"}, "missing_lines": [], "excluded_lines": [15, 16, 17, 18, 19], "executed_branches": [], "missing_branches": []}}, "classes": {"": {"executed_lines": [1, 7, 9, 11, 13, 15, 27, 32, 40, 52, 53, 54, 58, 61, 73, 74, 75, 79, 82, 103, 115, 116, 117, 121, 129, 140, 143, 154, 157, 176, 234, 235, 236, 237, 238, 239, 240, 241, 242], "summary": {"covered_lines": 37, "num_statements": 54, "percent_covered": 65.15151515151516, "percent_covered_display": "65", "missing_lines": 17, "excluded_lines": 5, "percent_statements_covered": 68.51851851851852, "percent_statements_covered_display": "69", "num_branches": 12, "num_partial_branches": 0, "covered_branches": 6, "missing_branches": 6, "percent_branches_covered": 50.0, "percent_branches_covered_display": "50"}, "missing_lines": [94, 95, 96, 100, 168, 198, 200, 203, 204, 207, 208, 211, 212, 214, 215, 222, 227], "excluded_lines": [15, 16, 17, 18, 19], "executed_branches": [[53, 54], [53, 58], [74, 75], [74, 79], [116, 117], [116, 121]], "missing_branches": [[95, 96], [95, 100], [207, 208], [207, 211], [214, 215], [214, 227]]}}}, "src/wrapper/exceptions.py": {"executed_lines": [1, 12, 14, 15, 18, 19, 27, 28, 30, 36, 37, 38, 40, 42, 56, 57, 59, 60, 63, 64, 66, 68, 69, 72, 73, 75, 78, 79, 81, 83, 91, 92, 94, 96, 99, 100, 102, 104, 105, 111, 112, 114, 116, 130, 131, 133, 134, 137, 138, 140, 142, 149, 150, 151, 152, 154, 157, 158, 160, 161, 163, 170, 171, 172, 173, 174, 175, 176, 177, 183, 184, 186, 187, 195, 196, 198, 199, 201, 208, 209, 210, 211, 212, 220, 221, 223, 224, 226, 227, 238, 239, 241, 242, 244, 245, 259, 260, 262, 263, 265, 272, 274, 279], "summary": {"covered_lines": 87, "num_statements": 91, "percent_covered": 91.42857142857143, "percent_covered_display": "91", "missing_lines": 4, "excluded_lines": 0, "percent_statements_covered": 95.6043956043956, "percent_statements_covered_display": "96", "num_branches": 14, "num_partial_branches": 5, "covered_branches": 9, "missing_branches": 5, "percent_branches_covered": 64.28571428571429, "percent_branches_covered_display": "64"}, "missing_lines": [93, 95, 122, 153], "excluded_lines": [], "executed_branches": [[92, 94], [94, 96], [150, 151], [152, 154], [173, 174], [175, 176], [175, 177], [210, 211], [210, 212]], "missing_branches": [[92, 93], [94, 95], [150, 152], [152, 153], [173, 175]], "functions": {"WrapperError.__init__": {"executed_lines": [36, 37, 38], "summary": {"covered_lines": 3, "num_statements": 3, "percent_covered": 100.0, "percent_covered_display": "100", "missing_lines": 0, "excluded_lines": 0, "percent_statements_covered": 100.0, "percent_statements_covered_display": "100", "num_branches": 0, "num_partial_branches": 0, "covered_branches": 0, "missing_branches": 0, "percent_branches_covered": 100.0, "percent_branches_covered_display": "100"}, "missing_lines": [], "excluded_lines": [], "executed_branches": [], "missing_branches": []}, "WrapperError.to_dict": {"executed_lines": [42], "summary": {"covered_lines": 1, "num_statements": 1, "percent_covered": 100.0, "percent_covered_display": "100", "missing_lines": 0, "excluded_lines": 0, "percent_statements_covered": 100.0, "percent_statements_covered_display": "100", "num_branches": 0, "num_partial_branches": 0, "covered_branches": 0, "missing_branches": 0, "percent_branches_covered": 100.0, "percent_branches_covered_display": "100"}, "missing_lines": [], "excluded_lines": [], "executed_branches": [], "missing_branches": []}, "DatabaseNotInitializedError.__init__": {"executed_lines": [69], "summary": {"covered_lines": 1, "num_statements": 1, "percent_covered": 100.0, "percent_covered_display": "100", "missing_lines": 0, "excluded_lines": 0, "percent_statements_covered": 100.0, "percent_statements_covered_display": "100", "num_branches": 0, "num_partial_branches": 0, "covered_branches": 0, "missing_branches": 0, "percent_branches_covered": 100.0, "percent_branches_covered_display": "100"}, "missing_lines": [], "excluded_lines": [], "executed_branches": [], "missing_branches": []}, "DataLoadError.__init__": {"executed_lines": [91, 92, 94, 96], "summary": {"covered_lines": 4, "num_statements": 6, "percent_covered": 60.0, "percent_covered_display": "60", "missing_lines": 2, "excluded_lines": 0, "percent_statements_covered": 66.66666666666667, "percent_statements_covered_display": "67", "num_branches": 4, "num_partial_branches": 2, "covered_branches": 2, "missing_branches": 2, "percent_branches_covered": 50.0, "percent_branches_covered_display": "50"}, "missing_lines": [93, 95], "excluded_lines": [], "executed_branches": [[92, 94], [94, 96]], "missing_branches": [[92, 93], [94, 95]]}, "DatabasePathError.__init__": {"executed_lines": [105], "summary": {"covered_lines": 1, "num_statements": 1, "percent_covered": 100.0, "percent_covered_display": "100", "missing_lines": 0, "excluded_lines": 0, "percent_statements_covered": 100.0, "percent_statements_covered_display": "100", "num_branches": 0, "num_partial_branches": 0, "covered_branches": 0, "missing_branches": 0, "percent_branches_covered": 100.0, "percent_branches_covered_display": "100"}, "missing_lines": [], "excluded_lines": [], "executed_branches": [], "missing_branches": []}, "SchemaCreationError.__init__": {"executed_lines": [], "summary": {"covered_lines": 0, "num_statements": 1, "percent_covered": 0.0, "percent_covered_display": "0", "missing_lines": 1, "excluded_lines": 0, "percent_statements_covered": 0.0, "percent_statements_covered_display": "0", "num_branches": 0, "num_partial_branches": 0, "covered_branches": 0, "missing_branches": 0, "percent_branches_covered": 100.0, "percent_branches_covered_display": "100"}, "missing_lines": [122], "excluded_lines": [], "executed_branches": [], "missing_branches": []}, "QuerySyntaxError.__init__": {"executed_lines": [149, 150, 151, 152, 154], "summary": {"covered_lines": 5, "num_statements": 6, "percent_covered": 70.0, "percent_covered_display": "70", "missing_lines": 1, "excluded_lines": 0, "percent_statements_covered": 83.33333333333333, "percent_statements_covered_display": "83", "num_branches": 4, "num_partial_branches": 2, "covered_branches": 2, "missing_branches": 2, "percent_branches_covered": 50.0, "percent_branches_covered_display": "50"}, "missing_lines": [153], "excluded_lines": [], "executed_branches": [[150, 151], [152, 154]], "missing_branches": [[150, 152], [152, 153]]}, "QueryTimeoutError.__init__": {"executed_lines": [170, 171, 172, 173, 174, 175, 176, 177], "summary": {"covered_lines": 8, "num_statements": 8, "percent_covered": 91.66666666666667, "percent_covered_display": "92", "missing_lines": 0, "excluded_lines": 0, "percent_statements_covered": 100.0, "percent_statements_covered_display": "100", "num_branches": 4, "num_partial_branches": 1, "covered_branches": 3, "missing_branches": 1, "percent_branches_covered": 75.0, "percent_branches_covered_display": "75"}, "missing_lines": [], "excluded_lines": [], "executed_branches": [[173, 174], [175, 176], [175, 177]], "missing_branches": [[173, 175]]}, "ControlPlaneError.__init__": {"executed_lines": [208, 209, 210, 211, 212], "summary": {"covered_lines": 5, "num_statements": 5, "percent_covered": 100.0, "percent_covered_display": "100", "missing_lines": 0, "excluded_lines": 0, "percent_statements_covered": 100.0, "percent_statements_covered_display": "100", "num_branches": 2, "num_partial_branches": 0, "covered_branches": 2, "missing_branches": 0, "percent_branches_covered": 100.0, "percent_branches_covered_display": "100"}, "missing_lines": [], "excluded_lines": [], "executed_branches": [[210, 211], [210, 212]], "missing_branches": []}, "GCSDownloadError.__init__": {"executed_lines": [227], "summary": {"covered_lines": 1, "num_statements": 1, "percent_covered": 100.0, "percent_covered_display": "100", "missing_lines": 0, "excluded_lines": 0, "percent_statements_covered": 100.0, "percent_statements_covered_display": "100", "num_branches": 0, "num_partial_branches": 0, "covered_branches": 0, "missing_branches": 0, "percent_branches_covered": 100.0, "percent_branches_covered_display": "100"}, "missing_lines": [], "excluded_lines": [], "executed_branches": [], "missing_branches": []}, "OutOfMemoryError.__init__": {"executed_lines": [245], "summary": {"covered_lines": 1, "num_statements": 1, "percent_covered": 100.0, "percent_covered_display": "100", "missing_lines": 0, "excluded_lines": 0, "percent_statements_covered": 100.0, "percent_statements_covered_display": "100", "num_branches": 0, "num_partial_branches": 0, "covered_branches": 0, "missing_branches": 0, "percent_branches_covered": 100.0, "percent_branches_covered_display": "100"}, "missing_lines": [], "excluded_lines": [], "executed_branches": [], "missing_branches": []}, "ResourceLockedError.__init__": {"executed_lines": [272, 274, 279], "summary": {"covered_lines": 3, "num_statements": 3, "percent_covered": 100.0, "percent_covered_display": "100", "missing_lines": 0, "excluded_lines": 0, "percent_statements_covered": 100.0, "percent_statements_covered_display": "100", "num_branches": 0, "num_partial_branches": 0, "covered_branches": 0, "missing_branches": 0, "percent_branches_covered": 100.0, "percent_branches_covered_display": "100"}, "missing_lines": [], "excluded_lines": [], "executed_branches": [], "missing_branches": []}, "": {"executed_lines": [1, 12, 14, 15, 18, 19, 27, 28, 30, 40, 56, 57, 59, 60, 63, 64, 66, 68, 72, 73, 75, 78, 79, 81, 83, 99, 100, 102, 104, 111, 112, 114, 116, 130, 131, 133, 134, 137, 138, 140, 142, 157, 158, 160, 161, 163, 183, 184, 186, 187, 195, 196, 198, 199, 201, 220, 221, 223, 224, 226, 238, 239, 241, 242, 244, 259, 260, 262, 263, 265], "summary": {"covered_lines": 54, "num_statements": 54, "percent_covered": 100.0, "percent_covered_display": "100", "missing_lines": 0, "excluded_lines": 0, "percent_statements_covered": 100.0, "percent_statements_covered_display": "100", "num_branches": 0, "num_partial_branches": 0, "covered_branches": 0, "missing_branches": 0, "percent_branches_covered": 100.0, "percent_branches_covered_display": "100"}, "missing_lines": [], "excluded_lines": [], "executed_branches": [], "missing_branches": []}}, "classes": {"WrapperError": {"executed_lines": [36, 37, 38, 42], "summary": {"covered_lines": 4, "num_statements": 4, "percent_covered": 100.0, "percent_covered_display": "100", "missing_lines": 0, "excluded_lines": 0, "percent_statements_covered": 100.0, "percent_statements_covered_display": "100", "num_branches": 0, "num_partial_branches": 0, "covered_branches": 0, "missing_branches": 0, "percent_branches_covered": 100.0, "percent_branches_covered_display": "100"}, "missing_lines": [], "excluded_lines": [], "executed_branches": [], "missing_branches": []}, "DatabaseError": {"executed_lines": [], "summary": {"covered_lines": 0, "num_statements": 0, "percent_covered": 100.0, "percent_covered_display": "100", "missing_lines": 0, "excluded_lines": 0, "percent_statements_covered": 100.0, "percent_statements_covered_display": "100", "num_branches": 0, "num_partial_branches": 0, "covered_branches": 0, "missing_branches": 0, "percent_branches_covered": 100.0, "percent_branches_covered_display": "100"}, "missing_lines": [], "excluded_lines": [], "executed_branches": [], "missing_branches": []}, "DatabaseNotInitializedError": {"executed_lines": [69], "summary": {"covered_lines": 1, "num_statements": 1, "percent_covered": 100.0, "percent_covered_display": "100", "missing_lines": 0, "excluded_lines": 0, "percent_statements_covered": 100.0, "percent_statements_covered_display": "100", "num_branches": 0, "num_partial_branches": 0, "covered_branches": 0, "missing_branches": 0, "percent_branches_covered": 100.0, "percent_branches_covered_display": "100"}, "missing_lines": [], "excluded_lines": [], "executed_branches": [], "missing_branches": []}, "DatabaseConnectionError": {"executed_lines": [], "summary": {"covered_lines": 0, "num_statements": 0, "percent_covered": 100.0, "percent_covered_display": "100", "missing_lines": 0, "excluded_lines": 0, "percent_statements_covered": 100.0, "percent_statements_covered_display": "100", "num_branches": 0, "num_partial_branches": 0, "covered_branches": 0, "missing_branches": 0, "percent_branches_covered": 100.0, "percent_branches_covered_display": "100"}, "missing_lines": [], "excluded_lines": [], "executed_branches": [], "missing_branches": []}, "DataLoadError": {"executed_lines": [91, 92, 94, 96], "summary": {"covered_lines": 4, "num_statements": 6, "percent_covered": 60.0, "percent_covered_display": "60", "missing_lines": 2, "excluded_lines": 0, "percent_statements_covered": 66.66666666666667, "percent_statements_covered_display": "67", "num_branches": 4, "num_partial_branches": 2, "covered_branches": 2, "missing_branches": 2, "percent_branches_covered": 50.0, "percent_branches_covered_display": "50"}, "missing_lines": [93, 95], "excluded_lines": [], "executed_branches": [[92, 94], [94, 96]], "missing_branches": [[92, 93], [94, 95]]}, "DatabasePathError": {"executed_lines": [105], "summary": {"covered_lines": 1, "num_statements": 1, "percent_covered": 100.0, "percent_covered_display": "100", "missing_lines": 0, "excluded_lines": 0, "percent_statements_covered": 100.0, "percent_statements_covered_display": "100", "num_branches": 0, "num_partial_branches": 0, "covered_branches": 0, "missing_branches": 0, "percent_branches_covered": 100.0, "percent_branches_covered_display": "100"}, "missing_lines": [], "excluded_lines": [], "executed_branches": [], "missing_branches": []}, "SchemaCreationError": {"executed_lines": [], "summary": {"covered_lines": 0, "num_statements": 1, "percent_covered": 0.0, "percent_covered_display": "0", "missing_lines": 1, "excluded_lines": 0, "percent_statements_covered": 0.0, "percent_statements_covered_display": "0", "num_branches": 0, "num_partial_branches": 0, "covered_branches": 0, "missing_branches": 0, "percent_branches_covered": 100.0, "percent_branches_covered_display": "100"}, "missing_lines": [122], "excluded_lines": [], "executed_branches": [], "missing_branches": []}, "QueryError": {"executed_lines": [], "summary": {"covered_lines": 0, "num_statements": 0, "percent_covered": 100.0, "percent_covered_display": "100", "missing_lines": 0, "excluded_lines": 0, "percent_statements_covered": 100.0, "percent_statements_covered_display": "100", "num_branches": 0, "num_partial_branches": 0, "covered_branches": 0, "missing_branches": 0, "percent_branches_covered": 100.0, "percent_branches_covered_display": "100"}, "missing_lines": [], "excluded_lines": [], "executed_branches": [], "missing_branches": []}, "QuerySyntaxError": {"executed_lines": [149, 150, 151, 152, 154], "summary": {"covered_lines": 5, "num_statements": 6, "percent_covered": 70.0, "percent_covered_display": "70", "missing_lines": 1, "excluded_lines": 0, "percent_statements_covered": 83.33333333333333, "percent_statements_covered_display": "83", "num_branches": 4, "num_partial_branches": 2, "covered_branches": 2, "missing_branches": 2, "percent_branches_covered": 50.0, "percent_branches_covered_display": "50"}, "missing_lines": [153], "excluded_lines": [], "executed_branches": [[150, 151], [152, 154]], "missing_branches": [[150, 152], [152, 153]]}, "QueryTimeoutError": {"executed_lines": [170, 171, 172, 173, 174, 175, 176, 177], "summary": {"covered_lines": 8, "num_statements": 8, "percent_covered": 91.66666666666667, "percent_covered_display": "92", "missing_lines": 0, "excluded_lines": 0, "percent_statements_covered": 100.0, "percent_statements_covered_display": "100", "num_branches": 4, "num_partial_branches": 1, "covered_branches": 3, "missing_branches": 1, "percent_branches_covered": 75.0, "percent_branches_covered_display": "75"}, "missing_lines": [], "excluded_lines": [], "executed_branches": [[173, 174], [175, 176], [175, 177]], "missing_branches": [[173, 175]]}, "QueryExecutionError": {"executed_lines": [], "summary": {"covered_lines": 0, "num_statements": 0, "percent_covered": 100.0, "percent_covered_display": "100", "missing_lines": 0, "excluded_lines": 0, "percent_statements_covered": 100.0, "percent_statements_covered_display": "100", "num_branches": 0, "num_partial_branches": 0, "covered_branches": 0, "missing_branches": 0, "percent_branches_covered": 100.0, "percent_branches_covered_display": "100"}, "missing_lines": [], "excluded_lines": [], "executed_branches": [], "missing_branches": []}, "ControlPlaneError": {"executed_lines": [208, 209, 210, 211, 212], "summary": {"covered_lines": 5, "num_statements": 5, "percent_covered": 100.0, "percent_covered_display": "100", "missing_lines": 0, "excluded_lines": 0, "percent_statements_covered": 100.0, "percent_statements_covered_display": "100", "num_branches": 2, "num_partial_branches": 0, "covered_branches": 2, "missing_branches": 0, "percent_branches_covered": 100.0, "percent_branches_covered_display": "100"}, "missing_lines": [], "excluded_lines": [], "executed_branches": [[210, 211], [210, 212]], "missing_branches": []}, "GCSDownloadError": {"executed_lines": [227], "summary": {"covered_lines": 1, "num_statements": 1, "percent_covered": 100.0, "percent_covered_display": "100", "missing_lines": 0, "excluded_lines": 0, "percent_statements_covered": 100.0, "percent_statements_covered_display": "100", "num_branches": 0, "num_partial_branches": 0, "covered_branches": 0, "missing_branches": 0, "percent_branches_covered": 100.0, "percent_branches_covered_display": "100"}, "missing_lines": [], "excluded_lines": [], "executed_branches": [], "missing_branches": []}, "OutOfMemoryError": {"executed_lines": [245], "summary": {"covered_lines": 1, "num_statements": 1, "percent_covered": 100.0, "percent_covered_display": "100", "missing_lines": 0, "excluded_lines": 0, "percent_statements_covered": 100.0, "percent_statements_covered_display": "100", "num_branches": 0, "num_partial_branches": 0, "covered_branches": 0, "missing_branches": 0, "percent_branches_covered": 100.0, "percent_branches_covered_display": "100"}, "missing_lines": [], "excluded_lines": [], "executed_branches": [], "missing_branches": []}, "ResourceLockedError": {"executed_lines": [272, 274, 279], "summary": {"covered_lines": 3, "num_statements": 3, "percent_covered": 100.0, "percent_covered_display": "100", "missing_lines": 0, "excluded_lines": 0, "percent_statements_covered": 100.0, "percent_statements_covered_display": "100", "num_branches": 0, "num_partial_branches": 0, "covered_branches": 0, "missing_branches": 0, "percent_branches_covered": 100.0, "percent_branches_covered_display": "100"}, "missing_lines": [], "excluded_lines": [], "executed_branches": [], "missing_branches": []}, "": {"executed_lines": [1, 12, 14, 15, 18, 19, 27, 28, 30, 40, 56, 57, 59, 60, 63, 64, 66, 68, 72, 73, 75, 78, 79, 81, 83, 99, 100, 102, 104, 111, 112, 114, 116, 130, 131, 133, 134, 137, 138, 140, 142, 157, 158, 160, 161, 163, 183, 184, 186, 187, 195, 196, 198, 199, 201, 220, 221, 223, 224, 226, 238, 239, 241, 242, 244, 259, 260, 262, 263, 265], "summary": {"covered_lines": 54, "num_statements": 54, "percent_covered": 100.0, "percent_covered_display": "100", "missing_lines": 0, "excluded_lines": 0, "percent_statements_covered": 100.0, "percent_statements_covered_display": "100", "num_branches": 0, "num_partial_branches": 0, "covered_branches": 0, "missing_branches": 0, "percent_branches_covered": 100.0, "percent_branches_covered_display": "100"}, "missing_lines": [], "excluded_lines": [], "executed_branches": [], "missing_branches": []}}}, "src/wrapper/lifespan.py": {"executed_lines": [1, 11, 13, 14, 15, 16, 18, 19, 21, 22, 23, 24, 25, 26, 27, 28, 30, 33, 34, 56, 57, 58, 59, 60, 61, 63, 65, 67, 77, 82, 85, 95, 96, 98, 103, 105, 109, 115, 122, 124, 130, 137, 138, 146, 153, 159, 166, 168, 170, 171, 178, 179, 181, 182, 183, 188, 213, 220, 233, 234, 235, 238, 240, 247, 257, 259, 260, 267, 268, 269, 270, 277, 284, 287, 293, 294, 295, 303, 304, 305, 308, 309, 312, 313, 315, 318, 352, 361, 367, 368, 370, 371, 373, 374, 376], "summary": {"covered_lines": 94, "num_statements": 120, "percent_covered": 75.69444444444444, "percent_covered_display": "76", "missing_lines": 26, "excluded_lines": 0, "percent_statements_covered": 78.33333333333333, "percent_statements_covered_display": "78", "num_branches": 24, "num_partial_branches": 9, "covered_branches": 15, "missing_branches": 9, "percent_branches_covered": 62.5, "percent_branches_covered_display": "62"}, "missing_lines": [190, 191, 192, 197, 199, 200, 201, 207, 221, 288, 289, 290, 296, 328, 330, 332, 333, 334, 337, 338, 341, 345, 346, 347, 348, 349], "excluded_lines": [], "executed_branches": [[220, 233], [234, 235], [267, 268], [287, 293], [293, 294], [295, 303], [303, 304], [308, 309], [312, 313], [367, 368], [367, 370], [370, 371], [370, 373], [373, 374], [373, 376]], "missing_branches": [[220, 221], [234, 238], [267, 277], [287, 288], [293, 303], [295, 296], [303, 308], [308, 312], [312, 315]], "functions": {"lifespan": {"executed_lines": [56, 57, 58, 59, 60, 61, 63, 65, 67, 77, 82, 85, 95, 96, 98, 103, 105, 109, 115, 122, 124, 130, 137, 138, 146, 153, 159, 166, 168, 170, 171, 178, 179, 181, 182, 183, 188, 213, 220, 233, 234, 235, 238, 240, 247, 257, 259, 260, 267, 268, 269, 270, 277, 284, 287, 293, 294, 295, 303, 304, 305, 308, 309, 312, 313, 315], "summary": {"covered_lines": 66, "num_statements": 79, "percent_covered": 77.31958762886597, "percent_covered_display": "77", "missing_lines": 13, "excluded_lines": 0, "percent_statements_covered": 83.54430379746836, "percent_statements_covered_display": "84", "num_branches": 18, "num_partial_branches": 9, "covered_branches": 9, "missing_branches": 9, "percent_branches_covered": 50.0, "percent_branches_covered_display": "50"}, "missing_lines": [190, 191, 192, 197, 199, 200, 201, 207, 221, 288, 289, 290, 296], "excluded_lines": [], "executed_branches": [[220, 233], [234, 235], [267, 268], [287, 293], [293, 294], [295, 303], [303, 304], [308, 309], [312, 313]], "missing_branches": [[220, 221], [234, 238], [267, 277], [287, 288], [293, 303], [295, 296], [303, 308], [308, 312], [312, 315]]}, "_metrics_reporter": {"executed_lines": [], "summary": {"covered_lines": 0, "num_statements": 13, "percent_covered": 0.0, "percent_covered_display": "0", "missing_lines": 13, "excluded_lines": 0, "percent_statements_covered": 0.0, "percent_statements_covered_display": "0", "num_branches": 0, "num_partial_branches": 0, "covered_branches": 0, "missing_branches": 0, "percent_branches_covered": 100.0, "percent_branches_covered_display": "100"}, "missing_lines": [328, 330, 332, 333, 334, 337, 338, 341, 345, 346, 347, 348, 349], "excluded_lines": [], "executed_branches": [], "missing_branches": []}, "_get_error_code": {"executed_lines": [361, 367, 368, 370, 371, 373, 374, 376], "summary": {"covered_lines": 8, "num_statements": 8, "percent_covered": 100.0, "percent_covered_display": "100", "missing_lines": 0, "excluded_lines": 0, "percent_statements_covered": 100.0, "percent_statements_covered_display": "100", "num_branches": 6, "num_partial_branches": 0, "covered_branches": 6, "missing_branches": 0, "percent_branches_covered": 100.0, "percent_branches_covered_display": "100"}, "missing_lines": [], "excluded_lines": [], "executed_branches": [[367, 368], [367, 370], [370, 371], [370, 373], [373, 374], [373, 376]], "missing_branches": []}, "": {"executed_lines": [1, 11, 13, 14, 15, 16, 18, 19, 21, 22, 23, 24, 25, 26, 27, 28, 30, 33, 34, 318, 352], "summary": {"covered_lines": 20, "num_statements": 20, "percent_covered": 100.0, "percent_covered_display": "100", "missing_lines": 0, "excluded_lines": 0, "percent_statements_covered": 100.0, "percent_statements_covered_display": "100", "num_branches": 0, "num_partial_branches": 0, "covered_branches": 0, "missing_branches": 0, "percent_branches_covered": 100.0, "percent_branches_covered_display": "100"}, "missing_lines": [], "excluded_lines": [], "executed_branches": [], "missing_branches": []}}, "classes": {"": {"executed_lines": [1, 11, 13, 14, 15, 16, 18, 19, 21, 22, 23, 24, 25, 26, 27, 28, 30, 33, 34, 56, 57, 58, 59, 60, 61, 63, 65, 67, 77, 82, 85, 95, 96, 98, 103, 105, 109, 115, 122, 124, 130, 137, 138, 146, 153, 159, 166, 168, 170, 171, 178, 179, 181, 182, 183, 188, 213, 220, 233, 234, 235, 238, 240, 247, 257, 259, 260, 267, 268, 269, 270, 277, 284, 287, 293, 294, 295, 303, 304, 305, 308, 309, 312, 313, 315, 318, 352, 361, 367, 368, 370, 371, 373, 374, 376], "summary": {"covered_lines": 94, "num_statements": 120, "percent_covered": 75.69444444444444, "percent_covered_display": "76", "missing_lines": 26, "excluded_lines": 0, "percent_statements_covered": 78.33333333333333, "percent_statements_covered_display": "78", "num_branches": 24, "num_partial_branches": 9, "covered_branches": 15, "missing_branches": 9, "percent_branches_covered": 62.5, "percent_branches_covered_display": "62"}, "missing_lines": [190, 191, 192, 197, 199, 200, 201, 207, 221, 288, 289, 290, 296, 328, 330, 332, 333, 334, 337, 338, 341, 345, 346, 347, 348, 349], "excluded_lines": [], "executed_branches": [[220, 233], [234, 235], [267, 268], [287, 293], [293, 294], [295, 303], [303, 304], [308, 309], [312, 313], [367, 368], [367, 370], [370, 371], [370, 373], [373, 374], [373, 376]], "missing_branches": [[220, 221], [234, 238], [267, 277], [287, 288], [293, 303], [295, 296], [303, 308], [308, 312], [312, 315]]}}}, "src/wrapper/logging.py": {"executed_lines": [1, 3, 5, 6, 8, 10, 13], "summary": {"covered_lines": 6, "num_statements": 11, "percent_covered": 46.15384615384615, "percent_covered_display": "46", "missing_lines": 5, "excluded_lines": 0, "percent_statements_covered": 54.54545454545455, "percent_statements_covered_display": "55", "num_branches": 2, "num_partial_branches": 0, "covered_branches": 0, "missing_branches": 2, "percent_branches_covered": 0.0, "percent_branches_covered_display": "0"}, "missing_lines": [15, 21, 22, 24, 26], "excluded_lines": [], "executed_branches": [], "missing_branches": [[21, 22], [21, 24]], "functions": {"configure_logging": {"executed_lines": [], "summary": {"covered_lines": 0, "num_statements": 5, "percent_covered": 0.0, "percent_covered_display": "0", "missing_lines": 5, "excluded_lines": 0, "percent_statements_covered": 0.0, "percent_statements_covered_display": "0", "num_branches": 2, "num_partial_branches": 0, "covered_branches": 0, "missing_branches": 2, "percent_branches_covered": 0.0, "percent_branches_covered_display": "0"}, "missing_lines": [15, 21, 22, 24, 26], "excluded_lines": [], "executed_branches": [], "missing_branches": [[21, 22], [21, 24]]}, "": {"executed_lines": [1, 3, 5, 6, 8, 10, 13], "summary": {"covered_lines": 6, "num_statements": 6, "percent_covered": 100.0, "percent_covered_display": "100", "missing_lines": 0, "excluded_lines": 0, "percent_statements_covered": 100.0, "percent_statements_covered_display": "100", "num_branches": 0, "num_partial_branches": 0, "covered_branches": 0, "missing_branches": 0, "percent_branches_covered": 100.0, "percent_branches_covered_display": "100"}, "missing_lines": [], "excluded_lines": [], "executed_branches": [], "missing_branches": []}}, "classes": {"": {"executed_lines": [1, 3, 5, 6, 8, 10, 13], "summary": {"covered_lines": 6, "num_statements": 11, "percent_covered": 46.15384615384615, "percent_covered_display": "46", "missing_lines": 5, "excluded_lines": 0, "percent_statements_covered": 54.54545454545455, "percent_statements_covered_display": "55", "num_branches": 2, "num_partial_branches": 0, "covered_branches": 0, "missing_branches": 2, "percent_branches_covered": 0.0, "percent_branches_covered_display": "0"}, "missing_lines": [15, 21, 22, 24, 26], "excluded_lines": [], "executed_branches": [], "missing_branches": [[21, 22], [21, 24]]}}}, "src/wrapper/main.py": {"executed_lines": [1, 10, 12, 13, 14, 16, 17, 26, 27, 28, 30, 33, 35, 36, 38, 40, 44, 47, 55, 56, 57, 58, 59, 67, 68, 86, 87, 89, 95, 101, 102, 104, 110, 116, 117, 121, 125, 131, 132, 146, 147, 161, 162, 181, 182, 209, 222], "summary": {"covered_lines": 45, "num_statements": 59, "percent_covered": 76.27118644067797, "percent_covered_display": "76", "missing_lines": 14, "excluded_lines": 2, "percent_statements_covered": 76.27118644067797, "percent_statements_covered_display": "76", "num_branches": 0, "num_partial_branches": 0, "covered_branches": 0, "missing_branches": 0, "percent_branches_covered": 100.0, "percent_branches_covered_display": "100"}, "missing_lines": [37, 73, 80, 134, 140, 149, 155, 164, 170, 184, 185, 211, 213, 214], "excluded_lines": [222, 223], "executed_branches": [], "missing_branches": [], "functions": {"_init_logging": {"executed_lines": [35, 36, 38, 40], "summary": {"covered_lines": 4, "num_statements": 5, "percent_covered": 80.0, "percent_covered_display": "80", "missing_lines": 1, "excluded_lines": 0, "percent_statements_covered": 80.0, "percent_statements_covered_display": "80", "num_branches": 0, "num_partial_branches": 0, "covered_branches": 0, "missing_branches": 0, "percent_branches_covered": 100.0, "percent_branches_covered_display": "100"}, "missing_lines": [37], "excluded_lines": [], "executed_branches": [], "missing_branches": []}, "wrapper_error_handler": {"executed_lines": [], "summary": {"covered_lines": 0, "num_statements": 2, "percent_covered": 0.0, "percent_covered_display": "0", "missing_lines": 2, "excluded_lines": 0, "percent_statements_covered": 0.0, "percent_statements_covered_display": "0", "num_branches": 0, "num_partial_branches": 0, "covered_branches": 0, "missing_branches": 0, "percent_branches_covered": 100.0, "percent_branches_covered_display": "100"}, "missing_lines": [73, 80], "excluded_lines": [], "executed_branches": [], "missing_branches": []}, "query_syntax_error_handler": {"executed_lines": [89, 95], "summary": {"covered_lines": 2, "num_statements": 2, "percent_covered": 100.0, "percent_covered_display": "100", "missing_lines": 0, "excluded_lines": 0, "percent_statements_covered": 100.0, "percent_statements_covered_display": "100", "num_branches": 0, "num_partial_branches": 0, "covered_branches": 0, "missing_branches": 0, "percent_branches_covered": 100.0, "percent_branches_covered_display": "100"}, "missing_lines": [], "excluded_lines": [], "executed_branches": [], "missing_branches": []}, "query_timeout_handler": {"executed_lines": [104, 110], "summary": {"covered_lines": 2, "num_statements": 2, "percent_covered": 100.0, "percent_covered_display": "100", "missing_lines": 0, "excluded_lines": 0, "percent_statements_covered": 100.0, "percent_statements_covered_display": "100", "num_branches": 0, "num_partial_branches": 0, "covered_branches": 0, "missing_branches": 0, "percent_branches_covered": 100.0, "percent_branches_covered_display": "100"}, "missing_lines": [], "excluded_lines": [], "executed_branches": [], "missing_branches": []}, "database_not_initialized_handler": {"executed_lines": [121, 125], "summary": {"covered_lines": 2, "num_statements": 2, "percent_covered": 100.0, "percent_covered_display": "100", "missing_lines": 0, "excluded_lines": 0, "percent_statements_covered": 100.0, "percent_statements_covered_display": "100", "num_branches": 0, "num_partial_branches": 0, "covered_branches": 0, "missing_branches": 0, "percent_branches_covered": 100.0, "percent_branches_covered_display": "100"}, "missing_lines": [], "excluded_lines": [], "executed_branches": [], "missing_branches": []}, "resource_locked_handler": {"executed_lines": [], "summary": {"covered_lines": 0, "num_statements": 2, "percent_covered": 0.0, "percent_covered_display": "0", "missing_lines": 2, "excluded_lines": 0, "percent_statements_covered": 0.0, "percent_statements_covered_display": "0", "num_branches": 0, "num_partial_branches": 0, "covered_branches": 0, "missing_branches": 0, "percent_branches_covered": 100.0, "percent_branches_covered_display": "100"}, "missing_lines": [134, 140], "excluded_lines": [], "executed_branches": [], "missing_branches": []}, "query_error_handler": {"executed_lines": [], "summary": {"covered_lines": 0, "num_statements": 2, "percent_covered": 0.0, "percent_covered_display": "0", "missing_lines": 2, "excluded_lines": 0, "percent_statements_covered": 0.0, "percent_statements_covered_display": "0", "num_branches": 0, "num_partial_branches": 0, "covered_branches": 0, "missing_branches": 0, "percent_branches_covered": 100.0, "percent_branches_covered_display": "100"}, "missing_lines": [149, 155], "excluded_lines": [], "executed_branches": [], "missing_branches": []}, "database_error_handler": {"executed_lines": [], "summary": {"covered_lines": 0, "num_statements": 2, "percent_covered": 0.0, "percent_covered_display": "0", "missing_lines": 2, "excluded_lines": 0, "percent_statements_covered": 0.0, "percent_statements_covered_display": "0", "num_branches": 0, "num_partial_branches": 0, "covered_branches": 0, "missing_branches": 0, "percent_branches_covered": 100.0, "percent_branches_covered_display": "100"}, "missing_lines": [164, 170], "excluded_lines": [], "executed_branches": [], "missing_branches": []}, "root": {"executed_lines": [], "summary": {"covered_lines": 0, "num_statements": 2, "percent_covered": 0.0, "percent_covered_display": "0", "missing_lines": 2, "excluded_lines": 0, "percent_statements_covered": 0.0, "percent_statements_covered_display": "0", "num_branches": 0, "num_partial_branches": 0, "covered_branches": 0, "missing_branches": 0, "percent_branches_covered": 100.0, "percent_branches_covered_display": "100"}, "missing_lines": [184, 185], "excluded_lines": [], "executed_branches": [], "missing_branches": []}, "run": {"executed_lines": [], "summary": {"covered_lines": 0, "num_statements": 3, "percent_covered": 0.0, "percent_covered_display": "0", "missing_lines": 3, "excluded_lines": 0, "percent_statements_covered": 0.0, "percent_statements_covered_display": "0", "num_branches": 0, "num_partial_branches": 0, "covered_branches": 0, "missing_branches": 0, "percent_branches_covered": 100.0, "percent_branches_covered_display": "100"}, "missing_lines": [211, 213, 214], "excluded_lines": [], "executed_branches": [], "missing_branches": []}, "": {"executed_lines": [1, 10, 12, 13, 14, 16, 17, 26, 27, 28, 30, 33, 44, 47, 55, 56, 57, 58, 59, 67, 68, 86, 87, 101, 102, 116, 117, 131, 132, 146, 147, 161, 162, 181, 182, 209, 222], "summary": {"covered_lines": 35, "num_statements": 35, "percent_covered": 100.0, "percent_covered_display": "100", "missing_lines": 0, "excluded_lines": 2, "percent_statements_covered": 100.0, "percent_statements_covered_display": "100", "num_branches": 0, "num_partial_branches": 0, "covered_branches": 0, "missing_branches": 0, "percent_branches_covered": 100.0, "percent_branches_covered_display": "100"}, "missing_lines": [], "excluded_lines": [222, 223], "executed_branches": [], "missing_branches": []}}, "classes": {"": {"executed_lines": [1, 10, 12, 13, 14, 16, 17, 26, 27, 28, 30, 33, 35, 36, 38, 40, 44, 47, 55, 56, 57, 58, 59, 67, 68, 86, 87, 89, 95, 101, 102, 104, 110, 116, 117, 121, 125, 131, 132, 146, 147, 161, 162, 181, 182, 209, 222], "summary": {"covered_lines": 45, "num_statements": 59, "percent_covered": 76.27118644067797, "percent_covered_display": "76", "missing_lines": 14, "excluded_lines": 2, "percent_statements_covered": 76.27118644067797, "percent_statements_covered_display": "76", "num_branches": 0, "num_partial_branches": 0, "covered_branches": 0, "missing_branches": 0, "percent_branches_covered": 100.0, "percent_branches_covered_display": "100"}, "missing_lines": [37, 73, 80, 134, 140, 149, 155, 164, 170, 184, 185, 211, 213, 214], "excluded_lines": [222, 223], "executed_branches": [], "missing_branches": []}}}, "src/wrapper/models/execution.py": {"executed_lines": [1, 7, 9, 10, 11, 13, 16, 17, 19, 20, 21, 22, 23, 26, 27, 29, 32, 33, 35, 36, 37, 40, 41, 47, 49, 50, 51, 55, 56, 57, 63, 64, 67, 71, 75, 79, 83, 89, 93, 97, 101, 106, 119, 120, 122, 124, 125, 126, 127, 128, 129, 130, 134, 138, 144, 145, 147, 149, 150, 151, 152, 153], "summary": {"covered_lines": 55, "num_statements": 56, "percent_covered": 98.21428571428571, "percent_covered_display": "98", "missing_lines": 1, "excluded_lines": 0, "percent_statements_covered": 98.21428571428571, "percent_statements_covered_display": "98", "num_branches": 0, "num_partial_branches": 0, "covered_branches": 0, "missing_branches": 0, "percent_branches_covered": 100.0, "percent_branches_covered_display": "100"}, "missing_lines": [112], "excluded_lines": [], "executed_branches": [], "missing_branches": [], "functions": {"AlgorithmExecution.is_terminal": {"executed_lines": [], "summary": {"covered_lines": 0, "num_statements": 1, "percent_covered": 0.0, "percent_covered_display": "0", "missing_lines": 1, "excluded_lines": 0, "percent_statements_covered": 0.0, "percent_statements_covered_display": "0", "num_branches": 0, "num_partial_branches": 0, "covered_branches": 0, "missing_branches": 0, "percent_branches_covered": 100.0, "percent_branches_covered_display": "100"}, "missing_lines": [112], "excluded_lines": [], "executed_branches": [], "missing_branches": []}, "": {"executed_lines": [1, 7, 9, 10, 11, 13, 16, 17, 19, 20, 21, 22, 23, 26, 27, 29, 32, 33, 35, 36, 37, 40, 41, 47, 49, 50, 51, 55, 56, 57, 63, 64, 67, 71, 75, 79, 83, 89, 93, 97, 101, 106, 119, 120, 122, 124, 125, 126, 127, 128, 129, 130, 134, 138, 144, 145, 147, 149, 150, 151, 152, 153], "summary": {"covered_lines": 55, "num_statements": 55, "percent_covered": 100.0, "percent_covered_display": "100", "missing_lines": 0, "excluded_lines": 0, "percent_statements_covered": 100.0, "percent_statements_covered_display": "100", "num_branches": 0, "num_partial_branches": 0, "covered_branches": 0, "missing_branches": 0, "percent_branches_covered": 100.0, "percent_branches_covered_display": "100"}, "missing_lines": [], "excluded_lines": [], "executed_branches": [], "missing_branches": []}}, "classes": {"ExecutionStatus": {"executed_lines": [], "summary": {"covered_lines": 0, "num_statements": 0, "percent_covered": 100.0, "percent_covered_display": "100", "missing_lines": 0, "excluded_lines": 0, "percent_statements_covered": 100.0, "percent_statements_covered_display": "100", "num_branches": 0, "num_partial_branches": 0, "covered_branches": 0, "missing_branches": 0, "percent_branches_covered": 100.0, "percent_branches_covered_display": "100"}, "missing_lines": [], "excluded_lines": [], "executed_branches": [], "missing_branches": []}, "AlgorithmType": {"executed_lines": [], "summary": {"covered_lines": 0, "num_statements": 0, "percent_covered": 100.0, "percent_covered_display": "100", "missing_lines": 0, "excluded_lines": 0, "percent_statements_covered": 100.0, "percent_statements_covered_display": "100", "num_branches": 0, "num_partial_branches": 0, "covered_branches": 0, "missing_branches": 0, "percent_branches_covered": 100.0, "percent_branches_covered_display": "100"}, "missing_lines": [], "excluded_lines": [], "executed_branches": [], "missing_branches": []}, "AlgorithmCategory": {"executed_lines": [], "summary": {"covered_lines": 0, "num_statements": 0, "percent_covered": 100.0, "percent_covered_display": "100", "missing_lines": 0, "excluded_lines": 0, "percent_statements_covered": 100.0, "percent_statements_covered_display": "100", "num_branches": 0, "num_partial_branches": 0, "covered_branches": 0, "missing_branches": 0, "percent_branches_covered": 100.0, "percent_branches_covered_display": "100"}, "missing_lines": [], "excluded_lines": [], "executed_branches": [], "missing_branches": []}, "AlgorithmExecution": {"executed_lines": [], "summary": {"covered_lines": 0, "num_statements": 1, "percent_covered": 0.0, "percent_covered_display": "0", "missing_lines": 1, "excluded_lines": 0, "percent_statements_covered": 0.0, "percent_statements_covered_display": "0", "num_branches": 0, "num_partial_branches": 0, "covered_branches": 0, "missing_branches": 0, "percent_branches_covered": 100.0, "percent_branches_covered_display": "100"}, "missing_lines": [112], "excluded_lines": [], "executed_branches": [], "missing_branches": []}, "AlgorithmInfo": {"executed_lines": [], "summary": {"covered_lines": 0, "num_statements": 0, "percent_covered": 100.0, "percent_covered_display": "100", "missing_lines": 0, "excluded_lines": 0, "percent_statements_covered": 100.0, "percent_statements_covered_display": "100", "num_branches": 0, "num_partial_branches": 0, "covered_branches": 0, "missing_branches": 0, "percent_branches_covered": 100.0, "percent_branches_covered_display": "100"}, "missing_lines": [], "excluded_lines": [], "executed_branches": [], "missing_branches": []}, "AlgorithmParameterInfo": {"executed_lines": [], "summary": {"covered_lines": 0, "num_statements": 0, "percent_covered": 100.0, "percent_covered_display": "100", "missing_lines": 0, "excluded_lines": 0, "percent_statements_covered": 100.0, "percent_statements_covered_display": "100", "num_branches": 0, "num_partial_branches": 0, "covered_branches": 0, "missing_branches": 0, "percent_branches_covered": 100.0, "percent_branches_covered_display": "100"}, "missing_lines": [], "excluded_lines": [], "executed_branches": [], "missing_branches": []}, "": {"executed_lines": [1, 7, 9, 10, 11, 13, 16, 17, 19, 20, 21, 22, 23, 26, 27, 29, 32, 33, 35, 36, 37, 40, 41, 47, 49, 50, 51, 55, 56, 57, 63, 64, 67, 71, 75, 79, 83, 89, 93, 97, 101, 106, 119, 120, 122, 124, 125, 126, 127, 128, 129, 130, 134, 138, 144, 145, 147, 149, 150, 151, 152, 153], "summary": {"covered_lines": 55, "num_statements": 55, "percent_covered": 100.0, "percent_covered_display": "100", "missing_lines": 0, "excluded_lines": 0, "percent_statements_covered": 100.0, "percent_statements_covered_display": "100", "num_branches": 0, "num_partial_branches": 0, "covered_branches": 0, "missing_branches": 0, "percent_branches_covered": 100.0, "percent_branches_covered_display": "100"}, "missing_lines": [], "excluded_lines": [], "executed_branches": [], "missing_branches": []}}}, "src/wrapper/models/lock.py": {"executed_lines": [1, 3, 5, 7, 10, 11, 16, 18, 19, 20, 21, 22, 23, 25, 41, 42, 44, 46, 47, 48, 49, 50, 51, 52, 54, 55, 64, 65, 66], "summary": {"covered_lines": 26, "num_statements": 27, "percent_covered": 96.55172413793103, "percent_covered_display": "97", "missing_lines": 1, "excluded_lines": 0, "percent_statements_covered": 96.29629629629629, "percent_statements_covered_display": "96", "num_branches": 2, "num_partial_branches": 0, "covered_branches": 2, "missing_branches": 0, "percent_branches_covered": 100.0, "percent_branches_covered_display": "100"}, "missing_lines": [31], "excluded_lines": [], "executed_branches": [[64, 65], [64, 66]], "missing_branches": [], "functions": {"LockState.to_api_dict": {"executed_lines": [], "summary": {"covered_lines": 0, "num_statements": 1, "percent_covered": 0.0, "percent_covered_display": "0", "missing_lines": 1, "excluded_lines": 0, "percent_statements_covered": 0.0, "percent_statements_covered_display": "0", "num_branches": 0, "num_partial_branches": 0, "covered_branches": 0, "missing_branches": 0, "percent_branches_covered": 100.0, "percent_branches_covered_display": "100"}, "missing_lines": [31], "excluded_lines": [], "executed_branches": [], "missing_branches": []}, "LockInfo.from_lock_state": {"executed_lines": [64, 65, 66], "summary": {"covered_lines": 3, "num_statements": 3, "percent_covered": 100.0, "percent_covered_display": "100", "missing_lines": 0, "excluded_lines": 0, "percent_statements_covered": 100.0, "percent_statements_covered_display": "100", "num_branches": 2, "num_partial_branches": 0, "covered_branches": 2, "missing_branches": 0, "percent_branches_covered": 100.0, "percent_branches_covered_display": "100"}, "missing_lines": [], "excluded_lines": [], "executed_branches": [[64, 65], [64, 66]], "missing_branches": []}, "": {"executed_lines": [1, 3, 5, 7, 10, 11, 16, 18, 19, 20, 21, 22, 23, 25, 41, 42, 44, 46, 47, 48, 49, 50, 51, 52, 54, 55], "summary": {"covered_lines": 23, "num_statements": 23, "percent_covered": 100.0, "percent_covered_display": "100", "missing_lines": 0, "excluded_lines": 0, "percent_statements_covered": 100.0, "percent_statements_covered_display": "100", "num_branches": 0, "num_partial_branches": 0, "covered_branches": 0, "missing_branches": 0, "percent_branches_covered": 100.0, "percent_branches_covered_display": "100"}, "missing_lines": [], "excluded_lines": [], "executed_branches": [], "missing_branches": []}}, "classes": {"LockState": {"executed_lines": [], "summary": {"covered_lines": 0, "num_statements": 1, "percent_covered": 0.0, "percent_covered_display": "0", "missing_lines": 1, "excluded_lines": 0, "percent_statements_covered": 0.0, "percent_statements_covered_display": "0", "num_branches": 0, "num_partial_branches": 0, "covered_branches": 0, "missing_branches": 0, "percent_branches_covered": 100.0, "percent_branches_covered_display": "100"}, "missing_lines": [31], "excluded_lines": [], "executed_branches": [], "missing_branches": []}, "LockInfo": {"executed_lines": [64, 65, 66], "summary": {"covered_lines": 3, "num_statements": 3, "percent_covered": 100.0, "percent_covered_display": "100", "missing_lines": 0, "excluded_lines": 0, "percent_statements_covered": 100.0, "percent_statements_covered_display": "100", "num_branches": 2, "num_partial_branches": 0, "covered_branches": 2, "missing_branches": 0, "percent_branches_covered": 100.0, "percent_branches_covered_display": "100"}, "missing_lines": [], "excluded_lines": [], "executed_branches": [[64, 65], [64, 66]], "missing_branches": []}, "": {"executed_lines": [1, 3, 5, 7, 10, 11, 16, 18, 19, 20, 21, 22, 23, 25, 41, 42, 44, 46, 47, 48, 49, 50, 51, 52, 54, 55], "summary": {"covered_lines": 23, "num_statements": 23, "percent_covered": 100.0, "percent_covered_display": "100", "missing_lines": 0, "excluded_lines": 0, "percent_statements_covered": 100.0, "percent_statements_covered_display": "100", "num_branches": 0, "num_partial_branches": 0, "covered_branches": 0, "missing_branches": 0, "percent_branches_covered": 100.0, "percent_branches_covered_display": "100"}, "missing_lines": [], "excluded_lines": [], "executed_branches": [], "missing_branches": []}}}, "src/wrapper/models/requests.py": {"executed_lines": [1, 3, 5, 7, 10, 11, 13, 14, 17, 25, 26, 28, 31], "summary": {"covered_lines": 10, "num_statements": 10, "percent_covered": 100.0, "percent_covered_display": "100", "missing_lines": 0, "excluded_lines": 0, "percent_statements_covered": 100.0, "percent_statements_covered_display": "100", "num_branches": 0, "num_partial_branches": 0, "covered_branches": 0, "missing_branches": 0, "percent_branches_covered": 100.0, "percent_branches_covered_display": "100"}, "missing_lines": [], "excluded_lines": [], "executed_branches": [], "missing_branches": [], "functions": {"": {"executed_lines": [1, 3, 5, 7, 10, 11, 13, 14, 17, 25, 26, 28, 31], "summary": {"covered_lines": 10, "num_statements": 10, "percent_covered": 100.0, "percent_covered_display": "100", "missing_lines": 0, "excluded_lines": 0, "percent_statements_covered": 100.0, "percent_statements_covered_display": "100", "num_branches": 0, "num_partial_branches": 0, "covered_branches": 0, "missing_branches": 0, "percent_branches_covered": 100.0, "percent_branches_covered_display": "100"}, "missing_lines": [], "excluded_lines": [], "executed_branches": [], "missing_branches": []}}, "classes": {"QueryRequest": {"executed_lines": [], "summary": {"covered_lines": 0, "num_statements": 0, "percent_covered": 100.0, "percent_covered_display": "100", "missing_lines": 0, "excluded_lines": 0, "percent_statements_covered": 100.0, "percent_statements_covered_display": "100", "num_branches": 0, "num_partial_branches": 0, "covered_branches": 0, "missing_branches": 0, "percent_branches_covered": 100.0, "percent_branches_covered_display": "100"}, "missing_lines": [], "excluded_lines": [], "executed_branches": [], "missing_branches": []}, "AlgorithmRequest": {"executed_lines": [], "summary": {"covered_lines": 0, "num_statements": 0, "percent_covered": 100.0, "percent_covered_display": "100", "missing_lines": 0, "excluded_lines": 0, "percent_statements_covered": 100.0, "percent_statements_covered_display": "100", "num_branches": 0, "num_partial_branches": 0, "covered_branches": 0, "missing_branches": 0, "percent_branches_covered": 100.0, "percent_branches_covered_display": "100"}, "missing_lines": [], "excluded_lines": [], "executed_branches": [], "missing_branches": []}, "": {"executed_lines": [1, 3, 5, 7, 10, 11, 13, 14, 17, 25, 26, 28, 31], "summary": {"covered_lines": 10, "num_statements": 10, "percent_covered": 100.0, "percent_covered_display": "100", "missing_lines": 0, "excluded_lines": 0, "percent_statements_covered": 100.0, "percent_statements_covered_display": "100", "num_branches": 0, "num_partial_branches": 0, "covered_branches": 0, "missing_branches": 0, "percent_branches_covered": 100.0, "percent_branches_covered_display": "100"}, "missing_lines": [], "excluded_lines": [], "executed_branches": [], "missing_branches": []}}}, "src/wrapper/models/responses.py": {"executed_lines": [1, 7, 9, 11, 13, 16, 17, 19, 21, 22, 25, 26, 33, 35, 36, 39, 40, 45, 47, 48, 49, 50, 51, 52, 53, 54, 57, 58, 59, 60, 63, 68, 71, 74, 75, 80, 82, 83, 84, 85, 86, 89, 90, 92, 94, 95, 96, 97, 98, 101, 102, 104, 106, 107, 108, 109, 110, 113, 114, 116, 118, 119, 120, 121, 124, 125, 127, 129, 136, 137, 139, 141, 142, 143, 144, 147, 148, 155, 157, 161, 165, 169, 173, 177, 181, 185, 189], "summary": {"covered_lines": 76, "num_statements": 76, "percent_covered": 100.0, "percent_covered_display": "100", "missing_lines": 0, "excluded_lines": 0, "percent_statements_covered": 100.0, "percent_statements_covered_display": "100", "num_branches": 0, "num_partial_branches": 0, "covered_branches": 0, "missing_branches": 0, "percent_branches_covered": 100.0, "percent_branches_covered_display": "100"}, "missing_lines": [], "excluded_lines": [], "executed_branches": [], "missing_branches": [], "functions": {"": {"executed_lines": [1, 7, 9, 11, 13, 16, 17, 19, 21, 22, 25, 26, 33, 35, 36, 39, 40, 45, 47, 48, 49, 50, 51, 52, 53, 54, 57, 58, 59, 60, 63, 68, 71, 74, 75, 80, 82, 83, 84, 8
[...]
715], [750, 751], [750, 753], [757, 758], [757, 759], [759, 760], [759, 762], [765, 766], [765, 781], [781, -727], [781, 782], [920, 921], [920, 938], [929, 920], [929, 930], [950, 951], [950, 969], [960, 950], [960, 961], [980, -858], [980, 981], [1041, 1042], [1041, 1050], [1151, 1152], [1151, 1160], [1227, -1220], [1227, 1228], [1251, 1254]]}, "": {"executed_lines": [1, 14, 16, 17, 18, 19, 20, 22, 23, 24, 30, 40, 42, 45, 46, 47, 54, 55, 67, 68, 70, 123, 124, 128, 129, 133, 134, 138, 139, 143, 144, 148, 149, 153, 204, 230, 328, 385, 437, 454, 513, 557, 651, 727, 798, 842, 850, 858, 1001, 1106, 1220, 1242], "summary": {"covered_lines": 50, "num_statements": 54, "percent_covered": 92.5925925925926, "percent_covered_display": "93", "missing_lines": 4, "excluded_lines": 0, "percent_statements_covered": 92.5925925925926, "percent_statements_covered_display": "93", "num_branches": 0, "num_partial_branches": 0, "covered_branches": 0, "missing_branches": 0, "percent_branches_covered": 100.0, "percent_branches_covered_display": "100"}, "missing_lines": [48, 49, 50, 51], "excluded_lines": [], "executed_branches": [], "missing_branches": []}}}, "src/wrapper/services/lock.py": {"executed_lines": [1, 10, 12, 13, 14, 16, 18, 19, 21, 24, 25, 31, 33, 34, 35, 37, 43, 45, 51, 53, 59, 61, 84, 85, 86, 94, 96, 97, 106, 115, 117, 140, 147, 148, 155, 157, 169, 170, 171, 175, 177, 178, 183, 185, 186, 188, 197, 199, 207, 208, 209, 211, 212, 214, 222], "summary": {"covered_lines": 53, "num_statements": 53, "percent_covered": 100.0, "percent_covered_display": "100", "missing_lines": 0, "excluded_lines": 0, "percent_statements_covered": 100.0, "percent_statements_covered_display": "100", "num_branches": 10, "num_partial_branches": 0, "covered_branches": 10, "missing_branches": 0, "percent_branches_covered": 100.0, "percent_branches_covered_display": "100"}, "missing_lines": [], "excluded_lines": [], "executed_branches": [[85, 86], [85, 96], [147, 148], [147, 155], [170, 171], [170, 177], [177, 178], [177, 185], [208, 209], [208, 211]], "missing_branches": [], "functions": {"LockService.__init__": {"executed_lines": [33, 34, 35], "summary": {"covered_lines": 3, "num_statements": 3, "percent_covered": 100.0, "percent_covered_display": "100", "missing_lines": 0, "excluded_lines": 0, "percent_statements_covered": 100.0, "percent_statements_covered_display": "100", "num_branches": 0, "num_partial_branches": 0, "covered_branches": 0, "missing_branches": 0, "percent_branches_covered": 100.0, "percent_branches_covered_display": "100"}, "missing_lines": [], "excluded_lines": [], "executed_branches": [], "missing_branches": []}, "LockService.get_status": {"executed_lines": [43], "summary": {"covered_lines": 1, "num_statements": 1, "percent_covered": 100.0, "percent_covered_display": "100", "missing_lines": 0, "excluded_lines": 0, "percent_statements_covered": 100.0, "percent_statements_covered_display": "100", "num_branches": 0, "num_partial_branches": 0, "covered_branches": 0, "missing_branches": 0, "percent_branches_covered": 100.0, "percent_branches_covered_display": "100"}, "missing_lines": [], "excluded_lines": [], "executed_branches": [], "missing_branches": []}, "LockService.get_lock_info": {"executed_lines": [51], "summary": {"covered_lines": 1, "num_statements": 1, "percent_covered": 100.0, "percent_covered_display": "100", "missing_lines": 0, "excluded_lines": 0, "percent_statements_covered": 100.0, "percent_statements_covered_display": "100", "num_branches": 0, "num_partial_branches": 0, "covered_branches": 0, "missing_branches": 0, "percent_branches_covered": 100.0, "percent_branches_covered_display": "100"}, "missing_lines": [], "excluded_lines": [], "executed_branches": [], "missing_branches": []}, "LockService.is_locked": {"executed_lines": [59], "summary": {"covered_lines": 1, "num_statements": 1, "percent_covered": 100.0, "percent_covered_display": "100", "missing_lines": 0, "excluded_lines": 0, "percent_statements_covered": 100.0, "percent_statements_covered_display": "100", "num_branches": 0, "num_partial_branches": 0, "covered_branches": 0, "missing_branches": 0, "percent_branches_covered": 100.0, "percent_branches_covered_display": "100"}, "missing_lines": [], "excluded_lines": [], "executed_branches": [], "missing_branches": []}, "LockService.acquire": {"executed_lines": [84, 85, 86, 94, 96, 97, 106, 115], "summary": {"covered_lines": 8, "num_statements": 8, "percent_covered": 100.0, "percent_covered_display": "100", "missing_lines": 0, "excluded_lines": 0, "percent_statements_covered": 100.0, "percent_statements_covered_display": "100", "num_branches": 2, "num_partial_branches": 0, "covered_branches": 2, "missing_branches": 0, "percent_branches_covered": 100.0, "percent_branches_covered_display": "100"}, "missing_lines": [], "excluded_lines": [], "executed_branches": [[85, 86], [85, 96]], "missing_branches": []}, "LockService.acquire_or_raise": {"executed_lines": [140, 147, 148, 155], "summary": {"covered_lines": 4, "num_statements": 4, "percent_covered": 100.0, "percent_covered_display": "100", "missing_lines": 0, "excluded_lines": 0, "percent_statements_covered": 100.0, "percent_statements_covered_display": "100", "num_branches": 2, "num_partial_branches": 0, "covered_branches": 2, "missing_branches": 0, "percent_branches_covered": 100.0, "percent_branches_covered_display": "100"}, "missing_lines": [], "excluded_lines": [], "executed_branches": [[147, 148], [147, 155]], "missing_branches": []}, "LockService.release": {"executed_lines": [169, 170, 171, 175, 177, 178, 183, 185, 186, 188, 197], "summary": {"covered_lines": 11, "num_statements": 11, "percent_covered": 100.0, "percent_covered_display": "100", "missing_lines": 0, "excluded_lines": 0, "percent_statements_covered": 100.0, "percent_statements_covered_display": "100", "num_branches": 4, "num_partial_branches": 0, "covered_branches": 4, "missing_branches": 0, "percent_branches_covered": 100.0, "percent_branches_covered_display": "100"}, "missing_lines": [], "excluded_lines": [], "executed_branches": [[170, 171], [170, 177], [177, 178], [177, 185]], "missing_branches": []}, "LockService.force_release": {"executed_lines": [207, 208, 209, 211, 212, 214, 222], "summary": {"covered_lines": 7, "num_statements": 7, "percent_covered": 100.0, "percent_covered_display": "100", "missing_lines": 0, "excluded_lines": 0, "percent_statements_covered": 100.0, "percent_statements_covered_display": "100", "num_branches": 2, "num_partial_branches": 0, "covered_branches": 2, "missing_branches": 0, "percent_branches_covered": 100.0, "percent_branches_covered_display": "100"}, "missing_lines": [], "excluded_lines": [], "executed_branches": [[208, 209], [208, 211]], "missing_branches": []}, "": {"executed_lines": [1, 10, 12, 13, 14, 16, 18, 19, 21, 24, 25, 31, 37, 45, 53, 61, 117, 157, 199], "summary": {"covered_lines": 17, "num_statements": 17, "percent_covered": 100.0, "percent_covered_display": "100", "missing_lines": 0, "excluded_lines": 0, "percent_statements_covered": 100.0, "percent_statements_covered_display": "100", "num_branches": 0, "num_partial_branches": 0, "covered_branches": 0, "missing_branches": 0, "percent_branches_covered": 100.0, "percent_branches_covered_display": "100"}, "missing_lines": [], "excluded_lines": [], "executed_branches": [], "missing_branches": []}}, "classes": {"LockService": {"executed_lines": [33, 34, 35, 43, 51, 59, 84, 85, 86, 94, 96, 97, 106, 115, 140, 147, 148, 155, 169, 170, 171, 175, 177, 178, 183, 185, 186, 188, 197, 207, 208, 209, 211, 212, 214, 222], "summary": {"covered_lines": 36, "num_statements": 36, "percent_covered": 100.0, "percent_covered_display": "100", "missing_lines": 0, "excluded_lines": 0, "percent_statements_covered": 100.0, "percent_statements_covered_display": "100", "num_branches": 10, "num_partial_branches": 0, "covered_branches": 10, "missing_branches": 0, "percent_branches_covered": 100.0, "percent_branches_covered_display": "100"}, "missing_lines": [], "excluded_lines": [], "executed_branches": [[85, 86], [85, 96], [147, 148], [147, 155], [170, 171], [170, 177], [177, 178], [177, 185], [208, 209], [208, 211]], "missing_branches": []}, "": {"executed_lines": [1, 10, 12, 13, 14, 16, 18, 19, 21, 24, 25, 31, 37, 45, 53, 61, 117, 157, 199], "summary": {"covered_lines": 17, "num_statements": 17, "percent_covered": 100.0, "percent_covered_display": "100", "missing_lines": 0, "excluded_lines": 0, "percent_statements_covered": 100.0, "percent_statements_covered_display": "100", "num_branches": 0, "num_partial_branches": 0, "covered_branches": 0, "missing_branches": 0, "percent_branches_covered": 100.0, "percent_branches_covered_display": "100"}, "missing_lines": [], "excluded_lines": [], "executed_branches": [], "missing_branches": []}}}, "src/wrapper/utils/csv_converter.py": {"executed_lines": [1, 13, 15, 16, 18, 20, 23, 24, 26, 32, 33, 46, 47, 67, 68, 70, 76, 78, 84, 85, 87, 96, 115, 116, 121, 124, 127, 134, 136, 138, 139, 153, 154, 156, 157, 159, 161], "summary": {"covered_lines": 34, "num_statements": 43, "percent_covered": 80.85106382978724, "percent_covered_display": "81", "missing_lines": 9, "excluded_lines": 0, "percent_statements_covered": 79.06976744186046, "percent_statements_covered_display": "79", "num_branches": 4, "num_partial_branches": 0, "covered_branches": 4, "missing_branches": 0, "percent_branches_covered": 100.0, "percent_branches_covered_display": "100"}, "missing_lines": [27, 28, 29, 98, 99, 100, 101, 108, 109], "excluded_lines": [], "executed_branches": [[67, 68], [67, 70], [153, 154], [153, 156]], "missing_branches": [], "functions": {"CSVConversionError.__init__": {"executed_lines": [], "summary": {"covered_lines": 0, "num_statements": 3, "percent_covered": 0.0, "percent_covered_display": "0", "missing_lines": 3, "excluded_lines": 0, "percent_statements_covered": 0.0, "percent_statements_covered_display": "0", "num_branches": 0, "num_partial_branches": 0, "covered_branches": 0, "missing_branches": 0, "percent_branches_covered": 100.0, "percent_branches_covered_display": "100"}, "missing_lines": [27, 28, 29], "excluded_lines": [], "executed_branches": [], "missing_branches": []}, "CSVConverter.convert_parquet_to_csv": {"executed_lines": [67, 68, 70, 76, 78, 84, 85, 87, 96], "summary": {"covered_lines": 9, "num_statements": 15, "percent_covered": 64.70588235294117, "percent_covered_display": "65", "missing_lines": 6, "excluded_lines": 0, "percent_statements_covered": 60.0, "percent_statements_covered_display": "60", "num_branches": 2, "num_partial_branches": 0, "covered_branches": 2, "missing_branches": 0, "percent_branches_covered": 100.0, "percent_branches_covered_display": "100"}, "missing_lines": [98, 99, 100, 101, 108, 109], "excluded_lines": [], "executed_branches": [[67, 68], [67, 70]], "missing_branches": []}, "CSVConverter._convert_sync": {"executed_lines": [121, 124, 127, 134, 136], "summary": {"covered_lines": 5, "num_statements": 5, "percent_covered": 100.0, "percent_covered_display": "100", "missing_lines": 0, "excluded_lines": 0, "percent_statements_covered": 100.0, "percent_statements_covered_display": "100", "num_branches": 0, "num_partial_branches": 0, "covered_branches": 0, "missing_branches": 0, "percent_branches_covered": 100.0, "percent_branches_covered_display": "100"}, "missing_lines": [], "excluded_lines": [], "executed_branches": [], "missing_branches": []}, "CSVConverter.get_row_count": {"executed_lines": [153, 154, 156, 161], "summary": {"covered_lines": 4, "num_statements": 4, "percent_covered": 100.0, "percent_covered_display": "100", "missing_lines": 0, "excluded_lines": 0, "percent_statements_covered": 100.0, "percent_statements_covered_display": "100", "num_branches": 2, "num_partial_branches": 0, "covered_branches": 2, "missing_branches": 0, "percent_branches_covered": 100.0, "percent_branches_covered_display": "100"}, "missing_lines": [], "excluded_lines": [], "executed_branches": [[153, 154], [153, 156]], "missing_branches": []}, "CSVConverter.get_row_count._count_sync": {"executed_lines": [157, 159], "summary": {"covered_lines": 2, "num_statements": 2, "percent_covered": 100.0, "percent_covered_display": "100", "missing_lines": 0, "excluded_lines": 0, "percent_statements_covered": 100.0, "percent_statements_covered_display": "100", "num_branches": 0, "num_partial_branches": 0, "covered_branches": 0, "missing_branches": 0, "percent_branches_covered": 100.0, "percent_branches_covered_display": "100"}, "missing_lines": [], "excluded_lines": [], "executed_branches": [], "missing_branches": []}, "": {"executed_lines": [1, 13, 15, 16, 18, 20, 23, 24, 26, 32, 33, 46, 47, 115, 116, 138, 139], "summary": {"covered_lines": 14, "num_statements": 14, "percent_covered": 100.0, "percent_covered_display": "100", "missing_lines": 0, "excluded_lines": 0, "percent_statements_covered": 100.0, "percent_statements_covered_display": "100", "num_branches": 0, "num_partial_branches": 0, "covered_branches": 0, "missing_branches": 0, "percent_branches_covered": 100.0, "percent_branches_covered_display": "100"}, "missing_lines": [], "excluded_lines": [], "executed_branches": [], "missing_branches": []}}, "classes": {"CSVConversionError": {"executed_lines": [], "summary": {"covered_lines": 0, "num_statements": 3, "percent_covered": 0.0, "percent_covered_display": "0", "missing_lines": 3, "excluded_lines": 0, "percent_statements_covered": 0.0, "percent_statements_covered_display": "0", "num_branches": 0, "num_partial_branches": 0, "covered_branches": 0, "missing_branches": 0, "percent_branches_covered": 100.0, "percent_branches_covered_display": "100"}, "missing_lines": [27, 28, 29], "excluded_lines": [], "executed_branches": [], "missing_branches": []}, "CSVConverter": {"executed_lines": [67, 68, 70, 76, 78, 84, 85, 87, 96, 121, 124, 127, 134, 136, 153, 154, 156, 157, 159, 161], "summary": {"covered_lines": 20, "num_statements": 26, "percent_covered": 80.0, "percent_covered_display": "80", "missing_lines": 6, "excluded_lines": 0, "percent_statements_covered": 76.92307692307692, "percent_statements_covered_display": "77", "num_branches": 4, "num_partial_branches": 0, "covered_branches": 4, "missing_branches": 0, "percent_branches_covered": 100.0, "percent_branches_covered_display": "100"}, "missing_lines": [98, 99, 100, 101, 108, 109], "excluded_lines": [], "executed_branches": [[67, 68], [67, 70], [153, 154], [153, 156]], "missing_branches": []}, "": {"executed_lines": [1, 13, 15, 16, 18, 20, 23, 24, 26, 32, 33, 46, 47, 115, 116, 138, 139], "summary": {"covered_lines": 14, "num_statements": 14, "percent_covered": 100.0, "percent_covered_display": "100", "missing_lines": 0, "excluded_lines": 0, "percent_statements_covered": 100.0, "percent_statements_covered_display": "100", "num_branches": 0, "num_partial_branches": 0, "covered_branches": 0, "missing_branches": 0, "percent_branches_covered": 100.0, "percent_branches_covered_display": "100"}, "missing_lines": [], "excluded_lines": [], "executed_branches": [], "missing_branches": []}}}, "src/wrapper/utils/type_mapping.py": {"executed_lines": [1, 7, 9, 10, 12, 15, 31, 42, 51, 54, 55, 56, 61, 62, 63, 64, 69, 70, 76, 78, 81, 113, 122, 125], "summary": {"covered_lines": 23, "num_statements": 41, "percent_covered": 50.81967213114754, "percent_covered_display": "51", "missing_lines": 18, "excluded_lines": 0, "percent_statements_covered": 56.09756097560975, "percent_statements_covered_display": "56", "num_branches": 20, "num_partial_branches": 2, "covered_branches": 8, "missing_branches": 12, "percent_branches_covered": 40.0, "percent_branches_covered_display": "40"}, "missing_lines": [90, 93, 94, 95, 96, 101, 102, 108, 110, 126, 127, 130, 131, 132, 134, 135, 141, 148], "excluded_lines": [], "executed_branches": [[55, 56], [55, 61], [61, 62], [61, 69], [63, 61], [63, 64], [69, 70], [69, 76]], "missing_branches": [[93, 94], [93, 101], [95, 93], [95, 96], [101, 102], [101, 108], [125, 126], [125, 130], [130, 131], [130, 134], [134, 135], [134, 141]], "functions": {"validate_node_types": {"executed_lines": [51, 54, 55, 56, 61, 62, 63, 64, 69, 70, 76, 78], "summary": {"covered_lines": 12, "num_statements": 12, "percent_covered": 100.0, "percent_covered_display": "100", "missing_lines": 0, "excluded_lines": 0, "percent_statements_covered": 100.0, "percent_statements_covered_display": "100", "num_branches": 8, "num_partial_branches": 0, "covered_branches": 8, "missing_branches": 0, "percent_branches_covered": 100.0, "percent_branches_covered_display": "100"}, "missing_lines": [], "excluded_lines": [], "executed_branches": [[55, 56], [55, 61], [61, 62], [61, 69], [63, 61], [63, 64], [69, 70], [69, 76]], "missing_branches": []}, "validate_edge_types": {"executed_lines": [], "summary": {"covered_lines": 0, "num_statements": 9, "percent_covered": 0.0, "percent_covered_display": "0", "missing_lines": 9, "excluded_lines": 0, "percent_statements_covered": 0.0, "percent_statements_covered_display": "0", "num_branches": 6, "num_partial_branches": 0, "covered_branches": 0, "missing_branches": 6, "percent_branches_covered": 0.0, "percent_branches_covered_display": "0"}, "missing_lines": [90, 93, 94, 95, 96, 101, 102, 108, 110], "excluded_lines": [], "executed_branches": [], "missing_branches": [[93, 94], [93, 101], [95, 93], [95, 96], [101, 102], [101, 108]]}, "validate_mapping_types": {"executed_lines": [122, 125], "summary": {"covered_lines": 2, "num_statements": 11, "percent_covered": 11.764705882352942, "percent_covered_display": "12", "missing_lines": 9, "excluded_lines": 0, "percent_statements_covered": 18.181818181818183, "percent_statements_covered_display": "18", "num_branches": 6, "num_partial_branches": 2, "covered_branches": 0, "missing_branches": 6, "percent_branches_covered": 0.0, "percent_branches_covered_display": "0"}, "missing_lines": [126, 127, 130, 131, 132, 134, 135, 141, 148], "excluded_lines": [], "executed_branches": [], "missing_branches": [[125, 126], [125, 130], [130, 131], [130, 134], [134, 135], [134, 141]]}, "": {"executed_lines": [1, 7, 9, 10, 12, 15, 31, 42, 81, 113], "summary": {"covered_lines": 9, "num_statements": 9, "percent_covered": 100.0, "percent_covered_display": "100", "missing_lines": 0, "excluded_lines": 0, "percent_statements_covered": 100.0, "percent_statements_covered_display": "100", "num_branches": 0, "num_partial_branches": 0, "covered_branches": 0, "missing_branches": 0, "percent_branches_covered": 100.0, "percent_branches_covered_display": "100"}, "missing_lines": [], "excluded_lines": [], "executed_branches": [], "missing_branches": []}}, "classes": {"": {"executed_lines": [1, 7, 9, 10, 12, 15, 31, 42, 51, 54, 55, 56, 61, 62, 63, 64, 69, 70, 76, 78, 81, 113, 122, 125], "summary": {"covered_lines": 23, "num_statements": 41, "percent_covered": 50.81967213114754, "percent_covered_display": "51", "missing_lines": 18, "excluded_lines": 0, "percent_statements_covered": 56.09756097560975, "percent_statements_covered_display": "56", "num_branches": 20, "num_partial_branches": 2, "covered_branches": 8, "missing_branches": 12, "percent_branches_covered": 40.0, "percent_branches_covered_display": "40"}, "missing_lines": [90, 93, 94, 95, 96, 101, 102, 108, 110, 126, 127, 130, 131, 132, 134, 135, 141, 148], "excluded_lines": [], "executed_branches": [[55, 56], [55, 61], [61, 62], [61, 69], [63, 61], [63, 64], [69, 70], [69, 76]], "missing_branches": [[93, 94], [93, 101], [95, 93], [95, 96], [101, 102], [101, 108], [125, 126], [125, 130], [130, 131], [130, 134], [134, 135], [134, 141]]}}}}, "totals": {"covered_lines": 1244, "num_statements": 1557, "percent_covered": 76.5736179529283, "percent_covered_display": "77", "missing_lines": 313, "excluded_lines": 10, "percent_statements_covered": 79.89723827874117, "percent_statements_covered_display": "80", "num_branches": 270, "num_partial_branches": 41, "covered_branches": 155, "missing_branches": 115, "percent_branches_covered": 57.407407407407405, "percent_branches_covered_display": "57"}}