{"meta": {"format": 3, "version": "7.13.0", "timestamp": "2026-01-05T18:57:08.142970", "branch_coverage": true, "show_contexts": false}, "files": {"src/graph_olap/__init__.py": {"executed_lines": [1, 41, 42, 43, 64, 92, 94], "summary": {"covered_lines": 6, "num_statements": 6, "percent_covered": 100.0, "percent_covered_display": "100", "missing_lines": 0, "excluded_lines": 0, "percent_statements_covered": 100.0, "percent_statements_covered_display": "100", "num_branches": 0, "num_partial_branches": 0, "covered_branches": 0, "missing_branches": 0, "percent_branches_covered": 100.0, "percent_branches_covered_display": "100"}, "missing_lines": [], "excluded_lines": [], "executed_branches": [], "missing_branches": [], "functions": {"": {"executed_lines": [1, 41, 42, 43, 64, 92, 94], "summary": {"covered_lines": 6, "num_statements": 6, "percent_covered": 100.0, "percent_covered_display": "100", "missing_lines": 0, "excluded_lines": 0, "percent_statements_covered": 100.0, "percent_statements_covered_display": "100", "num_branches": 0, "num_partial_branches": 0, "covered_branches": 0, "missing_branches": 0, "percent_branches_covered": 100.0, "percent_branches_covered_display": "100"}, "missing_lines": [], "excluded_lines": [], "executed_branches": [], "missing_branches": []}}, "classes": {"": {"executed_lines": [1, 41, 42, 43, 64, 92, 94], "summary": {"covered_lines": 6, "num_statements": 6, "percent_covered": 100.0, "percent_covered_display": "100", "missing_lines": 0, "excluded_lines": 0, "percent_statements_covered": 100.0, "percent_statements_covered_display": "100", "num_branches": 0, "num_partial_branches": 0, "covered_branches": 0, "missing_branches": 0, "percent_branches_covered": 100.0, "percent_branches_covered_display": "100"}, "missing_lines": [], "excluded_lines": [], "executed_branches": [], "missing_branches": []}}}, "src/graph_olap/client.py": {"executed_lines": [1, 3, 5, 7, 9, 10, 11, 12, 13, 14, 15, 16, 17, 18, 21, 22, 100, 122, 132, 143, 144, 145, 146, 147, 148, 149, 150, 152, 153, 189, 190, 199, 203, 207, 211], "summary": {"covered_lines": 33, "num_statements": 39, "percent_covered": 84.61538461538461, "percent_covered_display": "85", "missing_lines": 6, "excluded_lines": 0, "percent_statements_covered": 84.61538461538461, "percent_statements_covered_display": "85", "num_branches": 0, "num_partial_branches": 0, "covered_branches": 0, "missing_branches": 0, "percent_branches_covered": 100.0, "percent_branches_covered_display": "100"}, "missing_lines": [201, 205, 209, 242, 249, 257], "excluded_lines": [], "executed_branches": [], "missing_branches": [], "functions": {"GraphOLAPClient.__init__": {"executed_lines": [122, 132, 143, 144, 145, 146, 147, 148, 149, 150], "summary": {"covered_lines": 10, "num_statements": 10, "percent_covered": 100.0, "percent_covered_display": "100", "missing_lines": 0, "excluded_lines": 0, "percent_statements_covered": 100.0, "percent_statements_covered_display": "100", "num_branches": 0, "num_partial_branches": 0, "covered_branches": 0, "missing_branches": 0, "percent_branches_covered": 100.0, "percent_branches_covered_display": "100"}, "missing_lines": [], "excluded_lines": [], "executed_branches": [], "missing_branches": []}, "GraphOLAPClient.from_env": {"executed_lines": [189, 190], "summary": {"covered_lines": 2, "num_statements": 2, "percent_covered": 100.0, "percent_covered_display": "100", "missing_lines": 0, "excluded_lines": 0, "percent_statements_covered": 100.0, "percent_statements_covered_display": "100", "num_branches": 0, "num_partial_branches": 0, "covered_branches": 0, "missing_branches": 0, "percent_branches_covered": 100.0, "percent_branches_covered_display": "100"}, "missing_lines": [], "excluded_lines": [], "executed_branches": [], "missing_branches": []}, "GraphOLAPClient.close": {"executed_lines": [], "summary": {"covered_lines": 0, "num_statements": 1, "percent_covered": 0.0, "percent_covered_display": "0", "missing_lines": 1, "excluded_lines": 0, "percent_statements_covered": 0.0, "percent_statements_covered_display": "0", "num_branches": 0, "num_partial_branches": 0, "covered_branches": 0, "missing_branches": 0, "percent_branches_covered": 100.0, "percent_branches_covered_display": "100"}, "missing_lines": [201], "excluded_lines": [], "executed_branches": [], "missing_branches": []}, "GraphOLAPClient.__enter__": {"executed_lines": [], "summary": {"covered_lines": 0, "num_statements": 1, "percent_covered": 0.0, "percent_covered_display": "0", "missing_lines": 1, "excluded_lines": 0, "percent_statements_covered": 0.0, "percent_statements_covered_display": "0", "num_branches": 0, "num_partial_branches": 0, "covered_branches": 0, "missing_branches": 0, "percent_branches_covered": 100.0, "percent_branches_covered_display": "100"}, "missing_lines": [205], "excluded_lines": [], "executed_branches": [], "missing_branches": []}, "GraphOLAPClient.__exit__": {"executed_lines": [], "summary": {"covered_lines": 0, "num_statements": 1, "percent_covered": 0.0, "percent_covered_display": "0", "missing_lines": 1, "excluded_lines": 0, "percent_statements_covered": 0.0, "percent_statements_covered_display": "0", "num_branches": 0, "num_partial_branches": 0, "covered_branches": 0, "missing_branches": 0, "percent_branches_covered": 100.0, "percent_branches_covered_display": "100"}, "missing_lines": [209], "excluded_lines": [], "executed_branches": [], "missing_branches": []}, "GraphOLAPClient.quick_start": {"executed_lines": [], "summary": {"covered_lines": 0, "num_statements": 3, "percent_covered": 0.0, "percent_covered_display": "0", "missing_lines": 3, "excluded_lines": 0, "percent_statements_covered": 0.0, "percent_statements_covered_display": "0", "num_branches": 0, "num_partial_branches": 0, "covered_branches": 0, "missing_branches": 0, "percent_branches_covered": 100.0, "percent_branches_covered_display": "100"}, "missing_lines": [242, 249, 257], "excluded_lines": [], "executed_branches": [], "missing_branches": []}, "": {"executed_lines": [1, 3, 5, 7, 9, 10, 11, 12, 13, 14, 15, 16, 17, 18, 21, 22, 100, 152, 153, 199, 203, 207, 211], "summary": {"covered_lines": 21, "num_statements": 21, "percent_covered": 100.0, "percent_covered_display": "100", "missing_lines": 0, "excluded_lines": 0, "percent_statements_covered": 100.0, "percent_statements_covered_display": "100", "num_branches": 0, "num_partial_branches": 0, "covered_branches": 0, "missing_branches": 0, "percent_branches_covered": 100.0, "percent_branches_covered_display": "100"}, "missing_lines": [], "excluded_lines": [], "executed_branches": [], "missing_branches": []}}, "classes": {"GraphOLAPClient": {"executed_lines": [122, 132, 143, 144, 145, 146, 147, 148, 149, 150, 189, 190], "summary": {"covered_lines": 12, "num_statements": 18, "percent_covered": 66.66666666666667, "percent_covered_display": "67", "missing_lines": 6, "excluded_lines": 0, "percent_statements_covered": 66.66666666666667, "percent_statements_covered_display": "67", "num_branches": 0, "num_partial_branches": 0, "covered_branches": 0, "missing_branches": 0, "percent_branches_covered": 100.0, "percent_branches_covered_display": "100"}, "missing_lines": [201, 205, 209, 242, 249, 257], "excluded_lines": [], "executed_branches": [], "missing_branches": []}, "": {"executed_lines": [1, 3, 5, 7, 9, 10, 11, 12, 13, 14, 15, 16, 17, 18, 21, 22, 100, 152, 153, 199, 203, 207, 211], "summary": {"covered_lines": 21, "num_statements": 21, "percent_covered": 100.0, "percent_covered_display": "100", "missing_lines": 0, "excluded_lines": 0, "percent_statements_covered": 100.0, "percent_statements_covered_display": "100", "num_branches": 0, "num_partial_branches": 0, "covered_branches": 0, "missing_branches": 0, "percent_branches_covered": 100.0, "percent_branches_covered_display": "100"}, "missing_lines": [], "excluded_lines": [], "executed_branches": [], "missing_branches": []}}}, "src/graph_olap/config.py": {"executed_lines": [1, 3, 5, 6, 9, 10, 11, 59, 60, 61, 62, 63, 64, 65, 67, 68, 91, 92, 93, 98, 99, 100, 102], "summary": {"covered_lines": 21, "num_statements": 21, "percent_covered": 100.0, "percent_covered_display": "100", "missing_lines": 0, "excluded_lines": 0, "percent_statements_covered": 100.0, "percent_statements_covered_display": "100", "num_branches": 2, "num_partial_branches": 0, "covered_branches": 2, "missing_branches": 0, "percent_branches_covered": 100.0, "percent_branches_covered_display": "100"}, "missing_lines": [], "excluded_lines": [], "executed_branches": [[92, 93], [92, 98]], "missing_branches": [], "functions": {"Config.from_env": {"executed_lines": [91, 92, 93, 98, 99, 100, 102], "summary": {"covered_lines": 7, "num_statements": 7, "percent_covered": 100.0, "percent_covered_display": "100", "missing_lines": 0, "excluded_lines": 0, "percent_statements_covered": 100.0, "percent_statements_covered_display": "100", "num_branches": 2, "num_partial_branches": 0, "covered_branches": 2, "missing_branches": 0, "percent_branches_covered": 100.0, "percent_branches_covered_display": "100"}, "missing_lines": [], "excluded_lines": [], "executed_branches": [[92, 93], [92, 98]], "missing_branches": []}, "": {"executed_lines": [1, 3, 5, 6, 9, 10, 11, 59, 60, 61, 62, 63, 64, 65, 67, 68], "summary": {"covered_lines": 14, "num_statements": 14, "percent_covered": 100.0, "percent_covered_display": "100", "missing_lines": 0, "excluded_lines": 0, "percent_statements_covered": 100.0, "percent_statements_covered_display": "100", "num_branches": 0, "num_partial_branches": 0, "covered_branches": 0, "missing_branches": 0, "percent_branches_covered": 100.0, "percent_branches_covered_display": "100"}, "missing_lines": [], "excluded_lines": [], "executed_branches": [], "missing_branches": []}}, "classes": {"Config": {"executed_lines": [91, 92, 93, 98, 99, 100, 102], "summary": {"covered_lines": 7, "num_statements": 7, "percent_covered": 100.0, "percent_covered_display": "100", "missing_lines": 0, "excluded_lines": 0, "percent_statements_covered": 100.0, "percent_statements_covered_display": "100", "num_branches": 2, "num_partial_branches": 0, "covered_branches": 2, "missing_branches": 0, "percent_branches_covered": 100.0, "percent_branches_covered_display": "100"}, "missing_lines": [], "excluded_lines": [], "executed_branches": [[92, 93], [92, 98]], "missing_branches": []}, "": {"executed_lines": [1, 3, 5, 6, 9, 10, 11, 59, 60, 61, 62, 63, 64, 65, 67, 68], "summary": {"covered_lines": 14, "num_statements": 14, "percent_covered": 100.0, "percent_covered_display": "100", "missing_lines": 0, "excluded_lines": 0, "percent_statements_covered": 100.0, "percent_statements_covered_display": "100", "num_branches": 0, "num_partial_branches": 0, "covered_branches": 0, "missing_branches": 0, "percent_branches_covered": 100.0, "percent_branches_covered_display": "100"}, "missing_lines": [], "excluded_lines": [], "executed_branches": [], "missing_branches": []}}}, "src/graph_olap/exceptions.py": {"executed_lines": [1, 20, 23, 24, 26, 34, 35, 37, 40, 41, 43, 44, 45, 48, 49, 54, 62, 63, 65, 66, 67, 70, 71, 73, 74, 75, 83, 84, 86, 87, 88, 91, 92, 94, 95, 97, 99, 100, 102, 105, 106, 108, 109, 111, 113, 114, 116, 118, 119, 121, 124, 125, 127, 130, 131, 133, 141, 142, 144, 147, 148, 150, 153, 154, 156, 164, 165, 167, 168, 169, 172, 173, 175, 178, 179, 181, 189, 190, 192, 195, 196, 198, 206, 207, 209, 212, 213, 215, 222, 234, 251, 254, 256, 257, 258, 259, 260, 261, 262, 263, 264, 265, 266, 267, 268, 269, 270, 271, 272, 273, 274, 275, 276, 277, 280, 283, 290, 292], "summary": {"covered_lines": 96, "num_statements": 97, "percent_covered": 98.3739837398374, "percent_covered_display": "98", "missing_lines": 1, "excluded_lines": 0, "percent_statements_covered": 98.96907216494846, "percent_statements_covered_display": "99", "num_branches": 26, "num_partial_branches": 1, "covered_branches": 25, "missing_branches": 1, "percent_branches_covered": 96.15384615384616, "percent_branches_covered_display": "96"}, "missing_lines": [255], "excluded_lines": [], "executed_branches": [[254, 256], [256, 257], [256, 258], [258, 259], [258, 260], [260, 261], [260, 262], [262, 263], [262, 264], [264, 265], [264, 266], [266, 267], [266, 268], [268, 269], [268, 270], [270, 271], [270, 272], [272, 273], [272, 274], [274, 275], [274, 276], [276, 277], [276, 280], [283, 290], [283, 292]], "missing_branches": [[254, 255]], "functions": {"PermissionDeniedError.__init__": {"executed_lines": [44, 45], "summary": {"covered_lines": 2, "num_statements": 2, "percent_covered": 100.0, "percent_covered_display": "100", "missing_lines": 0, "excluded_lines": 0, "percent_statements_covered": 100.0, "percent_statements_covered_display": "100", "num_branches": 0, "num_partial_branches": 0, "covered_branches": 0, "missing_branches": 0, "percent_branches_covered": 100.0, "percent_branches_covered_display": "100"}, "missing_lines": [], "excluded_lines": [], "executed_branches": [], "missing_branches": []}, "NotFoundError.__init__": {"executed_lines": [66, 67], "summary": {"covered_lines": 2, "num_statements": 2, "percent_covered": 100.0, "percent_covered_display": "100", "missing_lines": 0, "excluded_lines": 0, "percent_statements_covered": 100.0, "percent_statements_covered_display": "100", "num_branches": 0, "num_partial_branches": 0, "covered_branches": 0, "missing_branches": 0, "percent_branches_covered": 100.0, "percent_branches_covered_display": "100"}, "missing_lines": [], "excluded_lines": [], "executed_branches": [], "missing_branches": []}, "ValidationError.__init__": {"executed_lines": [74, 75], "summary": {"covered_lines": 2, "num_statements": 2, "percent_covered": 100.0, "percent_covered_display": "100", "missing_lines": 0, "excluded_lines": 0, "percent_statements_covered": 100.0, "percent_statements_covered_display": "100", "num_branches": 0, "num_partial_branches": 0, "covered_branches": 0, "missing_branches": 0, "percent_branches_covered": 100.0, "percent_branches_covered_display": "100"}, "missing_lines": [], "excluded_lines": [], "executed_branches": [], "missing_branches": []}, "ConflictError.__init__": {"executed_lines": [87, 88], "summary": {"covered_lines": 2, "num_statements": 2, "percent_covered": 100.0, "percent_covered_display": "100", "missing_lines": 0, "excluded_lines": 0, "percent_statements_covered": 100.0, "percent_statements_covered_display": "100", "num_branches": 0, "num_partial_branches": 0, "covered_branches": 0, "missing_branches": 0, "percent_branches_covered": 100.0, "percent_branches_covered_display": "100"}, "missing_lines": [], "excluded_lines": [], "executed_branches": [], "missing_branches": []}, "ResourceLockedError.holder_name": {"executed_lines": [97], "summary": {"covered_lines": 1, "num_statements": 1, "percent_covered": 100.0, "percent_covered_display": "100", "missing_lines": 0, "excluded_lines": 0, "percent_statements_covered": 100.0, "percent_statements_covered_display": "100", "num_branches": 0, "num_partial_branches": 0, "covered_branches": 0, "missing_branches": 0, "percent_branches_covered": 100.0, "percent_branches_covered_display": "100"}, "missing_lines": [], "excluded_lines": [], "executed_branches": [], "missing_branches": []}, "ResourceLockedError.algorithm": {"executed_lines": [102], "summary": {"covered_lines": 1, "num_statements": 1, "percent_covered": 100.0, "percent_covered_display": "100", "missing_lines": 0, "excluded_lines": 0, "percent_statements_covered": 100.0, "percent_statements_covered_display": "100", "num_branches": 0, "num_partial_branches": 0, "covered_branches": 0, "missing_branches": 0, "percent_branches_covered": 100.0, "percent_branches_covered_display": "100"}, "missing_lines": [], "excluded_lines": [], "executed_branches": [], "missing_branches": []}, "ConcurrencyLimitError.limit_type": {"executed_lines": [111], "summary": {"covered_lines": 1, "num_statements": 1, "percent_covered": 100.0, "percent_covered_display": "100", "missing_lines": 0, "excluded_lines": 0, "percent_statements_covered": 100.0, "percent_statements_covered_display": "100", "num_branches": 0, "num_partial_branches": 0, "covered_branches": 0, "missing_branches": 0, "percent_branches_covered": 100.0, "percent_branches_covered_display": "100"}, "missing_lines": [], "excluded_lines": [], "executed_branches": [], "missing_branches": []}, "ConcurrencyLimitError.current_count": {"executed_lines": [116], "summary": {"covered_lines": 1, "num_statements": 1, "percent_covered": 100.0, "percent_covered_display": "100", "missing_lines": 0, "excluded_lines": 0, "percent_statements_covered": 100.0, "percent_statements_covered_display": "100", "num_branches": 0, "num_partial_branches": 0, "covered_branches": 0, "missing_branches": 0, "percent_branches_covered": 100.0, "percent_branches_covered_display": "100"}, "missing_lines": [], "excluded_lines": [], "executed_branches": [], "missing_branches": []}, "ConcurrencyLimitError.max_allowed": {"executed_lines": [121], "summary": {"covered_lines": 1, "num_statements": 1, "percent_covered": 100.0, "percent_covered_display": "100", "missing_lines": 0, "excluded_lines": 0, "percent_statements_covered": 100.0, "percent_statements_covered_display": "100", "num_branches": 0, "num_partial_branches": 0, "covered_branches": 0, "missing_branches": 0, "percent_branches_covered": 100.0, "percent_branches_covered_display": "100"}, "missing_lines": [], "excluded_lines": [], "executed_branches": [], "missing_branches": []}, "RyugraphError.__init__": {"executed_lines": [168, 169], "summary": {"covered_lines": 2, "num_statements": 2, "percent_covered": 100.0, "percent_covered_display": "100", "missing_lines": 0, "excluded_lines": 0, "percent_statements_covered": 100.0, "percent_statements_covered_display": "100", "num_branches": 0, "num_partial_branches": 0, "covered_branches": 0, "missing_branches": 0, "percent_branches_covered": 100.0, "percent_branches_covered_display": "100"}, "missing_lines": [], "excluded_lines": [], "executed_branches": [], "missing_branches": []}, "exception_from_response": {"executed_lines": [251, 254, 256, 257, 258, 259, 260, 261, 262, 263, 264, 265, 266, 267, 268, 269, 270, 271, 272, 273, 274, 275, 276, 277, 280, 283, 290, 292], "summary": {"covered_lines": 28, "num_statements": 29, "percent_covered": 96.36363636363636, "percent_covered_display": "96", "missing_lines": 1, "excluded_lines": 0, "percent_statements_covered": 96.55172413793103, "percent_statements_covered_display": "97", "num_branches": 26, "num_partial_branches": 1, "covered_branches": 25, "missing_branches": 1, "percent_branches_covered": 96.15384615384616, "percent_branches_covered_display": "96"}, "missing_lines": [255], "excluded_lines": [], "executed_branches": [[254, 256], [256, 257], [256, 258], [258, 259], [258, 260], [260, 261], [260, 262], [262, 263], [262, 264], [264, 265], [264, 266], [266, 267], [266, 268], [268, 269], [268, 270], [270, 271], [270, 272], [272, 273], [272, 274], [274, 275], [274, 276], [276, 277], [276, 280], [283, 290], [283, 292]], "missing_branches": [[254, 255]]}, "": {"executed_lines": [1, 20, 23, 24, 26, 34, 35, 37, 40, 41, 43, 48, 49, 54, 62, 63, 65, 70, 71, 73, 83, 84, 86, 91, 92, 94, 95, 99, 100, 105, 106, 108, 109, 113, 114, 118, 119, 124, 125, 127, 130, 131, 133, 141, 142, 144, 147, 148, 150, 153, 154, 156, 164, 165, 167, 172, 173, 175, 178, 179, 181, 189, 190, 192, 195, 196, 198, 206, 207, 209, 212, 213, 215, 222, 234], "summary": {"covered_lines": 53, "num_statements": 53, "percent_covered": 100.0, "percent_covered_display": "100", "missing_lines": 0, "excluded_lines": 0, "percent_statements_covered": 100.0, "percent_statements_covered_display": "100", "num_branches": 0, "num_partial_branches": 0, "covered_branches": 0, "missing_branches": 0, "percent_branches_covered": 100.0, "percent_branches_covered_display": "100"}, "missing_lines": [], "excluded_lines": [], "executed_branches": [], "missing_branches": []}}, "classes": {"GraphOLAPError": {"executed_lines": [], "summary": {"covered_lines": 0, "num_statements": 0, "percent_covered": 100.0, "percent_covered_display": "100", "missing_lines": 0, "excluded_lines": 0, "percent_statements_covered": 100.0, "percent_statements_covered_display": "100", "num_branches": 0, "num_partial_branches": 0, "covered_branches": 0, "missing_branches": 0, "percent_branches_covered": 100.0, "percent_branches_covered_display": "100"}, "missing_lines": [], "excluded_lines": [], "executed_branches": [], "missing_branches": []}, "AuthenticationError": {"executed_lines": [], "summary": {"covered_lines": 0, "num_statements": 0, "percent_covered": 100.0, "percent_covered_display": "100", "missing_lines": 0, "excluded_lines": 0, "percent_statements_covered": 100.0, "percent_statements_covered_display": "100", "num_branches": 0, "num_partial_branches": 0, "covered_branches": 0, "missing_branches": 0, "percent_branches_covered": 100.0, "percent_branches_covered_display": "100"}, "missing_lines": [], "excluded_lines": [], "executed_branches": [], "missing_branches": []}, "PermissionDeniedError": {"executed_lines": [44, 45], "summary": {"covered_lines": 2, "num_statements": 2, "percent_covered": 100.0, "percent_covered_display": "100", "missing_lines": 0, "excluded_lines": 0, "percent_statements_covered": 100.0, "percent_statements_covered_display": "100", "num_branches": 0, "num_partial_branches": 0, "covered_branches": 0, "missing_branches": 0, "percent_branches_covered": 100.0, "percent_branches_covered_display": "100"}, "missing_lines": [], "excluded_lines": [], "executed_branches": [], "missing_branches": []}, "ForbiddenError": {"executed_lines": [], "summary": {"covered_lines": 0, "num_statements": 0, "percent_covered": 100.0, "percent_covered_display": "100", "missing_lines": 0, "excluded_lines": 0, "percent_statements_covered": 100.0, "percent_statements_covered_display": "100", "num_branches": 0, "num_partial_branches": 0, "covered_branches": 0, "missing_branches": 0, "percent_branches_covered": 100.0, "percent_branches_covered_display": "100"}, "missing_lines": [], "excluded_lines": [], "executed_branches": [], "missing_branches": []}, "NotFoundError": {"executed_lines": [66, 67], "summary": {"covered_lines": 2, "num_statements": 2, "percent_covered": 100.0, "percent_covered_display": "100", "missing_lines": 0, "excluded_lines": 0, "percent_statements_covered": 100.0, "percent_statements_covered_display": "100", "num_branches": 0, "num_partial_branches": 0, "covered_branches": 0, "missing_branches": 0, "percent_branches_covered": 100.0, "percent_branches_covered_display": "100"}, "missing_lines": [], "excluded_lines": [], "executed_branches": [], "missing_branches": []}, "ValidationError": {"executed_lines": [74, 75], "summary": {"covered_lines": 2, "num_statements": 2, "percent_covered": 100.0, "percent_covered_display": "100", "missing_lines": 0, "excluded_lines": 0, "percent_statements_covered": 100.0, "percent_statements_covered_display": "100", "num_branches": 0, "num_partial_branches": 0, "covered_branches": 0, "missing_branches": 0, "percent_branches_covered": 100.0, "percent_branches_covered_display": "100"}, "missing_lines": [], "excluded_lines": [], "executed_branches": [], "missing_branches": []}, "ConflictError": {"executed_lines": [87, 88], "summary": {"covered_lines": 2, "num_statements": 2, "percent_covered": 100.0, "percent_covered_display": "100", "missing_lines": 0, "excluded_lines": 0, "percent_statements_covered": 100.0, "percent_statements_covered_display": "100", "num_branches": 0, "num_partial_branches": 0, "covered_branches": 0, "missing_branches": 0, "percent_branches_covered": 100.0, "percent_branches_covered_display": "100"}, "missing_lines": [], "excluded_lines": [], "executed_branches": [], "missing_branches": []}, "ResourceLockedError": {"executed_lines": [97, 102], "summary": {"covered_lines": 2, "num_statements": 2, "percent_covered": 100.0, "percent_covered_display": "100", "missing_lines": 0, "excluded_lines": 0, "percent_statements_covered": 100.0, "percent_statements_covered_display": "100", "num_branches": 0, "num_partial_branches": 0, "covered_branches": 0, "missing_branches": 0, "percent_branches_covered": 100.0, "percent_branches_covered_display": "100"}, "missing_lines": [], "excluded_lines": [], "executed_branches": [], "missing_branches": []}, "ConcurrencyLimitError": {"executed_lines": [111, 116, 121], "summary": {"covered_lines": 3, "num_statements": 3, "percent_covered": 100.0, "percent_covered_display": "100", "missing_lines": 0, "excluded_lines": 0, "percent_statements_covered": 100.0, "percent_statements_covered_display": "100", "num_branches": 0, "num_partial_branches": 0, "covered_branches": 0, "missing_branches": 0, "percent_branches_covered": 100.0, "percent_branches_covered_display": "100"}, "missing_lines": [], "excluded_lines": [], "executed_branches": [], "missing_branches": []}, "DependencyError": {"executed_lines": [], "summary": {"covered_lines": 0, "num_statements": 0, "percent_covered": 100.0, "percent_covered_display": "100", "missing_lines": 0, "excluded_lines": 0, "percent_statements_covered": 100.0, "percent_statements_covered_display": "100", "num_branches": 0, "num_partial_branches": 0, "covered_branches": 0, "missing_branches": 0, "percent_branches_covered": 100.0, "percent_branches_covered_display": "100"}, "missing_lines": [], "excluded_lines": [], "executed_branches": [], "missing_branches": []}, "InvalidStateError": {"executed_lines": [], "summary": {"covered_lines": 0, "num_statements": 0, "percent_covered": 100.0, "percent_covered_display": "100", "missing_lines": 0, "excluded_lines": 0, "percent_statements_covered": 100.0, "percent_statements_covered_display": "100", "num_branches": 0, "num_partial_branches": 0, "covered_branches": 0, "missing_branches": 0, "percent_branches_covered": 100.0, "percent_branches_covered_display": "100"}, "missing_lines": [], "excluded_lines": [], "executed_branches": [], "missing_branches": []}, "TimeoutError": {"executed_lines": [], "summary": {"covered_lines": 0, "num_statements": 0, "percent_covered": 100.0, "percent_covered_display": "100", "missing_lines": 0, "excluded_lines": 0, "percent_statements_covered": 100.0, "percent_statements_covered_display": "100", "num_branches": 0, "num_partial_branches": 0, "covered_branches": 0, "missing_branches": 0, "percent_branches_covered": 100.0, "percent_branches_covered_display": "100"}, "missing_lines": [], "excluded_lines": [], "executed_branches": [], "missing_branches": []}, "QueryTimeoutError": {"executed_lines": [], "summary": {"covered_lines": 0, "num_statements": 0, "percent_covered": 100.0, "percent_covered_display": "100", "missing_lines": 0, "excluded_lines": 0, "percent_statements_covered": 100.0, "percent_statements_covered_display": "100", "num_branches": 0, "num_partial_branches": 0, "covered_branches": 0, "missing_branches": 0, "percent_branches_covered": 100.0, "percent_branches_covered_display": "100"}, "missing_lines": [], "excluded_lines": [], "executed_branches": [], "missing_branches": []}, "AlgorithmTimeoutError": {"executed_lines": [], "summary": {"covered_lines": 0, "num_statements": 0, "percent_covered": 100.0, "percent_covered_display": "100", "missing_lines": 0, "excluded_lines": 0, "percent_statements_covered": 100.0, "percent_statements_covered_display": "100", "num_branches": 0, "num_partial_branches": 0, "covered_branches": 0, "missing_branches": 0, "percent_branches_covered": 100.0, "percent_branches_covered_display": "100"}, "missing_lines": [], "excluded_lines": [], "executed_branches": [], "missing_branches": []}, "RyugraphError": {"executed_lines": [168, 169], "summary": {"covered_lines": 2, "num_statements": 2, "percent_covered": 100.0, "percent_covered_display": "100", "missing_lines": 0, "excluded_lines": 0, "percent_statements_covered": 100.0, "percent_statements_covered_display": "100", "num_branches": 0, "num_partial_branches": 0, "covered_branches": 0, "missing_branches": 0, "percent_branches_covered": 100.0, "percent_branches_covered_display": "100"}, "missing_lines": [], "excluded_lines": [], "executed_branches": [], "missing_branches": []}, "AlgorithmNotFoundError": {"executed_lines": [], "summary": {"covered_lines": 0, "num_statements": 0, "percent_covered": 100.0, "percent_covered_display": "100", "missing_lines": 0, "excluded_lines": 0, "percent_statements_covered": 100.0, "percent_statements_covered_display": "100", "num_branches": 0, "num_partial_branches": 0, "covered_branches": 0, "missing_branches": 0, "percent_branches_covered": 100.0, "percent_branches_covered_display": "100"}, "missing_lines": [], "excluded_lines": [], "executed_branches": [], "missing_branches": []}, "AlgorithmFailedError": {"executed_lines": [], "summary": {"covered_lines": 0, "num_statements": 0, "percent_covered": 100.0, "percent_covered_display": "100", "missing_lines": 0, "excluded_lines": 0, "percent_statements_covered": 100.0, "percent_statements_covered_display": "100", "num_branches": 0, "num_partial_branches": 0, "covered_branches": 0, "missing_branches": 0, "percent_branches_covered": 100.0, "percent_branches_covered_display": "100"}, "missing_lines": [], "excluded_lines": [], "executed_branches": [], "missing_branches": []}, "SnapshotFailedError": {"executed_lines": [], "summary": {"covered_lines": 0, "num_statements": 0, "percent_covered": 100.0, "percent_covered_display": "100", "missing_lines": 0, "excluded_lines": 0, "percent_statements_covered": 100.0, "percent_statements_covered_display": "100", "num_branches": 0, "num_partial_branches": 0, "covered_branches": 0, "missing_branches": 0, "percent_branches_covered": 100.0, "percent_branches_covered_display": "100"}, "missing_lines": [], "excluded_lines": [], "executed_branches": [], "missing_branches": []}, "InstanceFailedError": {"executed_lines": [], "summary": {"covered_lines": 0, "num_statements": 0, "percent_covered": 100.0, "percent_covered_display": "100", "missing_lines": 0, "excluded_lines": 0, "percent_statements_covered": 100.0, "percent_statements_covered_display": "100", "num_branches": 0, "num_partial_branches": 0, "covered_branches": 0, "missing_branches": 0, "percent_branches_covered": 100.0, "percent_branches_covered_display": "100"}, "missing_lines": [], "excluded_lines": [], "executed_branches": [], "missing_branches": []}, "ServerError": {"executed_lines": [], "summary": {"covered_lines": 0, "num_statements": 0, "percent_covered": 100.0, "percent_covered_display": "100", "missing_lines": 0, "excluded_lines": 0, "percent_statements_covered": 100.0, "percent_statements_covered_display": "100", "num_branches": 0, "num_partial_branches": 0, "covered_branches": 0, "missing_branches": 0, "percent_branches_covered": 100.0, "percent_branches_covered_display": "100"}, "missing_lines": [], "excluded_lines": [], "executed_branches": [], "missing_branches": []}, "ServiceUnavailableError": {"executed_lines": [], "summary": {"covered_lines": 0, "num_statements": 0, "percent_covered": 100.0, "percent_covered_display": "100", "missing_lines": 0, "excluded_lines": 0, "percent_statements_covered": 100.0, "percent_statements_covered_display": "100", "num_branches": 0, "num_partial_branches": 0, "covered_branches": 0, "missing_branches": 0, "percent_branches_covered": 100.0, "percent_branches_covered_display": "100"}, "missing_lines": [], "excluded_lines": [], "executed_branches": [], "missing_branches": []}, "": {"executed_lines": [1, 20, 23, 24, 26, 34, 35, 37, 40, 41, 43, 48, 49, 54, 62, 63, 65, 70, 71, 73, 83, 84, 86, 91, 92, 94, 95, 99, 100, 105, 106, 108, 109, 113, 114, 118, 119, 124, 125, 127, 130, 131, 133, 141, 142, 144, 147, 148, 150, 153, 154, 156, 164, 165, 167, 172, 173, 175, 178, 179, 181, 189, 190, 192, 195, 196, 198, 206, 207, 209, 212, 213, 215, 222, 234, 251, 254, 256, 257, 258, 259, 260, 261, 262, 263, 264, 265, 266, 267, 268, 269, 270, 271, 272, 273, 274, 275, 276, 277, 280, 283, 290, 292], "summary": {"covered_lines": 81, "num_statements": 82, "percent_covered": 98.14814814814815, "percent_covered_display": "98", "missing_lines": 1, "excluded_lines": 0, "percent_statements_covered": 98.78048780487805, "percent_statements_covered_display": "99", "num_branches": 26, "num_partial_branches": 1, "covered_branches": 25, "missing_branches": 1, "percent_branches_covered": 96.15384615384616, "percent_branches_covered_display": "96"}, "missing_lines": [255], "excluded_lines": [], "executed_branches": [[254, 256], [256, 257], [256, 258], [258, 259], [258, 260], [260, 261], [260, 262], [262, 263], [262, 264], [264, 265], [264, 266], [266, 267], [266, 268], [268, 269], [268, 270], [270, 271], [270, 272], [272, 273], [272, 274], [274, 275], [274, 276], [276, 277], [276, 280], [283, 290], [283, 292]], "missing_branches": [[254, 255]]}}}, "src/graph_olap/http.py": {"executed_lines": [1, 3, 5, 6, 8, 9, 16, 20, 23, 24, 51, 72, 73, 74, 75, 76, 77, 78, 80, 86, 88, 89, 92, 96, 99, 105, 107, 109, 111, 113, 115, 117, 123, 140, 141, 142, 144, 150, 169, 170, 173, 175, 176, 177, 178, 179, 180, 181, 182, 183, 185, 192, 193, 195, 201, 218, 219, 220, 222, 228, 245, 246, 247, 249, 255, 268, 269, 270, 272, 284, 287, 288, 289, 290, 293, 294, 296, 298, 299, 300, 311, 312, 313, 314, 316, 324, 325, 341, 351, 352, 353, 354, 355, 356, 358, 364, 366, 367, 370, 373, 379, 381, 383, 385, 387, 389, 391, 397, 398, 399, 401, 407, 408, 409, 411, 421, 427, 429, 431, 432, 434, 436, 437, 439, 441, 442, 443, 459], "summary": {"covered_lines": 125, "num_statements": 155, "percent_covered": 77.54010695187166, "percent_covered_display": "78", "missing_lines": 30, "excluded_lines": 0, "percent_statements_covered": 80.64516129032258, "percent_statements_covered_display": "81", "num_branches": 32, "num_partial_branches": 8, "covered_branches": 20, "missing_branches": 12, "percent_branches_covered": 62.5, "percent_branches_covered_display": "62"}, "missing_lines": [87, 93, 97, 301, 303, 304, 305, 308, 309, 310, 365, 371, 417, 418, 419, 423, 424, 425, 433, 444, 446, 447, 448, 451, 452, 453, 454, 455, 456, 457], "excluded_lines": [], "executed_branches": [[86, 88], [88, 89], [88, 92], [92, 96], [96, 99], [173, 175], [173, 192], [287, 288], [287, 293], [288, 289], [288, 290], [296, 298], [364, 366], [366, 367], [366, 370], [370, 373], [431, 432], [431, 436], [432, 434], [439, 441]], "missing_branches": [[86, 87], [92, 93], [96, 97], [296, 301], [301, 303], [301, 308], [364, 365], [370, 371], [432, 433], [439, 444], [444, 446], [444, 451]], "functions": {"HTTPClient.__init__": {"executed_lines": [72, 73, 74, 75, 76, 77, 78, 80, 86, 88, 89, 92, 96, 99], "summary": {"covered_lines": 14, "num_statements": 17, "percent_covered": 76.0, "percent_covered_display": "76", "missing_lines": 3, "excluded_lines": 0, "percent_statements_covered": 82.3529411764706, "percent_statements_covered_display": "82", "num_branches": 8, "num_partial_branches": 3, "covered_branches": 5, "missing_branches": 3, "percent_branches_covered": 62.5, "percent_branches_covered_display": "62"}, "missing_lines": [87, 93, 97], "excluded_lines": [], "executed_branches": [[86, 88], [88, 89], [88, 92], [92, 96], [96, 99]], "missing_branches": [[86, 87], [92, 93], [96, 97]]}, "HTTPClient.close": {"executed_lines": [107], "summary": {"covered_lines": 1, "num_statements": 1, "percent_covered": 100.0, "percent_covered_display": "100", "missing_lines": 0, "excluded_lines": 0, "percent_statements_covered": 100.0, "percent_statements_covered_display": "100", "num_branches": 0, "num_partial_branches": 0, "covered_branches": 0, "missing_branches": 0, "percent_branches_covered": 100.0, "percent_branches_covered_display": "100"}, "missing_lines": [], "excluded_lines": [], "executed_branches": [], "missing_branches": []}, "HTTPClient.__enter__": {"executed_lines": [111], "summary": {"covered_lines": 1, "num_statements": 1, "percent_covered": 100.0, "percent_covered_display": "100", "missing_lines": 0, "excluded_lines": 0, "percent_statements_covered": 100.0, "percent_statements_covered_display": "100", "num_branches": 0, "num_partial_branches": 0, "covered_branches": 0, "missing_branches": 0, "percent_branches_covered": 100.0, "percent_branches_covered_display": "100"}, "missing_lines": [], "excluded_lines": [], "executed_branches": [], "missing_branches": []}, "HTTPClient.__exit__": {"executed_lines": [115], "summary": {"covered_lines": 1, "num_statements": 1, "percent_covered": 100.0, "percent_covered_display": "100", "missing_lines": 0, "excluded_lines": 0, "percent_statements_covered": 100.0, "percent_statements_covered_display": "100", "num_branches": 0, "num_partial_branches": 0, "covered_branches": 0, "missing_branches": 0, "percent_branches_covered": 100.0, "percent_branches_covered_display": "100"}, "missing_lines": [], "excluded_lines": [], "executed_branches": [], "missing_branches": []}, "HTTPClient.get": {"executed_lines": [140, 141, 142], "summary": {"covered_lines": 3, "num_statements": 3, "percent_covered": 100.0, "percent_covered_display": "100", "missing_lines": 0, "excluded_lines": 0, "percent_statements_covered": 100.0, "percent_statements_covered_display": "100", "num_branches": 0, "num_partial_branches": 0, "covered_branches": 0, "missing_branches": 0, "percent_branches_covered": 100.0, "percent_branches_covered_display": "100"}, "missing_lines": [], "excluded_lines": [], "executed_branches": [], "missing_branches": []}, "HTTPClient.get_text": {"executed_lines": [169, 170, 173, 175, 176, 177, 178, 179, 180, 181, 182, 183, 185, 192, 193], "summary": {"covered_lines": 15, "num_statements": 15, "percent_covered": 100.0, "percent_covered_display": "100", "missing_lines": 0, "excluded_lines": 0, "percent_statements_covered": 100.0, "percent_statements_covered_display": "100", "num_branches": 2, "num_partial_branches": 0, "covered_branches": 2, "missing_branches": 0, "percent_branches_covered": 100.0, "percent_branches_covered_display": "100"}, "missing_lines": [], "excluded_lines": [], "executed_branches": [[173, 175], [173, 192]], "missing_branches": []}, "HTTPClient.post": {"executed_lines": [218, 219, 220], "summary": {"covered_lines": 3, "num_statements": 3, "percent_covered": 100.0, "percent_covered_display": "100", "missing_lines": 0, "excluded_lines": 0, "percent_statements_covered": 100.0, "percent_statements_covered_display": "100", "num_branches": 0, "num_partial_branches": 0, "covered_branches": 0, "missing_branches": 0, "percent_branches_covered": 100.0, "percent_branches_covered_display": "100"}, "missing_lines": [], "excluded_lines": [], "executed_branches": [], "missing_branches": []}, "HTTPClient.put": {"executed_lines": [245, 246, 247], "summary": {"covered_lines": 3, "num_statements": 3, "percent_covered": 100.0, "percent_covered_display": "100", "missing_lines": 0, "excluded_lines": 0, "percent_statements_covered": 100.0, "percent_statements_covered_display": "100", "num_branches": 0, "num_partial_branches": 0, "covered_branches": 0, "missing_branches": 0, "percent_branches_covered": 100.0, "percent_branches_covered_display": "100"}, "missing_lines": [], "excluded_lines": [], "executed_branches": [], "missing_branches": []}, "HTTPClient.delete": {"executed_lines": [268, 269, 270], "summary": {"covered_lines": 3, "num_statements": 3, "percent_covered": 100.0, "percent_covered_display": "100", "missing_lines": 0, "excluded_lines": 0, "percent_statements_covered": 100.0, "percent_statements_covered_display": "100", "num_branches": 0, "num_partial_branches": 0, "covered_branches": 0, "missing_branches": 0, "percent_branches_covered": 100.0, "percent_branches_covered_display": "100"}, "missing_lines": [], "excluded_lines": [], "executed_branches": [], "missing_branches": []}, "HTTPClient._handle_response": {"executed_lines": [284, 287, 288, 289, 290, 293, 294, 296, 298, 299, 300, 311, 312, 313, 314, 316], "summary": {"covered_lines": 16, "num_statements": 23, "percent_covered": 67.74193548387096, "percent_covered_display": "68", "missing_lines": 7, "excluded_lines": 0, "percent_statements_covered": 69.56521739130434, "percent_statements_covered_display": "70", "num_branches": 8, "num_partial_branches": 1, "covered_branches": 5, "missing_branches": 3, "percent_branches_covered": 62.5, "percent_branches_covered_display": "62"}, "missing_lines": [301, 303, 304, 305, 308, 309, 310], "excluded_lines": [], "executed_branches": [[287, 288], [287, 293], [288, 289], [288, 290], [296, 298]], "missing_branches": [[296, 301], [301, 303], [301, 308]]}, "AsyncHTTPClient.__init__": {"executed_lines": [351, 352, 353, 354, 355, 356, 358, 364, 366, 367, 370, 373], "summary": {"covered_lines": 12, "num_statements": 14, "percent_covered": 80.0, "percent_covered_display": "80", "missing_lines": 2, "excluded_lines": 0, "percent_statements_covered": 85.71428571428571, "percent_statements_covered_display": "86", "num_branches": 6, "num_partial_branches": 2, "covered_branches": 4, "missing_branches": 2, "percent_branches_covered": 66.66666666666667, "percent_branches_covered_display": "67"}, "missing_lines": [365, 371], "excluded_lines": [], "executed_branches": [[364, 366], [366, 367], [366, 370], [370, 373]], "missing_branches": [[364, 365], [370, 371]]}, "AsyncHTTPClient.close": {"executed_lines": [381], "summary": {"covered_lines": 1, "num_statements": 1, "percent_covered": 100.0, "percent_covered_display": "100", "missing_lines": 0, "excluded_lines": 0, "percent_statements_covered": 100.0, "percent_statements_covered_display": "100", "num_branches": 0, "num_partial_branches": 0, "covered_branches": 0, "missing_branches": 0, "percent_branches_covered": 100.0, "percent_branches_covered_display": "100"}, "missing_lines": [], "excluded_lines": [], "executed_branches": [], "missing_branches": []}, "AsyncHTTPClient.__aenter__": {"executed_lines": [385], "summary": {"covered_lines": 1, "num_statements": 1, "percent_covered": 100.0, "percent_covered_display": "100", "missing_lines": 0, "excluded_lines": 0, "percent_statements_covered": 100.0, "percent_statements_covered_display": "100", "num_branches": 0, "num_partial_branches": 0, "covered_branches": 0, "missing_branches": 0, "percent_branches_covered": 100.0, "percent_branches_covered_display": "100"}, "missing_lines": [], "excluded_lines": [], "executed_branches": [], "missing_branches": []}, "AsyncHTTPClient.__aexit__": {"executed_lines": [389], "summary": {"covered_lines": 1, "num_statements": 1, "percent_covered": 100.0, "percent_covered_display": "100", "missing_lines": 0, "excluded_lines": 0, "percent_statements_covered": 100.0, "percent_statements_covered_display": "100", "num_branches": 0, "num_partial_branches": 0, "covered_branches": 0, "missing_branches": 0, "percent_branches_covered": 100.0, "percent_branches_covered_display": "100"}, "missing_lines": [], "excluded_lines": [], "executed_branches": [], "missing_branches": []}, "AsyncHTTPClient.get": {"executed_lines": [397, 398, 399], "summary": {"covered_lines": 3, "num_statements": 3, "percent_covered": 100.0, "percent_covered_display": "100", "missing_lines": 0, "excluded_lines": 0, "percent_statements_covered": 100.0, "percent_statements_covered_display": "100", "num_branches": 0, "num_partial_branches": 0, "covered_branches": 0, "missing_branches": 0, "percent_branches_covered": 100.0, "percent_branches_covered_display": "100"}, "missing_lines": [], "excluded_lines": [], "executed_branches": [], "missing_branches": []}, "AsyncHTTPClient.post": {"executed_lines": [407, 408, 409], "summary": {"covered_lines": 3, "num_statements": 3, "percent_covered": 100.0, "percent_covered_display": "100", "missing_lines": 0, "excluded_lines": 0, "percent_statements_covered": 100.0, "percent_statements_covered_display": "100", "num_branches": 0, "num_partial_branches": 0, "covered_branches": 0, "missing_branches": 0, "percent_branches_covered": 100.0, "percent_branches_covered_display": "100"}, "missing_lines": [], "excluded_lines": [], "executed_branches": [], "missing_branches": []}, "AsyncHTTPClient.put": {"executed_lines": [], "summary": {"covered_lines": 0, "num_statements": 3, "percent_covered": 0.0, "percent_covered_display": "0", "missing_lines": 3, "excluded_lines": 0, "percent_statements_covered": 0.0, "percent_statements_covered_display": "0", "num_branches": 0, "num_partial_branches": 0, "covered_branches": 0, "missing_branches": 0, "percent_branches_covered": 100.0, "percent_branches_covered_display": "100"}, "missing_lines": [417, 418, 419], "excluded_lines": [], "executed_branches": [], "missing_branches": []}, "AsyncHTTPClient.delete": {"executed_lines": [], "summary": {"covered_lines": 0, "num_statements": 3, "percent_covered": 0.0, "percent_covered_display": "0", "missing_lines": 3, "excluded_lines": 0, "percent_statements_covered": 0.0, "percent_statements_covered_display": "0", "num_branches": 0, "num_partial_branches": 0, "covered_branches": 0, "missing_branches": 0, "percent_branches_covered": 100.0, "percent_branches_covered_display": "100"}, "missing_lines": [423, 424, 425], "excluded_lines": [], "executed_branches": [], "missing_branches": []}, "AsyncHTTPClient._handle_response": {"executed_lines": [429, 431, 432, 434, 436, 437, 439, 441, 442, 443, 459], "summary": {"covered_lines": 11, "num_statements": 23, "percent_covered": 48.38709677419355, "percent_covered_display": "48", "missing_lines": 12, "excluded_lines": 0, "percent_statements_covered": 47.82608695652174, "percent_statements_covered_display": "48", "num_branches": 8, "num_partial_branches": 2, "covered_branches": 4, "missing_branches": 4, "percent_branches_covered": 50.0, "percent_branches_covered_display": "50"}, "missing_lines": [433, 444, 446, 447, 448, 451, 452, 453, 454, 455, 456, 457], "excluded_lines": [], "executed_branches": [[431, 432], [431, 436], [432, 434], [439, 441]], "missing_branches": [[432, 433], [439, 444], [444, 446], [444, 451]]}, "": {"executed_lines": [1, 3, 5, 6, 8, 9, 16, 20, 23, 24, 51, 105, 109, 113, 117, 123, 144, 150, 195, 201, 222, 228, 249, 255, 272, 324, 325, 341, 379, 383, 387, 391, 401, 411, 421, 427], "summary": {"covered_lines": 33, "num_statements": 33, "percent_covered": 100.0, "percent_covered_display": "100", "missing_lines": 0, "excluded_lines": 0, "percent_statements_covered": 100.0, "percent_statements_covered_display": "100", "num_branches": 0, "num_partial_branches": 0, "covered_branches": 0, "missing_branches": 0, "percent_branches_covered": 100.0, "percent_branches_covered_display": "100"}, "missing_lines": [], "excluded_lines": [], "executed_branches": [], "missing_branches": []}}, "classes": {"HTTPClient": {"executed_lines": [72, 73, 74, 75, 76, 77, 78, 80, 86, 88, 89, 92, 96, 99, 107, 111, 115, 140, 141, 142, 169, 170, 173, 175, 176, 177, 178, 179, 180, 181, 182, 183, 185, 192, 193, 218, 219, 220, 245, 246, 247, 268, 269, 270, 284, 287, 288, 289, 290, 293, 294, 296, 298, 299, 300, 311, 312, 313, 314, 316], "summary": {"covered_lines": 60, "num_statements": 70, "percent_covered": 81.81818181818181, "percent_covered_display": "82", "missing_lines": 10, "excluded_lines": 0, "percent_statements_covered": 85.71428571428571, "percent_statements_covered_display": "86", "num_branches": 18, "num_partial_branches": 4, "covered_branches": 12, "missing_branches": 6, "percent_branches_covered": 66.66666666666667, "percent_branches_covered_display": "67"}, "missing_lines": [87, 93, 97, 301, 303, 304, 305, 308, 309, 310], "excluded_lines": [], "executed_branches": [[86, 88], [88, 89], [88, 92], [92, 96], [96, 99], [173, 175], [173, 192], [287, 288], [287, 293], [288, 289], [288, 290], [296, 298]], "missing_branches": [[86, 87], [92, 93], [96, 97], [296, 301], [301, 303], [301, 308]]}, "AsyncHTTPClient": {"executed_lines": [351, 352, 353, 354, 355, 356, 358, 364, 366, 367, 370, 373, 381, 385, 389, 397, 398, 399, 407, 408, 409, 429, 431, 432, 434, 436, 437, 439, 441, 442, 443, 459], "summary": {"covered_lines": 32, "num_statements": 52, "percent_covered": 60.60606060606061, "percent_covered_display": "61", "missing_lines": 20, "excluded_lines": 0, "percent_statements_covered": 61.53846153846154, "percent_statements_covered_display": "62", "num_branches": 14, "num_partial_branches": 4, "covered_branches": 8, "missing_branches": 6, "percent_branches_covered": 57.142857142857146, "percent_branches_covered_display": "57"}, "missing_lines": [365, 371, 417, 418, 419, 423, 424, 425, 433, 444, 446, 447, 448, 451, 452, 453, 454, 455, 456, 457], "excluded_lines": [], "executed_branches": [[364, 366], [366, 367], [366, 370], [370, 373], [431, 432], [431, 436], [432, 434], [439, 441]], "missing_branches": [[364, 365], [370, 371], [432, 433], [439, 444], [444, 446], [444, 451]]}, "": {"executed_lines": [1, 3, 5, 6, 8, 9, 16, 20, 23, 24, 51, 105, 109, 113, 117, 123, 144, 150, 195, 201, 222, 228, 249, 255, 272, 324, 325, 341, 379, 383, 387, 391, 401, 411, 421, 427], "summary": {"covered_lines": 33, "num_statements": 33, "percent_covered": 100.0, "percent_covered_display": "100", "missing_lines": 0, "excluded_lines": 0, "percent_statements_covered": 100.0, "percent_statements_covered_display": "100", "num_branches": 0, "num_partial_branches": 0, "covered_branches": 0, "missing_branches": 0, "percent_branches_covered": 100.0, "percent_branches_covered_display": "100"}, "missing_lines": [], "excluded_lines": [], "executed_branches": [], "missing_branches": []}}}, "src/graph_olap/instance/__init__.py": {"executed_lines": [1, 3, 4, 6], "summary": {"covered_lines": 3, "num_statements": 3, "percent_covered": 100.0, "percent_covered_display": "100", "missing_lines": 0, "excluded_lines": 0, "percent_statements_covered": 100.0, "percent_statements_covered_display": "100", "num_branches": 0, "num_partial_branches": 0, "covered_branches": 0, "missing_branches": 0, "percent_branches_covered": 100.0, "percent_branches_covered_display": "100"}, "missing_lines": [], "excluded_lines": [], "executed_branches": [], "missing_branches": [], "functions": {"": {"executed_lines": [1, 3, 4, 6], "summary": {"covered_lines": 3, "num_statements": 3, "percent_covered": 100.0, "percent_covered_display": "100", "missing_lines": 0, "excluded_lines": 0, "percent_statements_covered": 100.0, "percent_statements_covered_display": "100", "num_branches": 0, "num_partial_branches": 0, "covered_branches": 0, "missing_branches": 0, "percent_branches_covered": 100.0, "percent_branches_covered_display": "100"}, "missing_lines": [], "excluded_lines": [], "executed_branches": [], "missing_branches": []}}, "classes": {"": {"executed_lines": [1, 3, 4, 6], "summary": {"covered_lines": 3, "num_statements": 3, "percent_covered": 100.0, "percent_covered_display": "100", "missing_lines": 0, "excluded_lines": 0, "percent_statements_covered": 100.0, "percent_statements_covered_display": "100", "num_branches": 0, "num_partial_branches": 0, "covered_branches": 0, "missing_branches": 0, "percent_branches_covered": 100.0, "percent_branches_covered_display": "100"}, "missing_lines": [], "excluded_lines": [], "executed_branches": [], "missing_branches": []}}}, "src/graph_olap/instance/algorithms.py": {"executed_lines": [1, 3, 5, 6, 8, 13, 15, 19, 20, 49, 55, 57, 75, 88, 123, 124, 125, 126, 128, 129, 130, 131, 133, 135, 136, 138, 140, 141, 143, 147, 174, 188, 209, 218, 248, 278, 301, 311, 344, 365, 366, 367, 368, 369, 371, 378, 399, 408, 427, 435, 453, 455, 456, 458, 461, 463, 464, 466, 467, 469, 471, 473, 475, 476, 477, 478, 479, 480, 481, 482, 483, 485, 493, 494, 518, 524, 526, 535, 536, 537, 539, 541, 542, 544, 553, 555, 557, 588, 589, 590, 591, 592, 593, 594, 597, 599, 600, 603, 605, 606, 608, 612, 619, 621, 630, 631, 639, 646, 648, 657, 665, 672, 674, 680, 682, 683, 685, 686, 689, 691, 692, 694, 695, 699, 703, 705, 706, 707, 708, 709, 715], "summary": {"covered_lines": 127, "num_statements": 145, "percent_covered": 87.95811518324608, "percent_covered_display": "88", "missing_lines": 18, "excluded_lines": 2, "percent_statements_covered": 87.58620689655173, "percent_statements_covered_display": "88", "num_branches": 46, "num_partial_branches": 3, "covered_branches": 41, "missing_branches": 5, "percent_branches_covered": 89.1304347826087, "percent_branches_covered_display": "89"}, "missing_lines": [66, 67, 68, 70, 72, 73, 84, 86, 127, 239, 269, 335, 459, 697, 710, 711, 712, 713], "excluded_lines": [15, 16], "executed_branches": [[124, 125], [124, 126], [126, 128], [128, 129], [128, 130], [130, 131], [130, 133], [135, 136], [135, 138], [140, 141], [140, 143], [366, 367], [366, 368], [368, 369], [368, 371], [455, 456], [455, 471], [458, 461], [463, 464], [463, 466], [466, 467], [466, 469], [536, 537], [536, 539], [589, 590], [589, 591], [591, 592], [591, 593], [593, 594], [593, 597], [599, 600], [599, 603], [605, 606], [605, 608], [682, 683], [682, 699], [685, 686], [685, 689], [691, 692], [691, 694], [694, 695]], "missing_branches": [[67, 68], [67, 70], [126, 127], [458, 459], [694, 697]], "functions": {"AlgorithmManager.__init__": {"executed_lines": [55], "summary": {"covered_lines": 1, "num_statements": 1, "percent_covered": 100.0, "percent_covered_display": "100", "missing_lines": 0, "excluded_lines": 0, "percent_statements_covered": 100.0, "percent_statements_covered_display": "100", "num_branches": 0, "num_partial_branches": 0, "covered_branches": 0, "missing_branches": 0, "percent_branches_covered": 100.0, "percent_branches_covered_display": "100"}, "missing_lines": [], "excluded_lines": [], "executed_branches": [], "missing_branches": []}, "AlgorithmManager.algorithms": {"executed_lines": [], "summary": {"covered_lines": 0, "num_statements": 6, "percent_covered": 0.0, "percent_covered_display": "0", "missing_lines": 6, "excluded_lines": 0, "percent_statements_covered": 0.0, "percent_statements_covered_display": "0", "num_branches": 2, "num_partial_branches": 0, "covered_branches": 0, "missing_branches": 2, "percent_branches_covered": 0.0, "percent_branches_covered_display": "0"}, "missing_lines": [66, 67, 68, 70, 72, 73], "excluded_lines": [], "executed_branches": [], "missing_branches": [[67, 68], [67, 70]]}, "AlgorithmManager.algorithm_info": {"executed_lines": [], "summary": {"covered_lines": 0, "num_statements": 2, "percent_covered": 0.0, "percent_covered_display": "0", "missing_lines": 2, "excluded_lines": 0, "percent_statements_covered": 0.0, "percent_statements_covered_display": "0", "num_branches": 0, "num_partial_branches": 0, "covered_branches": 0, "missing_branches": 0, "percent_branches_covered": 100.0, "percent_branches_covered_display": "100"}, "missing_lines": [84, 86], "excluded_lines": [], "executed_branches": [], "missing_branches": []}, "AlgorithmManager.run": {"executed_lines": [123, 124, 125, 126, 128, 129, 130, 131, 133, 135, 136, 138, 140, 141, 143], "summary": {"covered_lines": 15, "num_statements": 16, "percent_covered": 92.85714285714286, "percent_covered_display": "93", "missing_lines": 1, "excluded_lines": 0, "percent_statements_covered": 93.75, "percent_statements_covered_display": "94", "num_branches": 12, "num_partial_branches": 1, "covered_branches": 11, "missing_branches": 1, "percent_branches_covered": 91.66666666666667, "percent_branches_covered_display": "92"}, "missing_lines": [127], "excluded_lines": [], "executed_branches": [[124, 125], [124, 126], [126, 128], [128, 129], [128, 130], [130, 131], [130, 133], [135, 136], [135, 138], [140, 141], [140, 143]], "missing_branches": [[126, 127]]}, "AlgorithmManager.pagerank": {"executed_lines": [174], "summary": {"covered_lines": 1, "num_statements": 1, "percent_covered": 100.0, "percent_covered_display": "100", "missing_lines": 0, "excluded_lines": 0, "percent_statements_covered": 100.0, "percent_statements_covered_display": "100", "num_branches": 0, "num_partial_branches": 0, "covered_branches": 0, "missing_branches": 0, "percent_branches_covered": 100.0, "percent_branches_covered_display": "100"}, "missing_lines": [], "excluded_lines": [], "executed_branches": [], "missing_branches": []}, "AlgorithmManager.connected_components": {"executed_lines": [209], "summary": {"covered_lines": 1, "num_statements": 1, "percent_covered": 100.0, "percent_covered_display": "100", "missing_lines": 0, "excluded_lines": 0, "percent_statements_covered": 100.0, "percent_statements_covered_display": "100", "num_branches": 0, "num_partial_branches": 0, "covered_branches": 0, "missing_branches": 0, "percent_branches_covered": 100.0, "percent_branches_covered_display": "100"}, "missing_lines": [], "excluded_lines": [], "executed_branches": [], "missing_branches": []}, "AlgorithmManager.scc": {"executed_lines": [], "summary": {"covered_lines": 0, "num_statements": 1, "percent_covered": 0.0, "percent_covered_display": "0", "missing_lines": 1, "excluded_lines": 0, "percent_statements_covered": 0.0, "percent_statements_covered_display": "0", "num_branches": 0, "num_partial_branches": 0, "covered_branches": 0, "missing_branches": 0, "percent_branches_covered": 100.0, "percent_branches_covered_display": "100"}, "missing_lines": [239], "excluded_lines": [], "executed_branches": [], "missing_branches": []}, "AlgorithmManager.scc_kosaraju": {"executed_lines": [], "summary": {"covered_lines": 0, "num_statements": 1, "percent_covered": 0.0, "percent_covered_display": "0", "missing_lines": 1, "excluded_lines": 0, "percent_statements_covered": 0.0, "percent_statements_covered_display": "0", "num_branches": 0, "num_partial_branches": 0, "covered_branches": 0, "missing_branches": 0, "percent_branches_covered": 100.0, "percent_branches_covered_display": "100"}, "missing_lines": [269], "excluded_lines": [], "executed_branches": [], "missing_branches": []}, "AlgorithmManager.louvain": {"executed_lines": [301], "summary": {"covered_lines": 1, "num_statements": 1, "percent_covered": 100.0, "percent_covered_display": "100", "missing_lines": 0, "excluded_lines": 0, "percent_statements_covered": 100.0, "percent_statements_covered_display": "100", "num_branches": 0, "num_partial_branches": 0, "covered_branches": 0, "missing_branches": 0, "percent_branches_covered": 100.0, "percent_branches_covered_display": "100"}, "missing_lines": [], "excluded_lines": [], "executed_branches": [], "missing_branches": []}, "AlgorithmManager.kcore": {"executed_lines": [], "summary": {"covered_lines": 0, "num_statements": 1, "percent_covered": 0.0, "percent_covered_display": "0", "missing_lines": 1, "excluded_lines": 0, "percent_statements_covered": 0.0, "percent_statements_covered_display": "0", "num_branches": 0, "num_partial_branches": 0, "covered_branches": 0, "missing_branches": 0, "percent_branches_covered": 100.0, "percent_branches_covered_display": "100"}, "missing_lines": [335], "excluded_lines": [], "executed_branches": [], "missing_branches": []}, "AlgorithmManager.shortest_path": {"executed_lines": [365, 366, 367, 368, 369, 371], "summary": {"covered_lines": 6, "num_statements": 6, "percent_covered": 100.0, "percent_covered_display": "100", "missing_lines": 0, "excluded_lines": 0, "percent_statements_covered": 100.0, "percent_statements_covered_display": "100", "num_branches": 4, "num_partial_branches": 0, "covered_branches": 4, "missing_branches": 0, "percent_branches_covered": 100.0, "percent_branches_covered_display": "100"}, "missing_lines": [], "excluded_lines": [], "executed_branches": [[366, 367], [366, 368], [368, 369], [368, 371]], "missing_branches": []}, "AlgorithmManager.label_propagation": {"executed_lines": [399], "summary": {"covered_lines": 1, "num_statements": 1, "percent_covered": 100.0, "percent_covered_display": "100", "missing_lines": 0, "excluded_lines": 0, "percent_statements_covered": 100.0, "percent_statements_covered_display": "100", "num_branches": 0, "num_partial_branches": 0, "covered_branches": 0, "missing_branches": 0, "percent_branches_covered": 100.0, "percent_branches_covered_display": "100"}, "missing_lines": [], "excluded_lines": [], "executed_branches": [], "missing_branches": []}, "AlgorithmManager.triangle_count": {"executed_lines": [427], "summary": {"covered_lines": 1, "num_statements": 1, "percent_covered": 100.0, "percent_covered_display": "100", "missing_lines": 0, "excluded_lines": 0, "percent_statements_covered": 100.0, "percent_statements_covered_display": "100", "num_branches": 0, "num_partial_branches": 0, "covered_branches": 0, "missing_branches": 0, "percent_branches_covered": 100.0, "percent_branches_covered_display": "100"}, "missing_lines": [], "excluded_lines": [], "executed_branches": [], "missing_branches": []}, "AlgorithmManager._wait_for_completion": {"executed_lines": [453, 455, 456, 458, 461, 463, 464, 466, 467, 469, 471], "summary": {"covered_lines": 11, "num_statements": 12, "percent_covered": 90.0, "percent_covered_display": "90", "missing_lines": 1, "excluded_lines": 0, "percent_statements_covered": 91.66666666666667, "percent_statements_covered_display": "92", "num_branches": 8, "num_partial_branches": 1, "covered_branches": 7, "missing_branches": 1, "percent_branches_covered": 87.5, "percent_branches_covered_display": "88"}, "missing_lines": [459], "excluded_lines": [], "executed_branches": [[455, 456], [455, 471], [458, 461], [463, 464], [463, 466], [466, 467], [466, 469]], "missing_branches": [[458, 459]]}, "AlgorithmManager._handle_error": {"executed_lines": [475, 476, 477, 478, 479, 480, 481, 482, 483, 485], "summary": {"covered_lines": 10, "num_statements": 10, "percent_covered": 100.0, "percent_covered_display": "100", "missing_lines": 0, "excluded_lines": 0, "percent_statements_covered": 100.0, "percent_statements_covered_display": "100", "num_branches": 0, "num_partial_branches": 0, "covered_branches": 0, "missing_branches": 0, "percent_branches_covered": 100.0, "percent_branches_covered_display": "100"}, "missing_lines": [], "excluded_lines": [], "executed_branches": [], "missing_branches": []}, "NetworkXManager.__init__": {"executed_lines": [524], "summary": {"covered_lines": 1, "num_statements": 1, "percent_covered": 100.0, "percent_covered_display": "100", "missing_lines": 0, "excluded_lines": 0, "percent_statements_covered": 100.0, "percent_statements_covered_display": "100", "num_branches": 0, "num_partial_branches": 0, "covered_branches": 0, "missing_branches": 0, "percent_branches_covered": 100.0, "percent_branches_covered_display": "100"}, "missing_lines": [], "excluded_lines": [], "executed_branches": [], "missing_branches": []}, "NetworkXManager.algorithms": {"executed_lines": [535, 536, 537, 539, 541, 542], "summary": {"covered_lines": 6, "num_statements": 6, "percent_covered": 100.0, "percent_covered_display": "100", "missing_lines": 0, "excluded_lines": 0, "percent_statements_covered": 100.0, "percent_statements_covered_display": "100", "num_branches": 2, "num_partial_branches": 0, "covered_branches": 2, "missing_branches": 0, "percent_branches_covered": 100.0, "percent_branches_covered_display": "100"}, "missing_lines": [], "excluded_lines": [], "executed_branches": [[536, 537], [536, 539]], "missing_branches": []}, "NetworkXManager.algorithm_info": {"executed_lines": [553, 555], "summary": {"covered_lines": 2, "num_statements": 2, "percent_covered": 100.0, "percent_covered_display": "100", "missing_lines": 0, "excluded_lines": 0, "percent_statements_covered": 100.0, "percent_statements_covered_display": "100", "num_branches": 0, "num_partial_branches": 0, "covered_branches": 0, "missing_branches": 0, "percent_branches_covered": 100.0, "percent_branches_covered_display": "100"}, "missing_lines": [], "excluded_lines": [], "executed_branches": [], "missing_branches": []}, "NetworkXManager.run": {"executed_lines": [588, 589, 590, 591, 592, 593, 594, 597, 599, 600, 603, 605, 606, 608], "summary": {"covered_lines": 14, "num_statements": 14, "percent_covered": 100.0, "percent_covered_display": "100", "missing_lines": 0, "excluded_lines": 0, "percent_statements_covered": 100.0, "percent_statements_covered_display": "100", "num_branches": 10, "num_partial_branches": 0, "covered_branches": 10, "missing_branches": 0, "percent_branches_covered": 100.0, "percent_branches_covered_display": "100"}, "missing_lines": [], "excluded_lines": [], "executed_branches": [[589, 590], [589, 591], [591, 592], [591, 593], [593, 594], [593, 597], [599, 600], [599, 603], [605, 606], [605, 608]], "missing_branches": []}, "NetworkXManager.degree_centrality": {"executed_lines": [619], "summary": {"covered_lines": 1, "num_statements": 1, "percent_covered": 100.0, "percent_covered_display": "100", "missing_lines": 0, "excluded_lines": 0, "percent_statements_covered": 100.0, "percent_statements_covered_display": "100", "num_branches": 0, "num_partial_branches": 0, "covered_branches": 0, "missing_branches": 0, "percent_branches_covered": 100.0, "percent_branches_covered_display": "100"}, "missing_lines": [], "excluded_lines": [], "executed_branches": [], "missing_branches": []}, "NetworkXManager.betweenness_centrality": {"executed_lines": [630, 631], "summary": {"covered_lines": 2, "num_statements": 2, "percent_covered": 100.0, "percent_covered_display": "100", "missing_lines": 0, "excluded_lines": 0, "percent_statements_covered": 100.0, "percent_statements_covered_display": "100", "num_branches": 0, "num_partial_branches": 0, "covered_branches": 0, "missing_branches": 0, "percent_branches_covered": 100.0, "percent_branches_covered_display": "100"}, "missing_lines": [], "excluded_lines": [], "executed_branches": [], "missing_branches": []}, "NetworkXManager.closeness_centrality": {"executed_lines": [646], "summary": {"covered_lines": 1, "num_statements": 1, "percent_covered": 100.0, "percent_covered_display": "100", "missing_lines": 0, "excluded_lines": 0, "percent_statements_covered": 100.0, "percent_statements_covered_display": "100", "num_branches": 0, "num_partial_branches": 0, "covered_branches": 0, "missing_branches": 0, "percent_branches_covered": 100.0, "percent_branches_covered_display": "100"}, "missing_lines": [], "excluded_lines": [], "executed_branches": [], "missing_branches": []}, "NetworkXManager.eigenvector_centrality": {"executed_lines": [657], "summary": {"covered_lines": 1, "num_statements": 1, "percent_covered": 100.0, "percent_covered_display": "100", "missing_lines": 0, "excluded_lines": 0, "percent_statements_covered": 100.0, "percent_statements_covered_display": "100", "num_branches": 0, "num_partial_branches": 0, "covered_branches": 0, "missing_branches": 0, "percent_branches_covered": 100.0, "percent_branches_covered_display": "100"}, "missing_lines": [], "excluded_lines": [], "executed_branches": [], "missing_branches": []}, "NetworkXManager.clustering_coefficient": {"executed_lines": [672], "summary": {"covered_lines": 1, "num_statements": 1, "percent_covered": 100.0, "percent_covered_display": "100", "missing_lines": 0, "excluded_lines": 0, "percent_statements_covered": 100.0, "percent_statements_covered_display": "100", "num_branches": 0, "num_partial_branches": 0, "covered_branches": 0, "missing_branches": 0, "percent_branches_covered": 100.0, "percent_branches_covered_display": "100"}, "missing_lines": [], "excluded_lines": [], "executed_branches": [], "missing_branches": []}, "NetworkXManager._wait_for_completion": {"executed_lines": [680, 682, 683, 685, 686, 689, 691, 692, 694, 695, 699], "summary": {"covered_lines": 11, "num_statements": 12, "percent_covered": 90.0, "percent_covered_display": "90", "missing_lines": 1, "excluded_lines": 0, "percent_statements_covered": 91.66666666666667, "percent_statements_covered_display": "92", "num_branches": 8, "num_partial_branches": 1, "covered_branches": 7, "missing_branches": 1, "percent_branches_covered": 87.5, "percent_branches_covered_display": "88"}, "missing_lines": [697], "excluded_lines": [], "executed_branches": [[682, 683], [682, 699], [685, 686], [685, 689], [691, 692], [691, 694], [694, 695]], "missing_branches": [[694, 697]]}, "NetworkXManager._handle_error": {"executed_lines": [705, 706, 707, 708, 709, 715], "summary": {"covered_lines": 6, "num_statements": 10, "percent_covered": 60.0, "percent_covered_display": "60", "missing_lines": 4, "excluded_lines": 0, "percent_statements_covered": 60.0, "percent_statements_covered_display": "60", "num_branches": 0, "num_partial_branches": 0, "covered_branches": 0, "missing_branches": 0, "percent_branches_covered": 100.0, "percent_branches_covered_display": "100"}, "missing_lines": [710, 711, 712, 713], "excluded_lines": [], "executed_branches": [], "missing_branches": []}, "": {"executed_lines": [1, 3, 5, 6, 8, 13, 15, 19, 20, 49, 57, 75, 88, 147, 188, 218, 248, 278, 311, 344, 378, 408, 435, 473, 493, 494, 518, 526, 544, 557, 612, 621, 639, 648, 665, 674, 703], "summary": {"covered_lines": 33, "num_statements": 33, "percent_covered": 100.0, "percent_covered_display": "100", "missing_lines": 0, "excluded_lines": 2, "percent_statements_covered": 100.0, "percent_statements_covered_display": "100", "num_branches": 0, "num_partial_branches": 0, "covered_branches": 0, "missing_branches": 0, "percent_branches_covered": 100.0, "percent_branches_covered_display": "100"}, "missing_lines": [], "excluded_lines": [15, 16], "executed_branches": [], "missing_branches": []}}, "classes": {"AlgorithmManager": {"executed_lines": [55, 123, 124, 125, 126, 128, 129, 130, 131, 133, 135, 136, 138, 140, 141, 143, 174, 209, 301, 365, 366, 367, 368, 369, 371, 399, 427, 453, 455, 456, 458, 461, 463, 464, 466, 467, 469, 471, 475, 476, 477, 478, 479, 480, 481, 482, 483, 485], "summary": {"covered_lines": 48, "num_statements": 61, "percent_covered": 80.45977011494253, "percent_covered_display": "80", "missing_lines": 13, "excluded_lines": 0, "percent_statements_covered": 78.68852459016394, "percent_statements_covered_display": "79", "num_branches": 26, "num_partial_branches": 2, "covered_branches": 22, "missing_branches": 4, "percent_branches_covered": 84.61538461538461, "percent_branches_covered_display": "85"}, "missing_lines": [66, 67, 68, 70, 72, 73, 84, 86, 127, 239, 269, 335, 459], "excluded_lines": [], "executed_branches": [[124, 125], [124, 126], [126, 128], [128, 129], [128, 130], [130, 131], [130, 133], [135, 136], [135, 138], [140, 141], [140, 143], [366, 367], [366, 368], [368, 369], [368, 371], [455, 456], [455, 471], [458, 461], [463, 464], [463, 466], [466, 467], [466, 469]], "missing_branches": [[67, 68], [67, 70], [126, 127], [458, 459]]}, "NetworkXManager": {"executed_lines": [524, 535, 536, 537, 539, 541, 542, 553, 555, 588, 589, 590, 591, 592, 593, 594, 597, 599, 600, 603, 605, 606, 608, 619, 630, 631, 646, 657, 672, 680, 682, 683, 685, 686, 689, 691, 692, 694, 695, 699, 705, 706, 707, 708, 709, 715], "summary": {"covered_lines": 46, "num_statements": 51, "percent_covered": 91.54929577464789, "percent_covered_display": "92", "missing_lines": 5, "excluded_lines": 0, "percent_statements_covered": 90.19607843137256, "percent_statements_covered_display": "90", "num_branches": 20, "num_partial_branches": 1, "covered_branches": 19, "missing_branches": 1, "percent_branches_covered": 95.0, "percent_branches_covered_display": "95"}, "missing_lines": [697, 710, 711, 712, 713], "excluded_lines": [], "executed_branches": [[536, 537], [536, 539], [589, 590], [589, 591], [591, 592], [591, 593], [593, 594], [593, 597], [599, 600], [599, 603], [605, 606], [605, 608], [682, 683], [682, 699], [685, 686], [685, 689], [691, 692], [691, 694], [694, 695]], "missing_branches": [[694, 697]]}, "": {"executed_lines": [1, 3, 5, 6, 8, 13, 15, 19, 20, 49, 57, 75, 88, 147, 188, 218, 248, 278, 311, 344, 378, 408, 435, 473, 493, 494, 518, 526, 544, 557, 612, 621, 639, 648, 665, 674, 703], "summary": {"covered_lines": 33, "num_statements": 33, "percent_covered": 100.0, "percent_covered_display": "100", "missing_lines": 0, "excluded_lines": 2, "percent_statements_covered": 100.0, "percent_statements_covered_display": "100", "num_branches": 0, "num_partial_branches": 0, "covered_branches": 0, "missing_branches": 0, "percent_branches_covered": 100.0, "percent_branches_covered_display": "100"}, "missing_lines": [], "excluded_lines": [15, 16], "executed_branches": [], "missing_branches": []}}}, "src/graph_olap/instance/connection.py": {"executed_lines": [1, 3, 5, 7, 8, 10, 13, 14, 15, 18, 19, 45, 70, 71, 72, 73, 74, 75, 77, 81, 82, 83, 85, 88, 95, 96, 98, 99, 107, 108, 116, 117, 125, 126, 137, 141, 145, 149, 178, 179, 181, 184, 186, 188, 214, 237, 262, 274, 276, 278, 293, 299, 301, 303, 309, 334, 336, 337, 340, 341, 342, 343, 344, 350], "summary": {"covered_lines": 62, "num_statements": 89, "percent_covered": 65.71428571428571, "percent_covered_display": "66", "missing_lines": 27, "excluded_lines": 0, "percent_statements_covered": 69.66292134831461, "percent_statements_covered_display": "70", "num_branches": 16, "num_partial_branches": 5, "covered_branches": 7, "missing_branches": 9, "percent_branches_covered": 43.75, "percent_branches_covered_display": "44"}, "missing_lines": [84, 86, 105, 114, 123, 135, 139, 143, 147, 180, 182, 209, 210, 211, 212, 234, 235, 257, 258, 259, 260, 289, 291, 345, 346, 347, 348], "excluded_lines": [], "executed_branches": [[81, 82], [83, 85], [85, 88], [179, 181], [181, 184], [336, 337], [336, 340]], "missing_branches": [[81, 83], [83, 84], [85, 86], [179, 180], [181, 182], [210, 211], [210, 212], [258, 259], [258, 260]], "functions": {"InstanceConnection.__init__": {"executed_lines": [70, 71, 72, 73, 74, 75, 77, 81, 82, 83, 85, 88, 95, 96], "summary": {"covered_lines": 14, "num_statements": 16, "percent_covered": 77.27272727272727, "percent_covered_display": "77", "missing_lines": 2, "excluded_lines": 0, "percent_statements_covered": 87.5, "percent_statements_covered_display": "88", "num_branches": 6, "num_partial_branches": 3, "covered_branches": 3, "missing_branches": 3, "percent_branches_covered": 50.0, "percent_branches_covered_display": "50"}, "missing_lines": [84, 86], "excluded_lines": [], "executed_branches": [[81, 82], [83, 85], [85, 88]], "missing_branches": [[81, 83], [83, 84], [85, 86]]}, "InstanceConnection.id": {"executed_lines": [], "summary": {"covered_lines": 0, "num_statements": 1, "percent_covered": 0.0, "percent_covered_display": "0", "missing_lines": 1, "excluded_lines": 0, "percent_statements_covered": 0.0, "percent_statements_covered_display": "0", "num_branches": 0, "num_partial_branches": 0, "covered_branches": 0, "missing_branches": 0, "percent_branches_covered": 100.0, "percent_branches_covered_display": "100"}, "missing_lines": [105], "excluded_lines": [], "executed_branches": [], "missing_branches": []}, "InstanceConnection.name": {"executed_lines": [], "summary": {"covered_lines": 0, "num_statements": 1, "percent_covered": 0.0, "percent_covered_display": "0", "missing_lines": 1, "excluded_lines": 0, "percent_statements_covered": 0.0, "percent_statements_covered_display": "0", "num_branches": 0, "num_partial_branches": 0, "covered_branches": 0, "missing_branches": 0, "percent_branches_covered": 100.0, "percent_branches_covered_display": "100"}, "missing_lines": [114], "excluded_lines": [], "executed_branches": [], "missing_branches": []}, "InstanceConnection.snapshot_id": {"executed_lines": [], "summary": {"covered_lines": 0, "num_statements": 1, "percent_covered": 0.0, "percent_covered_display": "0", "missing_lines": 1, "excluded_lines": 0, "percent_statements_covered": 0.0, "percent_statements_covered_display": "0", "num_branches": 0, "num_partial_branches": 0, "covered_branches": 0, "missing_branches": 0, "percent_branches_covered": 100.0, "percent_branches_covered_display": "100"}, "missing_lines": [123], "excluded_lines": [], "executed_branches": [], "missing_branches": []}, "InstanceConnection.current_status": {"executed_lines": [], "summary": {"covered_lines": 0, "num_statements": 1, "percent_covered": 0.0, "percent_covered_display": "0", "missing_lines": 1, "excluded_lines": 0, "percent_statements_covered": 0.0, "percent_statements_covered_display": "0", "num_branches": 0, "num_partial_branches": 0, "covered_branches": 0, "missing_branches": 0, "percent_branches_covered": 100.0, "percent_branches_covered_display": "100"}, "missing_lines": [135], "excluded_lines": [], "executed_branches": [], "missing_branches": []}, "InstanceConnection.close": {"executed_lines": [], "summary": {"covered_lines": 0, "num_statements": 1, "percent_covered": 0.0, "percent_covered_display": "0", "missing_lines": 1, "excluded_lines": 0, "percent_statements_covered": 0.0, "percent_statements_covered_display": "0", "num_branches": 0, "num_partial_branches": 0, "covered_branches": 0, "missing_branches": 0, "percent_branches_covered": 100.0, "percent_branches_covered_display": "100"}, "missing_lines": [139], "excluded_lines": [], "executed_branches": [], "missing_branches": []}, "InstanceConnection.__enter__": {"executed_lines": [], "summary": {"covered_lines": 0, "num_statements": 1, "percent_covered": 0.0, "percent_covered_display": "0", "missing_lines": 1, "excluded_lines": 0, "percent_statements_covered": 0.0, "percent_statements_covered_display": "0", "num_branches": 0, "num_partial_branches": 0, "covered_branches": 0, "missing_branches": 0, "percent_branches_covered": 100.0, "percent_branches_covered_display": "100"}, "missing_lines": [143], "excluded_lines": [], "executed_branches": [], "missing_branches": []}, "InstanceConnection.__exit__": {"executed_lines": [], "summary": {"covered_lines": 0, "num_statements": 1, "percent_covered": 0.0, "percent_covered_display": "0", "missing_lines": 1, "excluded_lines": 0, "percent_statements_covered": 0.0, "percent_statements_covered_display": "0", "num_branches": 0, "num_partial_branches": 0, "covered_branches": 0, "missing_branches": 0, "percent_branches_covered": 100.0, "percent_branches_covered_display": "100"}, "missing_lines": [147], "excluded_lines": [], "executed_branches": [], "missing_branches": []}, "InstanceConnection.query": {"executed_lines": [178, 179, 181, 184, 186], "summary": {"covered_lines": 5, "num_statements": 7, "percent_covered": 63.63636363636363, "percent_covered_display": "64", "missing_lines": 2, "excluded_lines": 0, "percent_statements_covered": 71.42857142857143, "percent_statements_covered_display": "71", "num_branches": 4, "num_partial_branches": 2, "covered_branches": 2, "missing_branches": 2, "percent_branches_covered": 50.0, "percent_branches_covered_display": "50"}, "missing_lines": [180, 182], "excluded_lines": [], "executed_branches": [[179, 181], [181, 184]], "missing_branches": [[179, 180], [181, 182]]}, "InstanceConnection.query_df": {"executed_lines": [], "summary": {"covered_lines": 0, "num_statements": 4, "percent_covered": 0.0, "percent_covered_display": "0", "missing_lines": 4, "excluded_lines": 0, "percent_statements_covered": 0.0, "percent_statements_covered_display": "0", "num_branches": 2, "num_partial_branches": 0, "covered_branches": 0, "missing_branches": 2, "percent_branches_covered": 0.0, "percent_branches_covered_display": "0"}, "missing_lines": [209, 210, 211, 212], "excluded_lines": [], "executed_branches": [], "missing_branches": [[210, 211], [210, 212]]}, "InstanceConnection.query_scalar": {"executed_lines": [], "summary": {"covered_lines": 0, "num_statements": 2, "percent_covered": 0.0, "percent_covered_display": "0", "missing_lines": 2, "excluded_lines": 0, "percent_statements_covered": 0.0, "percent_statements_covered_display": "0", "num_branches": 0, "num_partial_branches": 0, "covered_branches": 0, "missing_branches": 0, "percent_branches_covered": 100.0, "percent_branches_covered_display": "100"}, "missing_lines": [234, 235], "excluded_lines": [], "executed_branches": [], "missing_branches": []}, "InstanceConnection.query_one": {"executed_lines": [], "summary": {"covered_lines": 0, "num_statements": 4, "percent_covered": 0.0, "percent_covered_display": "0", "missing_lines": 4, "excluded_lines": 0, "percent_statements_covered": 0.0, "percent_statements_covered_display": "0", "num_branches": 2, "num_partial_branches": 0, "covered_branches": 0, "missing_branches": 2, "percent_branches_covered": 0.0, "percent_branches_covered_display": "0"}, "missing_lines": [257, 258, 259, 260], "excluded_lines": [], "exe
[...]
 {"covered_lines": 13, "num_statements": 13, "percent_covered": 100.0, "percent_covered_display": "100", "missing_lines": 0, "excluded_lines": 2, "percent_statements_covered": 100.0, "percent_statements_covered_display": "100", "num_branches": 0, "num_partial_branches": 0, "covered_branches": 0, "missing_branches": 0, "percent_branches_covered": 100.0, "percent_branches_covered_display": "100"}, "missing_lines": [], "excluded_lines": [9, 10], "executed_branches": [], "missing_branches": []}}, "classes": {"SchemaResource": {"executed_lines": [59], "summary": {"covered_lines": 1, "num_statements": 17, "percent_covered": 5.882352941176471, "percent_covered_display": "6", "missing_lines": 16, "excluded_lines": 0, "percent_statements_covered": 5.882352941176471, "percent_statements_covered_display": "6", "num_branches": 0, "num_partial_branches": 0, "covered_branches": 0, "missing_branches": 0, "percent_branches_covered": 100.0, "percent_branches_covered_display": "100"}, "missing_lines": [74, 75, 96, 97, 120, 123, 147, 150, 170, 173, 193, 196, 217, 218, 236, 237], "excluded_lines": [], "executed_branches": [], "missing_branches": []}, "": {"executed_lines": [1, 3, 5, 7, 9, 13, 14, 53, 61, 77, 99, 125, 152, 175, 200, 220], "summary": {"covered_lines": 13, "num_statements": 13, "percent_covered": 100.0, "percent_covered_display": "100", "missing_lines": 0, "excluded_lines": 2, "percent_statements_covered": 100.0, "percent_statements_covered_display": "100", "num_branches": 0, "num_partial_branches": 0, "covered_branches": 0, "missing_branches": 0, "percent_branches_covered": 100.0, "percent_branches_covered_display": "100"}, "missing_lines": [], "excluded_lines": [9, 10], "executed_branches": [], "missing_branches": []}}}, "src/graph_olap/resources/snapshots.py": {"executed_lines": [1, 3, 5, 6, 7, 9, 10, 11, 13, 17, 18, 37, 43, 45, 78, 84, 85, 86, 88, 90, 91, 92, 94, 96, 99, 100, 107, 119, 120, 122, 152, 156, 157, 158, 160, 162, 165, 166, 168, 194, 206, 232, 241, 242, 244, 256, 257, 259, 280, 282, 283, 285, 286, 288, 289, 293, 295, 297, 337, 346, 348, 350, 353, 354, 355, 356, 357, 358, 360, 361, 363, 369], "summary": {"covered_lines": 69, "num_statements": 95, "percent_covered": 67.62589928057554, "percent_covered_display": "68", "missing_lines": 26, "excluded_lines": 2, "percent_statements_covered": 72.63157894736842, "percent_statements_covered_display": "73", "num_branches": 44, "num_partial_branches": 11, "covered_branches": 25, "missing_branches": 19, "percent_branches_covered": 56.81818181818182, "percent_branches_covered_display": "57"}, "missing_lines": [87, 89, 93, 95, 97, 159, 161, 163, 185, 186, 187, 188, 189, 191, 192, 204, 223, 224, 225, 226, 227, 229, 230, 364, 365, 371], "excluded_lines": [13, 14], "executed_branches": [[84, 85], [84, 86], [86, 88], [88, 90], [90, 91], [90, 92], [92, 94], [94, 96], [96, 99], [156, 157], [156, 158], [158, 160], [160, 162], [162, 165], [282, 283], [282, 295], [285, 286], [285, 288], [288, 289], [288, 293], [348, 350], [353, 354], [360, 361], [360, 363], [363, 369]], "missing_branches": [[86, 87], [88, 89], [92, 93], [94, 95], [96, 97], [158, 159], [160, 161], [162, 163], [186, 187], [186, 188], [188, 189], [188, 191], [224, 225], [224, 226], [226, 227], [226, 229], [348, 371], [353, 360], [363, 364]], "functions": {"SnapshotResource.__init__": {"executed_lines": [43], "summary": {"covered_lines": 1, "num_statements": 1, "percent_covered": 100.0, "percent_covered_display": "100", "missing_lines": 0, "excluded_lines": 0, "percent_statements_covered": 100.0, "percent_statements_covered_display": "100", "num_branches": 0, "num_partial_branches": 0, "covered_branches": 0, "missing_branches": 0, "percent_branches_covered": 100.0, "percent_branches_covered_display": "100"}, "missing_lines": [], "excluded_lines": [], "executed_branches": [], "missing_branches": []}, "SnapshotResource.list": {"executed_lines": [78, 84, 85, 86, 88, 90, 91, 92, 94, 96, 99, 100], "summary": {"covered_lines": 12, "num_statements": 17, "percent_covered": 67.74193548387096, "percent_covered_display": "68", "missing_lines": 5, "excluded_lines": 0, "percent_statements_covered": 70.58823529411765, "percent_statements_covered_display": "71", "num_branches": 14, "num_partial_branches": 5, "covered_branches": 9, "missing_branches": 5, "percent_branches_covered": 64.28571428571429, "percent_branches_covered_display": "64"}, "missing_lines": [87, 89, 93, 95, 97], "excluded_lines": [], "executed_branches": [[84, 85], [84, 86], [86, 88], [88, 90], [90, 91], [90, 92], [92, 94], [94, 96], [96, 99]], "missing_branches": [[86, 87], [88, 89], [92, 93], [94, 95], [96, 97]]}, "SnapshotResource.get": {"executed_lines": [119, 120], "summary": {"covered_lines": 2, "num_statements": 2, "percent_covered": 100.0, "percent_covered_display": "100", "missing_lines": 0, "excluded_lines": 0, "percent_statements_covered": 100.0, "percent_statements_covered_display": "100", "num_branches": 0, "num_partial_branches": 0, "covered_branches": 0, "missing_branches": 0, "percent_branches_covered": 100.0, "percent_branches_covered_display": "100"}, "missing_lines": [], "excluded_lines": [], "executed_branches": [], "missing_branches": []}, "SnapshotResource.create": {"executed_lines": [152, 156, 157, 158, 160, 162, 165, 166], "summary": {"covered_lines": 8, "num_statements": 11, "percent_covered": 68.42105263157895, "percent_covered_display": "68", "missing_lines": 3, "excluded_lines": 0, "percent_statements_covered": 72.72727272727273, "percent_statements_covered_display": "73", "num_branches": 8, "num_partial_branches": 3, "covered_branches": 5, "missing_branches": 3, "percent_branches_covered": 62.5, "percent_branches_covered_display": "62"}, "missing_lines": [159, 161, 163], "excluded_lines": [], "executed_branches": [[156, 157], [156, 158], [158, 160], [160, 162], [162, 165]], "missing_branches": [[158, 159], [160, 161], [162, 163]]}, "SnapshotResource.update": {"executed_lines": [], "summary": {"covered_lines": 0, "num_statements": 7, "percent_covered": 0.0, "percent_covered_display": "0", "missing_lines": 7, "excluded_lines": 0, "percent_statements_covered": 0.0, "percent_statements_covered_display": "0", "num_branches": 4, "num_partial_branches": 0, "covered_branches": 0, "missing_branches": 4, "percent_branches_covered": 0.0, "percent_branches_covered_display": "0"}, "missing_lines": [185, 186, 187, 188, 189, 191, 192], "excluded_lines": [], "executed_branches": [], "missing_branches": [[186, 187], [186, 188], [188, 189], [188, 191]]}, "SnapshotResource.delete": {"executed_lines": [], "summary": {"covered_lines": 0, "num_statements": 1, "percent_covered": 0.0, "percent_covered_display": "0", "missing_lines": 1, "excluded_lines": 0, "percent_statements_covered": 0.0, "percent_statements_covered_display": "0", "num_branches": 0, "num_partial_branches": 0, "covered_branches": 0, "missing_branches": 0, "percent_branches_covered": 100.0, "percent_branches_covered_display": "100"}, "missing_lines": [204], "excluded_lines": [], "executed_branches": [], "missing_branches": []}, "SnapshotResource.set_lifecycle": {"executed_lines": [], "summary": {"covered_lines": 0, "num_statements": 7, "percent_covered": 0.0, "percent_covered_display": "0", "missing_lines": 7, "excluded_lines": 0, "percent_statements_covered": 0.0, "percent_statements_covered_display": "0", "num_branches": 4, "num_partial_branches": 0, "covered_branches": 0, "missing_branches": 4, "percent_branches_covered": 0.0, "percent_branches_covered_display": "0"}, "missing_lines": [223, 224, 225, 226, 227, 229, 230], "excluded_lines": [], "executed_branches": [], "missing_branches": [[224, 225], [224, 226], [226, 227], [226, 229]]}, "SnapshotResource.get_progress": {"executed_lines": [241, 242], "summary": {"covered_lines": 2, "num_statements": 2, "percent_covered": 100.0, "percent_covered_display": "100", "missing_lines": 0, "excluded_lines": 0, "percent_statements_covered": 100.0, "percent_statements_covered_display": "100", "num_branches": 0, "num_partial_branches": 0, "covered_branches": 0, "missing_branches": 0, "percent_branches_covered": 100.0, "percent_branches_covered_display": "100"}, "missing_lines": [], "excluded_lines": [], "executed_branches": [], "missing_branches": []}, "SnapshotResource.retry": {"executed_lines": [256, 257], "summary": {"covered_lines": 2, "num_statements": 2, "percent_covered": 100.0, "percent_covered_display": "100", "missing_lines": 0, "excluded_lines": 0, "percent_statements_covered": 100.0, "percent_statements_covered_display": "100", "num_branches": 0, "num_partial_branches": 0, "covered_branches": 0, "missing_branches": 0, "percent_branches_covered": 100.0, "percent_branches_covered_display": "100"}, "missing_lines": [], "excluded_lines": [], "executed_branches": [], "missing_branches": []}, "SnapshotResource.wait_until_ready": {"executed_lines": [280, 282, 283, 285, 286, 288, 289, 293, 295], "summary": {"covered_lines": 9, "num_statements": 9, "percent_covered": 100.0, "percent_covered_display": "100", "missing_lines": 0, "excluded_lines": 0, "percent_statements_covered": 100.0, "percent_statements_covered_display": "100", "num_branches": 6, "num_partial_branches": 0, "covered_branches": 6, "missing_branches": 0, "percent_branches_covered": 100.0, "percent_branches_covered_display": "100"}, "missing_lines": [], "excluded_lines": [], "executed_branches": [[282, 283], [282, 295], [285, 286], [285, 288], [288, 289], [288, 293]], "missing_branches": []}, "SnapshotResource.create_and_wait": {"executed_lines": [337, 346, 348, 350, 353, 354, 355, 356, 357, 358, 360, 361, 363, 369], "summary": {"covered_lines": 14, "num_statements": 17, "percent_covered": 76.0, "percent_covered_display": "76", "missing_lines": 3, "excluded_lines": 0, "percent_statements_covered": 82.3529411764706, "percent_statements_covered_display": "82", "num_branches": 8, "num_partial_branches": 3, "covered_branches": 5, "missing_branches": 3, "percent_branches_covered": 62.5, "percent_branches_covered_display": "62"}, "missing_lines": [364, 365, 371], "excluded_lines": [], "executed_branches": [[348, 350], [353, 354], [360, 361], [360, 363], [363, 369]], "missing_branches": [[348, 371], [353, 360], [363, 364]]}, "": {"executed_lines": [1, 3, 5, 6, 7, 9, 10, 11, 13, 17, 18, 37, 45, 107, 122, 168, 194, 206, 232, 244, 259, 297], "summary": {"covered_lines": 19, "num_statements": 19, "percent_covered": 100.0, "percent_covered_display": "100", "missing_lines": 0, "excluded_lines": 2, "percent_statements_covered": 100.0, "percent_statements_covered_display": "100", "num_branches": 0, "num_partial_branches": 0, "covered_branches": 0, "missing_branches": 0, "percent_branches_covered": 100.0, "percent_branches_covered_display": "100"}, "missing_lines": [], "excluded_lines": [13, 14], "executed_branches": [], "missing_branches": []}}, "classes": {"SnapshotResource": {"executed_lines": [43, 78, 84, 85, 86, 88, 90, 91, 92, 94, 96, 99, 100, 119, 120, 152, 156, 157, 158, 160, 162, 165, 166, 241, 242, 256, 257, 280, 282, 283, 285, 286, 288, 289, 293, 295, 337, 346, 348, 350, 353, 354, 355, 356, 357, 358, 360, 361, 363, 369], "summary": {"covered_lines": 50, "num_statements": 76, "percent_covered": 62.5, "percent_covered_display": "62", "missing_lines": 26, "excluded_lines": 0, "percent_statements_covered": 65.78947368421052, "percent_statements_covered_display": "66", "num_branches": 44, "num_partial_branches": 11, "covered_branches": 25, "missing_branches": 19, "percent_branches_covered": 56.81818181818182, "percent_branches_covered_display": "57"}, "missing_lines": [87, 89, 93, 95, 97, 159, 161, 163, 185, 186, 187, 188, 189, 191, 192, 204, 223, 224, 225, 226, 227, 229, 230, 364, 365, 371], "excluded_lines": [], "executed_branches": [[84, 85], [84, 86], [86, 88], [88, 90], [90, 91], [90, 92], [92, 94], [94, 96], [96, 99], [156, 157], [156, 158], [158, 160], [160, 162], [162, 165], [282, 283], [282, 295], [285, 286], [285, 288], [288, 289], [288, 293], [348, 350], [353, 354], [360, 361], [360, 363], [363, 369]], "missing_branches": [[86, 87], [88, 89], [92, 93], [94, 95], [96, 97], [158, 159], [160, 161], [162, 163], [186, 187], [186, 188], [188, 189], [188, 191], [224, 225], [224, 226], [226, 227], [226, 229], [348, 371], [353, 360], [363, 364]]}, "": {"executed_lines": [1, 3, 5, 6, 7, 9, 10, 11, 13, 17, 18, 37, 45, 107, 122, 168, 194, 206, 232, 244, 259, 297], "summary": {"covered_lines": 19, "num_statements": 19, "percent_covered": 100.0, "percent_covered_display": "100", "missing_lines": 0, "excluded_lines": 2, "percent_statements_covered": 100.0, "percent_statements_covered_display": "100", "num_branches": 0, "num_partial_branches": 0, "covered_branches": 0, "missing_branches": 0, "percent_branches_covered": 100.0, "percent_branches_covered_display": "100"}, "missing_lines": [], "excluded_lines": [13, 14], "executed_branches": [], "missing_branches": []}}}, "src/graph_olap/utils/__init__.py": {"executed_lines": [1], "summary": {"covered_lines": 0, "num_statements": 0, "percent_covered": 100.0, "percent_covered_display": "100", "missing_lines": 0, "excluded_lines": 0, "percent_statements_covered": 100.0, "percent_statements_covered_display": "100", "num_branches": 0, "num_partial_branches": 0, "covered_branches": 0, "missing_branches": 0, "percent_branches_covered": 100.0, "percent_branches_covered_display": "100"}, "missing_lines": [], "excluded_lines": [], "executed_branches": [], "missing_branches": [], "functions": {"": {"executed_lines": [1], "summary": {"covered_lines": 0, "num_statements": 0, "percent_covered": 100.0, "percent_covered_display": "100", "missing_lines": 0, "excluded_lines": 0, "percent_statements_covered": 100.0, "percent_statements_covered_display": "100", "num_branches": 0, "num_partial_branches": 0, "covered_branches": 0, "missing_branches": 0, "percent_branches_covered": 100.0, "percent_branches_covered_display": "100"}, "missing_lines": [], "excluded_lines": [], "executed_branches": [], "missing_branches": []}}, "classes": {"": {"executed_lines": [1], "summary": {"covered_lines": 0, "num_statements": 0, "percent_covered": 100.0, "percent_covered_display": "100", "missing_lines": 0, "excluded_lines": 0, "percent_statements_covered": 100.0, "percent_statements_covered_display": "100", "num_branches": 0, "num_partial_branches": 0, "covered_branches": 0, "missing_branches": 0, "percent_branches_covered": 100.0, "percent_branches_covered_display": "100"}, "missing_lines": [], "excluded_lines": [], "executed_branches": [], "missing_branches": []}}}, "src/graph_olap/utils/diff.py": {"executed_lines": [1, 7, 9, 11, 15, 30, 31, 32, 33, 36, 41, 57, 58, 59, 60, 63, 64, 67, 68, 69, 70, 71, 72, 73, 74, 77, 78, 81, 85, 86, 87, 90, 106, 108, 109, 116, 117, 124, 125, 132, 133, 140, 148, 149, 156], "summary": {"covered_lines": 43, "num_statements": 45, "percent_covered": 94.66666666666667, "percent_covered_display": "95", "missing_lines": 2, "excluded_lines": 2, "percent_statements_covered": 95.55555555555556, "percent_statements_covered_display": "96", "num_branches": 30, "num_partial_branches": 2, "covered_branches": 28, "missing_branches": 2, "percent_branches_covered": 93.33333333333333, "percent_branches_covered_display": "93"}, "missing_lines": [82, 141], "excluded_lines": [11, 12], "executed_branches": [[57, 58], [57, 63], [59, 57], [59, 60], [63, 64], [63, 67], [67, 68], [67, 77], [70, 67], [70, 71], [71, 67], [71, 72], [77, 78], [77, 81], [81, 85], [85, -41], [85, 86], [108, 109], [108, 116], [116, 117], [116, 124], [124, 125], [124, 132], [132, 133], [132, 140], [140, 148], [148, 149], [148, 156]], "missing_branches": [[81, 82], [140, 141]], "functions": {"render_diff_summary": {"executed_lines": [30, 31, 32, 33, 36], "summary": {"covered_lines": 5, "num_statements": 5, "percent_covered": 100.0, "percent_covered_display": "100", "missing_lines": 0, "excluded_lines": 0, "percent_statements_covered": 100.0, "percent_statements_covered_display": "100", "num_branches": 0, "num_partial_branches": 0, "covered_branches": 0, "missing_branches": 0, "percent_branches_covered": 100.0, "percent_branches_covered_display": "100"}, "missing_lines": [], "excluded_lines": [], "executed_branches": [], "missing_branches": []}, "render_diff_details": {"executed_lines": [57, 58, 59, 60, 63, 64, 67, 68, 69, 70, 71, 72, 73, 74, 77, 78, 81, 85, 86, 87], "summary": {"covered_lines": 20, "num_statements": 21, "percent_covered": 94.87179487179488, "percent_covered_display": "95", "missing_lines": 1, "excluded_lines": 0, "percent_statements_covered": 95.23809523809524, "percent_statements_covered_display": "95", "num_branches": 18, "num_partial_branches": 1, "covered_branches": 17, "missing_branches": 1, "percent_branches_covered": 94.44444444444444, "percent_branches_covered_display": "94"}, "missing_lines": [82], "excluded_lines": [], "executed_branches": [[57, 58], [57, 63], [59, 57], [59, 60], [63, 64], [63, 67], [67, 68], [67, 77], [70, 67], [70, 71], [71, 67], [71, 72], [77, 78], [77, 81], [81, 85], [85, -41], [85, 86]], "missing_branches": [[81, 82]]}, "diff_to_dict": {"executed_lines": [106, 108, 109, 116, 117, 124, 125, 132, 133, 140, 148, 149, 156], "summary": {"covered_lines": 13, "num_statements": 14, "percent_covered": 92.3076923076923, "percent_covered_display": "92", "missing_lines": 1, "excluded_lines": 0, "percent_statements_covered": 92.85714285714286, "percent_statements_covered_display": "93", "num_branches": 12, "num_partial_branches": 1, "covered_branches": 11, "missing_branches": 1, "percent_branches_covered": 91.66666666666667, "percent_branches_covered_display": "92"}, "missing_lines": [141], "excluded_lines": [], "executed_branches": [[108, 109], [108, 116], [116, 117], [116, 124], [124, 125], [124, 132], [132, 133], [132, 140], [140, 148], [148, 149], [148, 156]], "missing_branches": [[140, 141]]}, "": {"executed_lines": [1, 7, 9, 11, 15, 41, 90], "summary": {"covered_lines": 5, "num_statements": 5, "percent_covered": 100.0, "percent_covered_display": "100", "missing_lines": 0, "excluded_lines": 2, "percent_statements_covered": 100.0, "percent_statements_covered_display": "100", "num_branches": 0, "num_partial_branches": 0, "covered_branches": 0, "missing_branches": 0, "percent_branches_covered": 100.0, "percent_branches_covered_display": "100"}, "missing_lines": [], "excluded_lines": [11, 12], "executed_branches": [], "missing_branches": []}}, "classes": {"": {"executed_lines": [1, 7, 9, 11, 15, 30, 31, 32, 33, 36, 41, 57, 58, 59, 60, 63, 64, 67, 68, 69, 70, 71, 72, 73, 74, 77, 78, 81, 85, 86, 87, 90, 106, 108, 109, 116, 117, 124, 125, 132, 133, 140, 148, 149, 156], "summary": {"covered_lines": 43, "num_statements": 45, "percent_covered": 94.66666666666667, "percent_covered_display": "95", "missing_lines": 2, "excluded_lines": 2, "percent_statements_covered": 95.55555555555556, "percent_statements_covered_display": "96", "num_branches": 30, "num_partial_branches": 2, "covered_branches": 28, "missing_branches": 2, "percent_branches_covered": 93.33333333333333, "percent_branches_covered_display": "93"}, "missing_lines": [82, 141], "excluded_lines": [11, 12], "executed_branches": [[57, 58], [57, 63], [59, 57], [59, 60], [63, 64], [63, 67], [67, 68], [67, 77], [70, 67], [70, 71], [71, 67], [71, 72], [77, 78], [77, 81], [81, 85], [85, -41], [85, 86], [108, 109], [108, 116], [116, 117], [116, 124], [124, 125], [124, 132], [132, 133], [132, 140], [140, 148], [148, 149], [148, 156]], "missing_branches": [[81, 82], [140, 141]]}}}}, "totals": {"covered_lines": 1485, "num_statements": 1867, "percent_covered": 76.00172339508832, "percent_covered_display": "76", "missing_lines": 382, "excluded_lines": 24, "percent_statements_covered": 79.53936797000536, "percent_statements_covered_display": "80", "num_branches": 454, "num_partial_branches": 81, "covered_branches": 279, "missing_branches": 175, "percent_branches_covered": 61.45374449339207, "percent_branches_covered_display": "61"}}